<?xml version="1.0" encoding="UTF-8"?>
<!-- Generated by org.testng.reporters.JUnitXMLReporter -->
<testsuite hostname="DESKTOP-V1TVAK6" name="Test2" tests="2" failures="0" timestamp="9 Sep 2023 06:12:19 GMT" time="16.795" errors="0">
  <testcase name="@BeforeClass beforeclass" time="0.0" classname="org.sample.Sample1">
    <failure type="java.lang.StackOverflowError">
      <![CDATA[java.lang.StackOverflowError
	at org.base.BaseClass.edgeBrowser(BaseClass.java:39)
	at org.base.BaseClass.edgeBrowser(BaseClass.java:39)
	at org.base.BaseClass.edgeBrowser(BaseClass.java:39)
	at org.base.BaseClass.edgeBrowser(BaseClass.java:39)
	at org.base.BaseClass.edgeBrowser(BaseClass.java:39)
	at org.base.BaseClass.edgeBrowser(BaseClass.java:39)
	at org.base.BaseClass.edgeBrowser(BaseClass.java:39)
	at org.base.BaseClass.edgeBrowser(BaseClass.java:39)
	at org.base.BaseClass.edgeBrowser(BaseClass.java:39)
	at org.base.BaseClass.edgeBrowser(BaseClass.java:39)
	at org.base.BaseClass.edgeBrowser(BaseClass.java:39)
	at org.base.BaseClass.edgeBrowser(BaseClass.java:39)
	at org.base.BaseClass.edgeBrowser(BaseClass.java:39)
	at org.base.BaseClass.edgeBrowser(BaseClass.java:39)
	at org.base.BaseClass.edgeBrowser(BaseClass.java:39)
	at org.base.BaseClass.edgeBrowser(BaseClass.java:39)
	at org.base.BaseClass.edgeBrowser(BaseClass.java:39)
	at org.base.BaseClass.edgeBrowser(BaseClass.java:39)
	at org.base.BaseClass.edgeBrowser(BaseClass.java:39)
	at org.base.BaseClass.edgeBrowser(BaseClass.java:39)
	at org.base.BaseClass.edgeBrowser(BaseClass.java:39)
	at org.base.BaseClass.edgeBrowser(BaseClass.java:39)
	at org.base.BaseClass.edgeBrowser(BaseClass.java:39)
	at org.base.BaseClass.edgeBrowser(BaseClass.java:39)
	at org.base.BaseClass.edgeBrowser(BaseClass.java:39)
	at org.base.BaseClass.edgeBrowser(BaseClass.java:39)
	at org.base.BaseClass.edgeBrowser(BaseClass.java:39)
	at org.base.BaseClass.edgeBrowser(BaseClass.java:39)
	at org.base.BaseClass.edgeBrowser(BaseClass.java:39)
	at org.base.BaseClass.edgeBrowser(BaseClass.java:39)
	at org.base.BaseClass.edgeBrowser(BaseClass.java:39)
	at org.base.BaseClass.edgeBrowser(BaseClass.java:39)
	at org.base.BaseClass.edgeBrowser(BaseClass.java:39)
	at org.base.BaseClass.edgeBrowser(BaseClass.java:39)
	at org.base.BaseClass.edgeBrowser(BaseClass.java:39)
	at org.base.BaseClass.edgeBrowser(BaseClass.java:39)
	at org.base.BaseClass.edgeBrowser(BaseClass.java:39)
	at org.base.BaseClass.edgeBrowser(BaseClass.java:39)
	at org.base.BaseClass.edgeBrowser(BaseClass.java:39)
	at org.base.BaseClass.edgeBrowser(BaseClass.java:39)
	at org.base.BaseClass.edgeBrowser(BaseClass.java:39)
	at org.base.BaseClass.edgeBrowser(BaseClass.java:39)
	at org.base.BaseClass.edgeBrowser(BaseClass.java:39)
	at org.base.BaseClass.edgeBrowser(BaseClass.java:39)
	at org.base.BaseClass.edgeBrowser(BaseClass.java:39)
	at org.base.BaseClass.edgeBrowser(BaseClass.java:39)
	at org.base.BaseClass.edgeBrowser(BaseClass.java:39)
	at org.base.BaseClass.edgeBrowser(BaseClass.java:39)
	at org.base.BaseClass.edgeBrowser(BaseClass.java:39)
	at org.base.BaseClass.edgeBrowser(BaseClass.java:39)
	at org.base.BaseClass.edgeBrowser(BaseClass.java:39)
	at org.base.BaseClass.edgeBrowser(BaseClass.java:39)
	at org.base.BaseClass.edgeBrowser(BaseClass.java:39)
	at org.base.BaseClass.edgeBrowser(BaseClass.java:39)
	at org.base.BaseClass.edgeBrowser(BaseClass.java:39)
	at org.base.BaseClass.edgeBrowser(BaseClass.java:39)
	at org.base.BaseClass.edgeBrowser(BaseClass.java:39)
	at org.base.BaseClass.edgeBrowser(BaseClass.java:39)
	at org.base.BaseClass.edgeBrowser(BaseClass.java:39)
	at org.base.BaseClass.edgeBrowser(BaseClass.java:39)
	at org.base.BaseClass.edgeBrowser(BaseClass.java:39)
	at org.base.BaseClass.edgeBrowser(BaseClass.java:39)
	at org.base.BaseClass.edgeBrowser(BaseClass.java:39)
	at org.base.BaseClass.edgeBrowser(BaseClass.java:39)
	at org.base.BaseClass.edgeBrowser(BaseClass.java:39)
	at org.base.BaseClass.edgeBrowser(BaseClass.java:39)
	at org.base.BaseClass.edgeBrowser(BaseClass.java:39)
	at org.base.BaseClass.edgeBrowser(BaseClass.java:39)
	at org.base.BaseClass.edgeBrowser(BaseClass.java:39)
	at org.base.BaseClass.edgeBrowser(BaseClass.java:39)
	at org.base.BaseClass.edgeBrowser(BaseClass.java:39)
	at org.base.BaseClass.edgeBrowser(BaseClass.java:39)
	at org.base.BaseClass.edgeBrowser(BaseClass.java:39)
	at org.base.BaseClass.edgeBrowser(BaseClass.java:39)
	at org.base.BaseClass.edgeBrowser(BaseClass.java:39)
	at org.base.BaseClass.edgeBrowser(BaseClass.java:39)
	at org.base.BaseClass.edgeBrowser(BaseClass.java:39)
	at org.base.BaseClass.edgeBrowser(BaseClass.java:39)
	at org.base.BaseClass.edgeBrowser(BaseClass.java:39)
	at org.base.BaseClass.edgeBrowser(BaseClass.java:39)
	at org.base.BaseClass.edgeBrowser(BaseClass.java:39)
	at org.base.BaseClass.edgeBrowser(BaseClass.java:39)
	at org.base.BaseClass.edgeBrowser(BaseClass.java:39)
	at org.base.BaseClass.edgeBrowser(BaseClass.java:39)
	at org.base.BaseClass.edgeBrowser(BaseClass.java:39)
	at org.base.BaseClass.edgeBrowser(BaseClass.java:39)
	at org.base.BaseClass.edgeBrowser(BaseClass.java:39)
	at org.base.BaseClass.edgeBrowser(BaseClass.java:39)
	at org.base.BaseClass.edgeBrowser(BaseClass.java:39)
	at org.base.BaseClass.edgeBrowser(BaseClass.java:39)
	at org.base.BaseClass.edgeBrowser(BaseClass.java:39)
	at org.base.BaseClass.edgeBrowser(BaseClass.java:39)
	at org.base.BaseClass.edgeBrowser(BaseClass.java:39)
	at org.base.BaseClass.edgeBrowser(BaseClass.java:39)
	at org.base.BaseClass.edgeBrowser(BaseClass.java:39)
	at org.base.BaseClass.edgeBrowser(BaseClass.java:39)
	at org.base.BaseClass.edgeBrowser(BaseClass.java:39)
	at org.base.BaseClass.edgeBrowser(BaseClass.java:39)
	at org.base.BaseClass.edgeBrowser(BaseClass.java:39)
	at org.base.BaseClass.edgeBrowser(BaseClass.java:39)
	at org.base.BaseClass.edgeBrowser(BaseClass.java:39)
	at org.base.BaseClass.edgeBrowser(BaseClass.java:39)
	at org.base.BaseClass.edgeBrowser(BaseClass.java:39)
	at org.base.BaseClass.edgeBrowser(BaseClass.java:39)
	at org.base.BaseClass.edgeBrowser(BaseClass.java:39)
	at org.base.BaseClass.edgeBrowser(BaseClass.java:39)
	at org.base.BaseClass.edgeBrowser(BaseClass.java:39)
	at org.base.BaseClass.edgeBrowser(BaseClass.java:39)
	at org.base.BaseClass.edgeBrowser(BaseClass.java:39)
	at org.base.BaseClass.edgeBrowser(BaseClass.java:39)
	at org.base.BaseClass.edgeBrowser(BaseClass.java:39)
	at org.base.BaseClass.edgeBrowser(BaseClass.java:39)
	at org.base.BaseClass.edgeBrowser(BaseClass.java:39)
	at org.base.BaseClass.edgeBrowser(BaseClass.java:39)
	at org.base.BaseClass.edgeBrowser(BaseClass.java:39)
	at org.base.BaseClass.edgeBrowser(BaseClass.java:39)
	at org.base.BaseClass.edgeBrowser(BaseClass.java:39)
	at org.base.BaseClass.edgeBrowser(BaseClass.java:39)
	at org.base.BaseClass.edgeBrowser(BaseClass.java:39)
	at org.base.BaseClass.edgeBrowser(BaseClass.java:39)
	at org.base.BaseClass.edgeBrowser(BaseClass.java:39)
	at org.base.BaseClass.edgeBrowser(BaseClass.java:39)
	at org.base.BaseClass.edgeBrowser(BaseClass.java:39)
	at org.base.BaseClass.edgeBrowser(BaseClass.java:39)
	at org.base.BaseClass.edgeBrowser(BaseClass.java:39)
	at org.base.BaseClass.edgeBrowser(BaseClass.java:39)
	at org.base.BaseClass.edgeBrowser(BaseClass.java:39)
	at org.base.BaseClass.edgeBrowser(BaseClass.java:39)
	at org.base.BaseClass.edgeBrowser(BaseClass.java:39)
	at org.base.BaseClass.edgeBrowser(BaseClass.java:39)
	at org.base.BaseClass.edgeBrowser(BaseClass.java:39)
	at org.base.BaseClass.edgeBrowser(BaseClass.java:39)
	at org.base.BaseClass.edgeBrowser(BaseClass.java:39)
	at org.base.BaseClass.edgeBrowser(BaseClass.java:39)
	at org.base.BaseClass.edgeBrowser(BaseClass.java:39)
	at org.base.BaseClass.edgeBrowser(BaseClass.java:39)
	at org.base.BaseClass.edgeBrowser(BaseClass.java:39)
	at org.base.BaseClass.edgeBrowser(BaseClass.java:39)
	at org.base.BaseClass.edgeBrowser(BaseClass.java:39)
	at org.base.BaseClass.edgeBrowser(BaseClass.java:39)
	at org.base.BaseClass.edgeBrowser(BaseClass.java:39)
	at org.base.BaseClass.edgeBrowser(BaseClass.java:39)
	at org.base.BaseClass.edgeBrowser(BaseClass.java:39)
	at org.base.BaseClass.edgeBrowser(BaseClass.java:39)
	at org.base.BaseClass.edgeBrowser(BaseClass.java:39)
	at org.base.BaseClass.edgeBrowser(BaseClass.java:39)
	at org.base.BaseClass.edgeBrowser(BaseClass.java:39)
	at org.base.BaseClass.edgeBrowser(BaseClass.java:39)
	at org.base.BaseClass.edgeBrowser(BaseClass.java:39)
	at org.base.BaseClass.edgeBrowser(BaseClass.java:39)
	at org.base.BaseClass.edgeBrowser(BaseClass.java:39)
	at org.base.BaseClass.edgeBrowser(BaseClass.java:39)
	at org.base.BaseClass.edgeBrowser(BaseClass.java:39)
	at org.base.BaseClass.edgeBrowser(BaseClass.java:39)
	at org.base.BaseClass.edgeBrowser(BaseClass.java:39)
	at org.base.BaseClass.edgeBrowser(BaseClass.java:39)
	at org.base.BaseClass.edgeBrowser(BaseClass.java:39)
	at org.base.BaseClass.edgeBrowser(BaseClass.java:39)
	at org.base.BaseClass.edgeBrowser(BaseClass.java:39)
	at org.base.BaseClass.edgeBrowser(BaseClass.java:39)
	at org.base.BaseClass.edgeBrowser(BaseClass.java:39)
	at org.base.BaseClass.edgeBrowser(BaseClass.java:39)
	at org.base.BaseClass.edgeBrowser(BaseClass.java:39)
	at org.base.BaseClass.edgeBrowser(BaseClass.java:39)
	at org.base.BaseClass.edgeBrowser(BaseClass.java:39)
	at org.base.BaseClass.edgeBrowser(BaseClass.java:39)
	at org.base.BaseClass.edgeBrowser(BaseClass.java:39)
	at org.base.BaseClass.edgeBrowser(BaseClass.java:39)
	at org.base.BaseClass.edgeBrowser(BaseClass.java:39)
	at org.base.BaseClass.edgeBrowser(BaseClass.java:39)
	at org.base.BaseClass.edgeBrowser(BaseClass.java:39)
	at org.base.BaseClass.edgeBrowser(BaseClass.java:39)
	at org.base.BaseClass.edgeBrowser(BaseClass.java:39)
	at org.base.BaseClass.edgeBrowser(BaseClass.java:39)
	at org.base.BaseClass.edgeBrowser(BaseClass.java:39)
	at org.base.BaseClass.edgeBrowser(BaseClass.java:39)
	at org.base.BaseClass.edgeBrowser(BaseClass.java:39)
	at org.base.BaseClass.edgeBrowser(BaseClass.java:39)
	at org.base.BaseClass.edgeBrowser(BaseClass.java:39)
	at org.base.BaseClass.edgeBrowser(BaseClass.java:39)
	at org.base.BaseClass.edgeBrowser(BaseClass.java:39)
	at org.base.BaseClass.edgeBrowser(BaseClass.java:39)
	at org.base.BaseClass.edgeBrowser(BaseClass.java:39)
	at org.base.BaseClass.edgeBrowser(BaseClass.java:39)
	at org.base.BaseClass.edgeBrowser(BaseClass.java:39)
	at org.base.BaseClass.edgeBrowser(BaseClass.java:39)
	at org.base.BaseClass.edgeBrowser(BaseClass.java:39)
	at org.base.BaseClass.edgeBrowser(BaseClass.java:39)
	at org.base.BaseClass.edgeBrowser(BaseClass.java:39)
	at org.base.BaseClass.edgeBrowser(BaseClass.java:39)
	at org.base.BaseClass.edgeBrowser(BaseClass.java:39)
	at org.base.BaseClass.edgeBrowser(BaseClass.java:39)
	at org.base.BaseClass.edgeBrowser(BaseClass.java:39)
	at org.base.BaseClass.edgeBrowser(BaseClass.java:39)
	at org.base.BaseClass.edgeBrowser(BaseClass.java:39)
	at org.base.BaseClass.edgeBrowser(BaseClass.java:39)
	at org.base.BaseClass.edgeBrowser(BaseClass.java:39)
	at org.base.BaseClass.edgeBrowser(BaseClass.java:39)
	at org.base.BaseClass.edgeBrowser(BaseClass.java:39)
	at org.base.BaseClass.edgeBrowser(BaseClass.java:39)
	at org.base.BaseClass.edgeBrowser(BaseClass.java:39)
	at org.base.BaseClass.edgeBrowser(BaseClass.java:39)
	at org.base.BaseClass.edgeBrowser(BaseClass.java:39)
	at org.base.BaseClass.edgeBrowser(BaseClass.java:39)
	at org.base.BaseClass.edgeBrowser(BaseClass.java:39)
	at org.base.BaseClass.edgeBrowser(BaseClass.java:39)
	at org.base.BaseClass.edgeBrowser(BaseClass.java:39)
	at org.base.BaseClass.edgeBrowser(BaseClass.java:39)
	at org.base.BaseClass.edgeBrowser(BaseClass.java:39)
	at org.base.BaseClass.edgeBrowser(BaseClass.java:39)
	at org.base.BaseClass.edgeBrowser(BaseClass.java:39)
	at org.base.BaseClass.edgeBrowser(BaseClass.java:39)
	at org.base.BaseClass.edgeBrowser(BaseClass.java:39)
	at org.base.BaseClass.edgeBrowser(BaseClass.java:39)
	at org.base.BaseClass.edgeBrowser(BaseClass.java:39)
	at org.base.BaseClass.edgeBrowser(BaseClass.java:39)
	at org.base.BaseClass.edgeBrowser(BaseClass.java:39)
	at org.base.BaseClass.edgeBrowser(BaseClass.java:39)
	at org.base.BaseClass.edgeBrowser(BaseClass.java:39)
	at org.base.BaseClass.edgeBrowser(BaseClass.java:39)
	at org.base.BaseClass.edgeBrowser(BaseClass.java:39)
	at org.base.BaseClass.edgeBrowser(BaseClass.java:39)
	at org.base.BaseClass.edgeBrowser(BaseClass.java:39)
	at org.base.BaseClass.edgeBrowser(BaseClass.java:39)
	at org.base.BaseClass.edgeBrowser(BaseClass.java:39)
	at org.base.BaseClass.edgeBrowser(BaseClass.java:39)
	at org.base.BaseClass.edgeBrowser(BaseClass.java:39)
	at org.base.BaseClass.edgeBrowser(BaseClass.java:39)
	at org.base.BaseClass.edgeBrowser(BaseClass.java:39)
	at org.base.BaseClass.edgeBrowser(BaseClass.java:39)
	at org.base.BaseClass.edgeBrowser(BaseClass.java:39)
	at org.base.BaseClass.edgeBrowser(BaseClass.java:39)
	at org.base.BaseClass.edgeBrowser(BaseClass.java:39)
	at org.base.BaseClass.edgeBrowser(BaseClass.java:39)
	at org.base.BaseClass.edgeBrowser(BaseClass.java:39)
	at org.base.BaseClass.edgeBrowser(BaseClass.java:39)
	at org.base.BaseClass.edgeBrowser(BaseClass.java:39)
	at org.base.BaseClass.edgeBrowser(BaseClass.java:39)
	at org.base.BaseClass.edgeBrowser(BaseClass.java:39)
	at org.base.BaseClass.edgeBrowser(BaseClass.java:39)
	at org.base.BaseClass.edgeBrowser(BaseClass.java:39)
	at org.base.BaseClass.edgeBrowser(BaseClass.java:39)
	at org.base.BaseClass.edgeBrowser(BaseClass.java:39)
	at org.base.BaseClass.edgeBrowser(BaseClass.java:39)
	at org.base.BaseClass.edgeBrowser(BaseClass.java:39)
	at org.base.BaseClass.edgeBrowser(BaseClass.java:39)
	at org.base.BaseClass.edgeBrowser(BaseClass.java:39)
	at org.base.BaseClass.edgeBrowser(BaseClass.java:39)
	at org.base.BaseClass.edgeBrowser(BaseClass.java:39)
	at org.base.BaseClass.edgeBrowser(BaseClass.java:39)
	at org.base.BaseClass.edgeBrowser(BaseClass.java:39)
	at org.base.BaseClass.edgeBrowser(BaseClass.java:39)
	at org.base.BaseClass.edgeBrowser(BaseClass.java:39)
	at org.base.BaseClass.edgeBrowser(BaseClass.java:39)
	at org.base.BaseClass.edgeBrowser(BaseClass.java:39)
	at org.base.BaseClass.edgeBrowser(BaseClass.java:39)
	at org.base.BaseClass.edgeBrowser(BaseClass.java:39)
	at org.base.BaseClass.edgeBrowser(BaseClass.java:39)
	at org.base.BaseClass.edgeBrowser(BaseClass.java:39)
	at org.base.BaseClass.edgeBrowser(BaseClass.java:39)
	at org.base.BaseClass.edgeBrowser(BaseClass.java:39)
	at org.base.BaseClass.edgeBrowser(BaseClass.java:39)
	at org.base.BaseClass.edgeBrowser(BaseClass.java:39)
	at org.base.BaseClass.edgeBrowser(BaseClass.java:39)
	at org.base.BaseClass.edgeBrowser(BaseClass.java:39)
	at org.base.BaseClass.edgeBrowser(BaseClass.java:39)
	at org.base.BaseClass.edgeBrowser(BaseClass.java:39)
	at org.base.BaseClass.edgeBrowser(BaseClass.java:39)
	at org.base.BaseClass.edgeBrowser(BaseClass.java:39)
	at org.base.BaseClass.edgeBrowser(BaseClass.java:39)
	at org.base.BaseClass.edgeBrowser(BaseClass.java:39)
	at org.base.BaseClass.edgeBrowser(BaseClass.java:39)
	at org.base.BaseClass.edgeBrowser(BaseClass.java:39)
	at org.base.BaseClass.edgeBrowser(BaseClass.java:39)
	at org.base.BaseClass.edgeBrowser(BaseClass.java:39)
	at org.base.BaseClass.edgeBrowser(BaseClass.java:39)
	at org.base.BaseClass.edgeBrowser(BaseClass.java:39)
	at org.base.BaseClass.edgeBrowser(BaseClass.java:39)
	at org.base.BaseClass.edgeBrowser(BaseClass.java:39)
	at org.base.BaseClass.edgeBrowser(BaseClass.java:39)
	at org.base.BaseClass.edgeBrowser(BaseClass.java:39)
	at org.base.BaseClass.edgeBrowser(BaseClass.java:39)
	at org.base.BaseClass.edgeBrowser(BaseClass.java:39)
	at org.base.BaseClass.edgeBrowser(BaseClass.java:39)
	at org.base.BaseClass.edgeBrowser(BaseClass.java:39)
	at org.base.BaseClass.edgeBrowser(BaseClass.java:39)
	at org.base.BaseClass.edgeBrowser(BaseClass.java:39)
	at org.base.BaseClass.edgeBrowser(BaseClass.java:39)
	at org.base.BaseClass.edgeBrowser(BaseClass.java:39)
	at org.base.BaseClass.edgeBrowser(BaseClass.java:39)
	at org.base.BaseClass.edgeBrowser(BaseClass.java:39)
	at org.base.BaseClass.edgeBrowser(BaseClass.java:39)
	at org.base.BaseClass.edgeBrowser(BaseClass.java:39)
	at org.base.BaseClass.edgeBrowser(BaseClass.java:39)
	at org.base.BaseClass.edgeBrowser(BaseClass.java:39)
	at org.base.BaseClass.edgeBrowser(BaseClass.java:39)
	at org.base.BaseClass.edgeBrowser(BaseClass.java:39)
	at org.base.BaseClass.edgeBrowser(BaseClass.java:39)
	at org.base.BaseClass.edgeBrowser(BaseClass.java:39)
	at org.base.BaseClass.edgeBrowser(BaseClass.java:39)
	at org.base.BaseClass.edgeBrowser(BaseClass.java:39)
	at org.base.BaseClass.edgeBrowser(BaseClass.java:39)
	at org.base.BaseClass.edgeBrowser(BaseClass.java:39)
	at org.base.BaseClass.edgeBrowser(BaseClass.java:39)
	at org.base.BaseClass.edgeBrowser(BaseClass.java:39)
	at org.base.BaseClass.edgeBrowser(BaseClass.java:39)
	at org.base.BaseClass.edgeBrowser(BaseClass.java:39)
	at org.base.BaseClass.edgeBrowser(BaseClass.java:39)
	at org.base.BaseClass.edgeBrowser(BaseClass.java:39)
	at org.base.BaseClass.edgeBrowser(BaseClass.java:39)
	at org.base.BaseClass.edgeBrowser(BaseClass.java:39)
	at org.base.BaseClass.edgeBrowser(BaseClass.java:39)
	at org.base.BaseClass.edgeBrowser(BaseClass.java:39)
	at org.base.BaseClass.edgeBrowser(BaseClass.java:39)
	at org.base.BaseClass.edgeBrowser(BaseClass.java:39)
	at org.base.BaseClass.edgeBrowser(BaseClass.java:39)
	at org.base.BaseClass.edgeBrowser(BaseClass.java:39)
	at org.base.BaseClass.edgeBrowser(BaseClass.java:39)
	at org.base.BaseClass.edgeBrowser(BaseClass.java:39)
	at org.base.BaseClass.edgeBrowser(BaseClass.java:39)
	at org.base.BaseClass.edgeBrowser(BaseClass.java:39)
	at org.base.BaseClass.edgeBrowser(BaseClass.java:39)
	at org.base.BaseClass.edgeBrowser(BaseClass.java:39)
	at org.base.BaseClass.edgeBrowser(BaseClass.java:39)
	at org.base.BaseClass.edgeBrowser(BaseClass.java:39)
	at org.base.BaseClass.edgeBrowser(BaseClass.java:39)
	at org.base.BaseClass.edgeBrowser(BaseClass.java:39)
	at org.base.BaseClass.edgeBrowser(BaseClass.java:39)
	at org.base.BaseClass.edgeBrowser(BaseClass.java:39)
	at org.base.BaseClass.edgeBrowser(BaseClass.java:39)
	at org.base.BaseClass.edgeBrowser(BaseClass.java:39)
	at org.base.BaseClass.edgeBrowser(BaseClass.java:39)
	at org.base.BaseClass.edgeBrowser(BaseClass.java:39)
	at org.base.BaseClass.edgeBrowser(BaseClass.java:39)
	at org.base.BaseClass.edgeBrowser(BaseClass.java:39)
	at org.base.BaseClass.edgeBrowser(BaseClass.java:39)
	at org.base.BaseClass.edgeBrowser(BaseClass.java:39)
	at org.base.BaseClass.edgeBrowser(BaseClass.java:39)
	at org.base.BaseClass.edgeBrowser(BaseClass.java:39)
	at org.base.BaseClass.edgeBrowser(BaseClass.java:39)
	at org.base.BaseClass.edgeBrowser(BaseClass.java:39)
	at org.base.BaseClass.edgeBrowser(BaseClass.java:39)
	at org.base.BaseClass.edgeBrowser(BaseClass.java:39)
	at org.base.BaseClass.edgeBrowser(BaseClass.java:39)
	at org.base.BaseClass.edgeBrowser(BaseClass.java:39)
	at org.base.BaseClass.edgeBrowser(BaseClass.java:39)
	at org.base.BaseClass.edgeBrowser(BaseClass.java:39)
	at org.base.BaseClass.edgeBrowser(BaseClass.java:39)
	at org.base.BaseClass.edgeBrowser(BaseClass.java:39)
	at org.base.BaseClass.edgeBrowser(BaseClass.java:39)
	at org.base.BaseClass.edgeBrowser(BaseClass.java:39)
	at org.base.BaseClass.edgeBrowser(BaseClass.java:39)
	at org.base.BaseClass.edgeBrowser(BaseClass.java:39)
	at org.base.BaseClass.edgeBrowser(BaseClass.java:39)
	at org.base.BaseClass.edgeBrowser(BaseClass.java:39)
	at org.base.BaseClass.edgeBrowser(BaseClass.java:39)
	at org.base.BaseClass.edgeBrowser(BaseClass.java:39)
	at org.base.BaseClass.edgeBrowser(BaseClass.java:39)
	at org.base.BaseClass.edgeBrowser(BaseClass.java:39)
	at org.base.BaseClass.edgeBrowser(BaseClass.java:39)
	at org.base.BaseClass.edgeBrowser(BaseClass.java:39)
	at org.base.BaseClass.edgeBrowser(BaseClass.java:39)
	at org.base.BaseClass.edgeBrowser(BaseClass.java:39)
	at org.base.BaseClass.edgeBrowser(BaseClass.java:39)
	at org.base.BaseClass.edgeBrowser(BaseClass.java:39)
	at org.base.BaseClass.edgeBrowser(BaseClass.java:39)
	at org.base.BaseClass.edgeBrowser(BaseClass.java:39)
	at org.base.BaseClass.edgeBrowser(BaseClass.java:39)
	at org.base.BaseClass.edgeBrowser(BaseClass.java:39)
	at org.base.BaseClass.edgeBrowser(BaseClass.java:39)
	at org.base.BaseClass.edgeBrowser(BaseClass.java:39)
	at org.base.BaseClass.edgeBrowser(BaseClass.java:39)
	at org.base.BaseClass.edgeBrowser(BaseClass.java:39)
	at org.base.BaseClass.edgeBrowser(BaseClass.java:39)
	at org.base.BaseClass.edgeBrowser(BaseClass.java:39)
	at org.base.BaseClass.edgeBrowser(BaseClass.java:39)
	at org.base.BaseClass.edgeBrowser(BaseClass.java:39)
	at org.base.BaseClass.edgeBrowser(BaseClass.java:39)
	at org.base.BaseClass.edgeBrowser(BaseClass.java:39)
	at org.base.BaseClass.edgeBrowser(BaseClass.java:39)
	at org.base.BaseClass.edgeBrowser(BaseClass.java:39)
	at org.base.BaseClass.edgeBrowser(BaseClass.java:39)
	at org.base.BaseClass.edgeBrowser(BaseClass.java:39)
	at org.base.BaseClass.edgeBrowser(BaseClass.java:39)
	at org.base.BaseClass.edgeBrowser(BaseClass.java:39)
	at org.base.BaseClass.edgeBrowser(BaseClass.java:39)
	at org.base.BaseClass.edgeBrowser(BaseClass.java:39)
	at org.base.BaseClass.edgeBrowser(BaseClass.java:39)
	at org.base.BaseClass.edgeBrowser(BaseClass.java:39)
	at org.base.BaseClass.edgeBrowser(BaseClass.java:39)
	at org.base.BaseClass.edgeBrowser(BaseClass.java:39)
	at org.base.BaseClass.edgeBrowser(BaseClass.java:39)
	at org.base.BaseClass.edgeBrowser(BaseClass.java:39)
	at org.base.BaseClass.edgeBrowser(BaseClass.java:39)
	at org.base.BaseClass.edgeBrowser(BaseClass.java:39)
	at org.base.BaseClass.edgeBrowser(BaseClass.java:39)
	at org.base.BaseClass.edgeBrowser(BaseClass.java:39)
	at org.base.BaseClass.edgeBrowser(BaseClass.java:39)
	at org.base.BaseClass.edgeBrowser(BaseClass.java:39)
	at org.base.BaseClass.edgeBrowser(BaseClass.java:39)
	at org.base.BaseClass.edgeBrowser(BaseClass.java:39)
	at org.base.BaseClass.edgeBrowser(BaseClass.java:39)
	at org.base.BaseClass.edgeBrowser(BaseClass.java:39)
	at org.base.BaseClass.edgeBrowser(BaseClass.java:39)
	at org.base.BaseClass.edgeBrowser(BaseClass.java:39)
	at org.base.BaseClass.edgeBrowser(BaseClass.java:39)
	at org.base.BaseClass.edgeBrowser(BaseClass.java:39)
	at org.base.BaseClass.edgeBrowser(BaseClass.java:39)
	at org.base.BaseClass.edgeBrowser(BaseClass.java:39)
	at org.base.BaseClass.edgeBrowser(BaseClass.java:39)
	at org.base.BaseClass.edgeBrowser(BaseClass.java:39)
	at org.base.BaseClass.edgeBrowser(BaseClass.java:39)
	at org.base.BaseClass.edgeBrowser(BaseClass.java:39)
	at org.base.BaseClass.edgeBrowser(BaseClass.java:39)
	at org.base.BaseClass.edgeBrowser(BaseClass.java:39)
	at org.base.BaseClass.edgeBrowser(BaseClass.java:39)
	at org.base.BaseClass.edgeBrowser(BaseClass.java:39)
	at org.base.BaseClass.edgeBrowser(BaseClass.java:39)
	at org.base.BaseClass.edgeBrowser(BaseClass.java:39)
	at org.base.BaseClass.edgeBrowser(BaseClass.java:39)
	at org.base.BaseClass.edgeBrowser(BaseClass.java:39)
	at org.base.BaseClass.edgeBrowser(BaseClass.java:39)
	at org.base.BaseClass.edgeBrowser(BaseClass.java:39)
	at org.base.BaseClass.edgeBrowser(BaseClass.java:39)
	at org.base.BaseClass.edgeBrowser(BaseClass.java:39)
	at org.base.BaseClass.edgeBrowser(BaseClass.java:39)
	at org.base.BaseClass.edgeBrowser(BaseClass.java:39)
	at org.base.BaseClass.edgeBrowser(BaseClass.java:39)
	at org.base.BaseClass.edgeBrowser(BaseClass.java:39)
	at org.base.BaseClass.edgeBrowser(BaseClass.java:39)
	at org.base.BaseClass.edgeBrowser(BaseClass.java:39)
	at org.base.BaseClass.edgeBrowser(BaseClass.java:39)
	at org.base.BaseClass.edgeBrowser(BaseClass.java:39)
	at org.base.BaseClass.edgeBrowser(BaseClass.java:39)
	at org.base.BaseClass.edgeBrowser(BaseClass.java:39)
	at org.base.BaseClass.edgeBrowser(BaseClass.java:39)
	at org.base.BaseClass.edgeBrowser(BaseClass.java:39)
	at org.base.BaseClass.edgeBrowser(BaseClass.java:39)
	at org.base.BaseClass.edgeBrowser(BaseClass.java:39)
	at org.base.BaseClass.edgeBrowser(BaseClass.java:39)
	at org.base.BaseClass.edgeBrowser(BaseClass.java:39)
	at org.base.BaseClass.edgeBrowser(BaseClass.java:39)
	at org.base.BaseClass.edgeBrowser(BaseClass.java:39)
	at org.base.BaseClass.edgeBrowser(BaseClass.java:39)
	at org.base.BaseClass.edgeBrowser(BaseClass.java:39)
	at org.base.BaseClass.edgeBrowser(BaseClass.java:39)
	at org.base.BaseClass.edgeBrowser(BaseClass.java:39)
	at org.base.BaseClass.edgeBrowser(BaseClass.java:39)
	at org.base.BaseClass.edgeBrowser(BaseClass.java:39)
	at org.base.BaseClass.edgeBrowser(BaseClass.java:39)
	at org.base.BaseClass.edgeBrowser(BaseClass.java:39)
	at org.base.BaseClass.edgeBrowser(BaseClass.java:39)
	at org.base.BaseClass.edgeBrowser(BaseClass.java:39)
	at org.base.BaseClass.edgeBrowser(BaseClass.java:39)
	at org.base.BaseClass.edgeBrowser(BaseClass.java:39)
	at org.base.BaseClass.edgeBrowser(BaseClass.java:39)
	at org.base.BaseClass.edgeBrowser(BaseClass.java:39)
	at org.base.BaseClass.edgeBrowser(BaseClass.java:39)
	at org.base.BaseClass.edgeBrowser(BaseClass.java:39)
	at org.base.BaseClass.edgeBrowser(BaseClass.java:39)
	at org.base.BaseClass.edgeBrowser(BaseClass.java:39)
	at org.base.BaseClass.edgeBrowser(BaseClass.java:39)
	at org.base.BaseClass.edgeBrowser(BaseClass.java:39)
	at org.base.BaseClass.edgeBrowser(BaseClass.java:39)
	at org.base.BaseClass.edgeBrowser(BaseClass.java:39)
	at org.base.BaseClass.edgeBrowser(BaseClass.java:39)
	at org.base.BaseClass.edgeBrowser(BaseClass.java:39)
	at org.base.BaseClass.edgeBrowser(BaseClass.java:39)
	at org.base.BaseClass.edgeBrowser(BaseClass.java:39)
	at org.base.BaseClass.edgeBrowser(BaseClass.java:39)
	at org.base.BaseClass.edgeBrowser(BaseClass.java:39)
	at org.base.BaseClass.edgeBrowser(BaseClass.java:39)
	at org.base.BaseClass.edgeBrowser(BaseClass.java:39)
	at org.base.BaseClass.edgeBrowser(BaseClass.java:39)
	at org.base.BaseClass.edgeBrowser(BaseClass.java:39)
	at org.base.BaseClass.edgeBrowser(BaseClass.java:39)
	at org.base.BaseClass.edgeBrowser(BaseClass.java:39)
	at org.base.BaseClass.edgeBrowser(BaseClass.java:39)
	at org.base.BaseClass.edgeBrowser(BaseClass.java:39)
	at org.base.BaseClass.edgeBrowser(BaseClass.java:39)
	at org.base.BaseClass.edgeBrowser(BaseClass.java:39)
	at org.base.BaseClass.edgeBrowser(BaseClass.java:39)
	at org.base.BaseClass.edgeBrowser(BaseClass.java:39)
	at org.base.BaseClass.edgeBrowser(BaseClass.java:39)
	at org.base.BaseClass.edgeBrowser(BaseClass.java:39)
	at org.base.BaseClass.edgeBrowser(BaseClass.java:39)
	at org.base.BaseClass.edgeBrowser(BaseClass.java:39)
	at org.base.BaseClass.edgeBrowser(BaseClass.java:39)
	at org.base.BaseClass.edgeBrowser(BaseClass.java:39)
	at org.base.BaseClass.edgeBrowser(BaseClass.java:39)
	at org.base.BaseClass.edgeBrowser(BaseClass.java:39)
	at org.base.BaseClass.edgeBrowser(BaseClass.java:39)
	at org.base.BaseClass.edgeBrowser(BaseClass.java:39)
	at org.base.BaseClass.edgeBrowser(BaseClass.java:39)
	at org.base.BaseClass.edgeBrowser(BaseClass.java:39)
	at org.base.BaseClass.edgeBrowser(BaseClass.java:39)
	at org.base.BaseClass.edgeBrowser(BaseClass.java:39)
	at org.base.BaseClass.edgeBrowser(BaseClass.java:39)
	at org.base.BaseClass.edgeBrowser(BaseClass.java:39)
	at org.base.BaseClass.edgeBrowser(BaseClass.java:39)
	at org.base.BaseClass.edgeBrowser(BaseClass.java:39)
	at org.base.BaseClass.edgeBrowser(BaseClass.java:39)
	at org.base.BaseClass.edgeBrowser(BaseClass.java:39)
	at org.base.BaseClass.edgeBrowser(BaseClass.java:39)
	at org.base.BaseClass.edgeBrowser(BaseClass.java:39)
	at org.base.BaseClass.edgeBrowser(BaseClass.java:39)
	at org.base.BaseClass.edgeBrowser(BaseClass.java:39)
	at org.base.BaseClass.edgeBrowser(BaseClass.java:39)
	at org.base.BaseClass.edgeBrowser(BaseClass.java:39)
	at org.base.BaseClass.edgeBrowser(BaseClass.java:39)
	at org.base.BaseClass.edgeBrowser(BaseClass.java:39)
	at org.base.BaseClass.edgeBrowser(BaseClass.java:39)
	at org.base.BaseClass.edgeBrowser(BaseClass.java:39)
	at org.base.BaseClass.edgeBrowser(BaseClass.java:39)
	at org.base.BaseClass.edgeBrowser(BaseClass.java:39)
	at org.base.BaseClass.edgeBrowser(BaseClass.java:39)
	at org.base.BaseClass.edgeBrowser(BaseClass.java:39)
	at org.base.BaseClass.edgeBrowser(BaseClass.java:39)
	at org.base.BaseClass.edgeBrowser(BaseClass.java:39)
	at org.base.BaseClass.edgeBrowser(BaseClass.java:39)
	at org.base.BaseClass.edgeBrowser(BaseClass.java:39)
	at org.base.BaseClass.edgeBrowser(BaseClass.java:39)
	at org.base.BaseClass.edgeBrowser(BaseClass.java:39)
	at org.base.BaseClass.edgeBrowser(BaseClass.java:39)
	at org.base.BaseClass.edgeBrowser(BaseClass.java:39)
	at org.base.BaseClass.edgeBrowser(BaseClass.java:39)
	at org.base.BaseClass.edgeBrowser(BaseClass.java:39)
	at org.base.BaseClass.edgeBrowser(BaseClass.java:39)
	at org.base.BaseClass.edgeBrowser(BaseClass.java:39)
	at org.base.BaseClass.edgeBrowser(BaseClass.java:39)
	at org.base.BaseClass.edgeBrowser(BaseClass.java:39)
	at org.base.BaseClass.edgeBrowser(BaseClass.java:39)
	at org.base.BaseClass.edgeBrowser(BaseClass.java:39)
	at org.base.BaseClass.edgeBrowser(BaseClass.java:39)
	at org.base.BaseClass.edgeBrowser(BaseClass.java:39)
	at org.base.BaseClass.edgeBrowser(BaseClass.java:39)
	at org.base.BaseClass.edgeBrowser(BaseClass.java:39)
	at org.base.BaseClass.edgeBrowser(BaseClass.java:39)
	at org.base.BaseClass.edgeBrowser(BaseClass.java:39)
	at org.base.BaseClass.edgeBrowser(BaseClass.java:39)
	at org.base.BaseClass.edgeBrowser(BaseClass.java:39)
	at org.base.BaseClass.edgeBrowser(BaseClass.java:39)
	at org.base.BaseClass.edgeBrowser(BaseClass.java:39)
	at org.base.BaseClass.edgeBrowser(BaseClass.java:39)
	at org.base.BaseClass.edgeBrowser(BaseClass.java:39)
	at org.base.BaseClass.edgeBrowser(BaseClass.java:39)
	at org.base.BaseClass.edgeBrowser(BaseClass.java:39)
	at org.base.BaseClass.edgeBrowser(BaseClass.java:39)
	at org.base.BaseClass.edgeBrowser(BaseClass.java:39)
	at org.base.BaseClass.edgeBrowser(BaseClass.java:39)
	at org.base.BaseClass.edgeBrowser(BaseClass.java:39)
	at org.base.BaseClass.edgeBrowser(BaseClass.java:39)
	at org.base.BaseClass.edgeBrowser(BaseClass.java:39)
	at org.base.BaseClass.edgeBrowser(BaseClass.java:39)
	at org.base.BaseClass.edgeBrowser(BaseClass.java:39)
	at org.base.BaseClass.edgeBrowser(BaseClass.java:39)
	at org.base.BaseClass.edgeBrowser(BaseClass.java:39)
	at org.base.BaseClass.edgeBrowser(BaseClass.java:39)
	at org.base.BaseClass.edgeBrowser(BaseClass.java:39)
	at org.base.BaseClass.edgeBrowser(BaseClass.java:39)
	at org.base.BaseClass.edgeBrowser(BaseClass.java:39)
	at org.base.BaseClass.edgeBrowser(BaseClass.java:39)
	at org.base.BaseClass.edgeBrowser(BaseClass.java:39)
	at org.base.BaseClass.edgeBrowser(BaseClass.java:39)
	at org.base.BaseClass.edgeBrowser(BaseClass.java:39)
	at org.base.BaseClass.edgeBrowser(BaseClass.java:39)
	at org.base.BaseClass.edgeBrowser(BaseClass.java:39)
	at org.base.BaseClass.edgeBrowser(BaseClass.java:39)
	at org.base.BaseClass.edgeBrowser(BaseClass.java:39)
	at org.base.BaseClass.edgeBrowser(BaseClass.java:39)
	at org.base.BaseClass.edgeBrowser(BaseClass.java:39)
	at org.base.BaseClass.edgeBrowser(BaseClass.java:39)
	at org.base.BaseClass.edgeBrowser(BaseClass.java:39)
	at org.base.BaseClass.edgeBrowser(BaseClass.java:39)
	at org.base.BaseClass.edgeBrowser(BaseClass.java:39)
	at org.base.BaseClass.edgeBrowser(BaseClass.java:39)
	at org.base.BaseClass.edgeBrowser(BaseClass.java:39)
	at org.base.BaseClass.edgeBrowser(BaseClass.java:39)
	at org.base.BaseClass.edgeBrowser(BaseClass.java:39)
	at org.base.BaseClass.edgeBrowser(BaseClass.java:39)
	at org.base.BaseClass.edgeBrowser(BaseClass.java:39)
	at org.base.BaseClass.edgeBrowser(BaseClass.java:39)
	at org.base.BaseClass.edgeBrowser(BaseClass.java:39)
	at org.base.BaseClass.edgeBrowser(BaseClass.java:39)
	at org.base.BaseClass.edgeBrowser(BaseClass.java:39)
	at org.base.BaseClass.edgeBrowser(BaseClass.java:39)
	at org.base.BaseClass.edgeBrowser(BaseClass.java:39)
	at org.base.BaseClass.edgeBrowser(BaseClass.java:39)
	at org.base.BaseClass.edgeBrowser(BaseClass.java:39)
	at org.base.BaseClass.edgeBrowser(BaseClass.java:39)
	at org.base.BaseClass.edgeBrowser(BaseClass.java:39)
	at org.base.BaseClass.edgeBrowser(BaseClass.java:39)
	at org.base.BaseClass.edgeBrowser(BaseClass.java:39)
	at org.base.BaseClass.edgeBrowser(BaseClass.java:39)
	at org.base.BaseClass.edgeBrowser(BaseClass.java:39)
	at org.base.BaseClass.edgeBrowser(BaseClass.java:39)
	at org.base.BaseClass.edgeBrowser(BaseClass.java:39)
	at org.base.BaseClass.edgeBrowser(BaseClass.java:39)
	at org.base.BaseClass.edgeBrowser(BaseClass.java:39)
	at org.base.BaseClass.edgeBrowser(BaseClass.java:39)
	at org.base.BaseClass.edgeBrowser(BaseClass.java:39)
	at org.base.BaseClass.edgeBrowser(BaseClass.java:39)
	at org.base.BaseClass.edgeBrowser(BaseClass.java:39)
	at org.base.BaseClass.edgeBrowser(BaseClass.java:39)
	at org.base.BaseClass.edgeBrowser(BaseClass.java:39)
	at org.base.BaseClass.edgeBrowser(BaseClass.java:39)
	at org.base.BaseClass.edgeBrowser(BaseClass.java:39)
	at org.base.BaseClass.edgeBrowser(BaseClass.java:39)
	at org.base.BaseClass.edgeBrowser(BaseClass.java:39)
	at org.base.BaseClass.edgeBrowser(BaseClass.java:39)
	at org.base.BaseClass.edgeBrowser(BaseClass.java:39)
	at org.base.BaseClass.edgeBrowser(BaseClass.java:39)
	at org.base.BaseClass.edgeBrowser(BaseClass.java:39)
	at org.base.BaseClass.edgeBrowser(BaseClass.java:39)
	at org.base.BaseClass.edgeBrowser(BaseClass.java:39)
	at org.base.BaseClass.edgeBrowser(BaseClass.java:39)
	at org.base.BaseClass.edgeBrowser(BaseClass.java:39)
	at org.base.BaseClass.edgeBrowser(BaseClass.java:39)
	at org.base.BaseClass.edgeBrowser(BaseClass.java:39)
	at org.base.BaseClass.edgeBrowser(BaseClass.java:39)
	at org.base.BaseClass.edgeBrowser(BaseClass.java:39)
	at org.base.BaseClass.edgeBrowser(BaseClass.java:39)
	at org.base.BaseClass.edgeBrowser(BaseClass.java:39)
	at org.base.BaseClass.edgeBrowser(BaseClass.java:39)
	at org.base.BaseClass.edgeBrowser(BaseClass.java:39)
	at org.base.BaseClass.edgeBrowser(BaseClass.java:39)
	at org.base.BaseClass.edgeBrowser(BaseClass.java:39)
	at org.base.BaseClass.edgeBrowser(BaseClass.java:39)
	at org.base.BaseClass.edgeBrowser(BaseClass.java:39)
	at org.base.BaseClass.edgeBrowser(BaseClass.java:39)
	at org.base.BaseClass.edgeBrowser(BaseClass.java:39)
	at org.base.BaseClass.edgeBrowser(BaseClass.java:39)
	at org.base.BaseClass.edgeBrowser(BaseClass.java:39)
	at org.base.BaseClass.edgeBrowser(BaseClass.java:39)
	at org.base.BaseClass.edgeBrowser(BaseClass.java:39)
	at org.base.BaseClass.edgeBrowser(BaseClass.java:39)
	at org.base.BaseClass.edgeBrowser(BaseClass.java:39)
	at org.base.BaseClass.edgeBrowser(BaseClass.java:39)
	at org.base.BaseClass.edgeBrowser(BaseClass.java:39)
	at org.base.BaseClass.edgeBrowser(BaseClass.java:39)
	at org.base.BaseClass.edgeBrowser(BaseClass.java:39)
	at org.base.BaseClass.edgeBrowser(BaseClass.java:39)
	at org.base.BaseClass.edgeBrowser(BaseClass.java:39)
	at org.base.BaseClass.edgeBrowser(BaseClass.java:39)
	at org.base.BaseClass.edgeBrowser(BaseClass.java:39)
	at org.base.BaseClass.edgeBrowser(BaseClass.java:39)
	at org.base.BaseClass.edgeBrowser(BaseClass.java:39)
	at org.base.BaseClass.edgeBrowser(BaseClass.java:39)
	at org.base.BaseClass.edgeBrowser(BaseClass.java:39)
	at org.base.BaseClass.edgeBrowser(BaseClass.java:39)
	at org.base.BaseClass.edgeBrowser(BaseClass.java:39)
	at org.base.BaseClass.edgeBrowser(BaseClass.java:39)
	at org.base.BaseClass.edgeBrowser(BaseClass.java:39)
	at org.base.BaseClass.edgeBrowser(BaseClass.java:39)
	at org.base.BaseClass.edgeBrowser(BaseClass.java:39)
	at org.base.BaseClass.edgeBrowser(BaseClass.java:39)
	at org.base.BaseClass.edgeBrowser(BaseClass.java:39)
	at org.base.BaseClass.edgeBrowser(BaseClass.java:39)
	at org.base.BaseClass.edgeBrowser(BaseClass.java:39)
	at org.base.BaseClass.edgeBrowser(BaseClass.java:39)
	at org.base.BaseClass.edgeBrowser(BaseClass.java:39)
	at org.base.BaseClass.edgeBrowser(BaseClass.java:39)
	at org.base.BaseClass.edgeBrowser(BaseClass.java:39)
	at org.base.BaseClass.edgeBrowser(BaseClass.java:39)
	at org.base.BaseClass.edgeBrowser(BaseClass.java:39)
	at org.base.BaseClass.edgeBrowser(BaseClass.java:39)
	at org.base.BaseClass.edgeBrowser(BaseClass.java:39)
	at org.base.BaseClass.edgeBrowser(BaseClass.java:39)
	at org.base.BaseClass.edgeBrowser(BaseClass.java:39)
	at org.base.BaseClass.edgeBrowser(BaseClass.java:39)
	at org.base.BaseClass.edgeBrowser(BaseClass.java:39)
	at org.base.BaseClass.edgeBrowser(BaseClass.java:39)
	at org.base.BaseClass.edgeBrowser(BaseClass.java:39)
	at org.base.BaseClass.edgeBrowser(BaseClass.java:39)
	at org.base.BaseClass.edgeBrowser(BaseClass.java:39)
	at org.base.BaseClass.edgeBrowser(BaseClass.java:39)
	at org.base.BaseClass.edgeBrowser(BaseClass.java:39)
	at org.base.BaseClass.edgeBrowser(BaseClass.java:39)
	at org.base.BaseClass.edgeBrowser(BaseClass.java:39)
	at org.base.BaseClass.edgeBrowser(BaseClass.java:39)
	at org.base.BaseClass.edgeBrowser(BaseClass.java:39)
	at org.base.BaseClass.edgeBrowser(BaseClass.java:39)
	at org.base.BaseClass.edgeBrowser(BaseClass.java:39)
	at org.base.BaseClass.edgeBrowser(BaseClass.java:39)
	at org.base.BaseClass.edgeBrowser(BaseClass.java:39)
	at org.base.BaseClass.edgeBrowser(BaseClass.java:39)
	at org.base.BaseClass.edgeBrowser(BaseClass.java:39)
	at org.base.BaseClass.edgeBrowser(BaseClass.java:39)
	at org.base.BaseClass.edgeBrowser(BaseClass.java:39)
	at org.base.BaseClass.edgeBrowser(BaseClass.java:39)
	at org.base.BaseClass.edgeBrowser(BaseClass.java:39)
	at org.base.BaseClass.edgeBrowser(BaseClass.java:39)
	at org.base.BaseClass.edgeBrowser(BaseClass.java:39)
	at org.base.BaseClass.edgeBrowser(BaseClass.java:39)
	at org.base.BaseClass.edgeBrowser(BaseClass.java:39)
	at org.base.BaseClass.edgeBrowser(BaseClass.java:39)
	at org.base.BaseClass.edgeBrowser(BaseClass.java:39)
	at org.base.BaseClass.edgeBrowser(BaseClass.java:39)
	at org.base.BaseClass.edgeBrowser(BaseClass.java:39)
	at org.base.BaseClass.edgeBrowser(BaseClass.java:39)
	at org.base.BaseClass.edgeBrowser(BaseClass.java:39)
	at org.base.BaseClass.edgeBrowser(BaseClass.java:39)
	at org.base.BaseClass.edgeBrowser(BaseClass.java:39)
	at org.base.BaseClass.edgeBrowser(BaseClass.java:39)
	at org.base.BaseClass.edgeBrowser(BaseClass.java:39)
	at org.base.BaseClass.edgeBrowser(BaseClass.java:39)
	at org.base.BaseClass.edgeBrowser(BaseClass.java:39)
	at org.base.BaseClass.edgeBrowser(BaseClass.java:39)
	at org.base.BaseClass.edgeBrowser(BaseClass.java:39)
	at org.base.BaseClass.edgeBrowser(BaseClass.java:39)
	at org.base.BaseClass.edgeBrowser(BaseClass.java:39)
	at org.base.BaseClass.edgeBrowser(BaseClass.java:39)
	at org.base.BaseClass.edgeBrowser(BaseClass.java:39)
	at org.base.BaseClass.edgeBrowser(BaseClass.java:39)
	at org.base.BaseClass.edgeBrowser(BaseClass.java:39)
	at org.base.BaseClass.edgeBrowser(BaseClass.java:39)
	at org.base.BaseClass.edgeBrowser(BaseClass.java:39)
	at org.base.BaseClass.edgeBrowser(BaseClass.java:39)
	at org.base.BaseClass.edgeBrowser(BaseClass.java:39)
	at org.base.BaseClass.edgeBrowser(BaseClass.java:39)
	at org.base.BaseClass.edgeBrowser(BaseClass.java:39)
	at org.base.BaseClass.edgeBrowser(BaseClass.java:39)
	at org.base.BaseClass.edgeBrowser(BaseClass.java:39)
	at org.base.BaseClass.edgeBrowser(BaseClass.java:39)
	at org.base.BaseClass.edgeBrowser(BaseClass.java:39)
	at org.base.BaseClass.edgeBrowser(BaseClass.java:39)
	at org.base.BaseClass.edgeBrowser(BaseClass.java:39)
	at org.base.BaseClass.edgeBrowser(BaseClass.java:39)
	at org.base.BaseClass.edgeBrowser(BaseClass.java:39)
	at org.base.BaseClass.edgeBrowser(BaseClass.java:39)
	at org.base.BaseClass.edgeBrowser(BaseClass.java:39)
	at org.base.BaseClass.edgeBrowser(BaseClass.java:39)
	at org.base.BaseClass.edgeBrowser(BaseClass.java:39)
	at org.base.BaseClass.edgeBrowser(BaseClass.java:39)
	at org.base.BaseClass.edgeBrowser(BaseClass.java:39)
	at org.base.BaseClass.edgeBrowser(BaseClass.java:39)
	at org.base.BaseClass.edgeBrowser(BaseClass.java:39)
	at org.base.BaseClass.edgeBrowser(BaseClass.java:39)
	at org.base.BaseClass.edgeBrowser(BaseClass.java:39)
	at org.base.BaseClass.edgeBrowser(BaseClass.java:39)
	at org.base.BaseClass.edgeBrowser(BaseClass.java:39)
	at org.base.BaseClass.edgeBrowser(BaseClass.java:39)
	at org.base.BaseClass.edgeBrowser(BaseClass.java:39)
	at org.base.BaseClass.edgeBrowser(BaseClass.java:39)
	at org.base.BaseClass.edgeBrowser(BaseClass.java:39)
	at org.base.BaseClass.edgeBrowser(BaseClass.java:39)
	at org.base.BaseClass.edgeBrowser(BaseClass.java:39)
	at org.base.BaseClass.edgeBrowser(BaseClass.java:39)
	at org.base.BaseClass.edgeBrowser(BaseClass.java:39)
	at org.base.BaseClass.edgeBrowser(BaseClass.java:39)
	at org.base.BaseClass.edgeBrowser(BaseClass.java:39)
	at org.base.BaseClass.edgeBrowser(BaseClass.java:39)
	at org.base.BaseClass.edgeBrowser(BaseClass.java:39)
	at org.base.BaseClass.edgeBrowser(BaseClass.java:39)
	at org.base.BaseClass.edgeBrowser(BaseClass.java:39)
	at org.base.BaseClass.edgeBrowser(BaseClass.java:39)
	at org.base.BaseClass.edgeBrowser(BaseClass.java:39)
	at org.base.BaseClass.edgeBrowser(BaseClass.java:39)
	at org.base.BaseClass.edgeBrowser(BaseClass.java:39)
	at org.base.BaseClass.edgeBrowser(BaseClass.java:39)
	at org.base.BaseClass.edgeBrowser(BaseClass.java:39)
	at org.base.BaseClass.edgeBrowser(BaseClass.java:39)
	at org.base.BaseClass.edgeBrowser(BaseClass.java:39)
	at org.base.BaseClass.edgeBrowser(BaseClass.java:39)
	at org.base.BaseClass.edgeBrowser(BaseClass.java:39)
	at org.base.BaseClass.edgeBrowser(BaseClass.java:39)
	at org.base.BaseClass.edgeBrowser(BaseClass.java:39)
	at org.base.BaseClass.edgeBrowser(BaseClass.java:39)
	at org.base.BaseClass.edgeBrowser(BaseClass.java:39)
	at org.base.BaseClass.edgeBrowser(BaseClass.java:39)
	at org.base.BaseClass.edgeBrowser(BaseClass.java:39)
	at org.base.BaseClass.edgeBrowser(BaseClass.java:39)
	at org.base.BaseClass.edgeBrowser(BaseClass.java:39)
	at org.base.BaseClass.edgeBrowser(BaseClass.java:39)
	at org.base.BaseClass.edgeBrowser(BaseClass.java:39)
	at org.base.BaseClass.edgeBrowser(BaseClass.java:39)
	at org.base.BaseClass.edgeBrowser(BaseClass.java:39)
	at org.base.BaseClass.edgeBrowser(BaseClass.java:39)
	at org.base.BaseClass.edgeBrowser(BaseClass.java:39)
	at org.base.BaseClass.edgeBrowser(BaseClass.java:39)
	at org.base.BaseClass.edgeBrowser(BaseClass.java:39)
	at org.base.BaseClass.edgeBrowser(BaseClass.java:39)
	at org.base.BaseClass.edgeBrowser(BaseClass.java:39)
	at org.base.BaseClass.edgeBrowser(BaseClass.java:39)
	at org.base.BaseClass.edgeBrowser(BaseClass.java:39)
	at org.base.BaseClass.edgeBrowser(BaseClass.java:39)
	at org.base.BaseClass.edgeBrowser(BaseClass.java:39)
	at org.base.BaseClass.edgeBrowser(BaseClass.java:39)
	at org.base.BaseClass.edgeBrowser(BaseClass.java:39)
	at org.base.BaseClass.edgeBrowser(BaseClass.java:39)
	at org.base.BaseClass.edgeBrowser(BaseClass.java:39)
	at org.base.BaseClass.edgeBrowser(BaseClass.java:39)
	at org.base.BaseClass.edgeBrowser(BaseClass.java:39)
	at org.base.BaseClass.edgeBrowser(BaseClass.java:39)
	at org.base.BaseClass.edgeBrowser(BaseClass.java:39)
	at org.base.BaseClass.edgeBrowser(BaseClass.java:39)
	at org.base.BaseClass.edgeBrowser(BaseClass.java:39)
	at org.base.BaseClass.edgeBrowser(BaseClass.java:39)
	at org.base.BaseClass.edgeBrowser(BaseClass.java:39)
	at org.base.BaseClass.edgeBrowser(BaseClass.java:39)
	at org.base.BaseClass.edgeBrowser(BaseClass.java:39)
	at org.base.BaseClass.edgeBrowser(BaseClass.java:39)
	at org.base.BaseClass.edgeBrowser(BaseClass.java:39)
	at org.base.BaseClass.edgeBrowser(BaseClass.java:39)
	at org.base.BaseClass.edgeBrowser(BaseClass.java:39)
	at org.base.BaseClass.edgeBrowser(BaseClass.java:39)
	at org.base.BaseClass.edgeBrowser(BaseClass.java:39)
	at org.base.BaseClass.edgeBrowser(BaseClass.java:39)
	at org.base.BaseClass.edgeBrowser(BaseClass.java:39)
	at org.base.BaseClass.edgeBrowser(BaseClass.java:39)
	at org.base.BaseClass.edgeBrowser(BaseClass.java:39)
	at org.base.BaseClass.edgeBrowser(BaseClass.java:39)
	at org.base.BaseClass.edgeBrowser(BaseClass.java:39)
	at org.base.BaseClass.edgeBrowser(BaseClass.java:39)
	at org.base.BaseClass.edgeBrowser(BaseClass.java:39)
	at org.base.BaseClass.edgeBrowser(BaseClass.java:39)
	at org.base.BaseClass.edgeBrowser(BaseClass.java:39)
	at org.base.BaseClass.edgeBrowser(BaseClass.java:39)
	at org.base.BaseClass.edgeBrowser(BaseClass.java:39)
	at org.base.BaseClass.edgeBrowser(BaseClass.java:39)
	at org.base.BaseClass.edgeBrowser(BaseClass.java:39)
	at org.base.BaseClass.edgeBrowser(BaseClass.java:39)
	at org.base.BaseClass.edgeBrowser(BaseClass.java:39)
	at org.base.BaseClass.edgeBrowser(BaseClass.java:39)
	at org.base.BaseClass.edgeBrowser(BaseClass.java:39)
	at org.base.BaseClass.edgeBrowser(BaseClass.java:39)
	at org.base.BaseClass.edgeBrowser(BaseClass.java:39)
	at org.base.BaseClass.edgeBrowser(BaseClass.java:39)
	at org.base.BaseClass.edgeBrowser(BaseClass.java:39)
	at org.base.BaseClass.edgeBrowser(BaseClass.java:39)
	at org.base.BaseClass.edgeBrowser(BaseClass.java:39)
	at org.base.BaseClass.edgeBrowser(BaseClass.java:39)
	at org.base.BaseClass.edgeBrowser(BaseClass.java:39)
	at org.base.BaseClass.edgeBrowser(BaseClass.java:39)
	at org.base.BaseClass.edgeBrowser(BaseClass.java:39)
	at org.base.BaseClass.edgeBrowser(BaseClass.java:39)
	at org.base.BaseClass.edgeBrowser(BaseClass.java:39)
	at org.base.BaseClass.edgeBrowser(BaseClass.java:39)
	at org.base.BaseClass.edgeBrowser(BaseClass.java:39)
	at org.base.BaseClass.edgeBrowser(BaseClass.java:39)
	at org.base.BaseClass.edgeBrowser(BaseClass.java:39)
	at org.base.BaseClass.edgeBrowser(BaseClass.java:39)
	at org.base.BaseClass.edgeBrowser(BaseClass.java:39)
	at org.base.BaseClass.edgeBrowser(BaseClass.java:39)
	at org.base.BaseClass.edgeBrowser(BaseClass.java:39)
	at org.base.BaseClass.edgeBrowser(BaseClass.java:39)
	at org.base.BaseClass.edgeBrowser(BaseClass.java:39)
	at org.base.BaseClass.edgeBrowser(BaseClass.java:39)
	at org.base.BaseClass.edgeBrowser(BaseClass.java:39)
	at org.base.BaseClass.edgeBrowser(BaseClass.java:39)
	at org.base.BaseClass.edgeBrowser(BaseClass.java:39)
	at org.base.BaseClass.edgeBrowser(BaseClass.java:39)
	at org.base.BaseClass.edgeBrowser(BaseClass.java:39)
	at org.base.BaseClass.edgeBrowser(BaseClass.java:39)
	at org.base.BaseClass.edgeBrowser(BaseClass.java:39)
	at org.base.BaseClass.edgeBrowser(BaseClass.java:39)
	at org.base.BaseClass.edgeBrowser(BaseClass.java:39)
	at org.base.BaseClass.edgeBrowser(BaseClass.java:39)
	at org.base.BaseClass.edgeBrowser(BaseClass.java:39)
	at org.base.BaseClass.edgeBrowser(BaseClass.java:39)
	at org.base.BaseClass.edgeBrowser(BaseClass.java:39)
	at org.base.BaseClass.edgeBrowser(BaseClass.java:39)
	at org.base.BaseClass.edgeBrowser(BaseClass.java:39)
	at org.base.BaseClass.edgeBrowser(BaseClass.java:39)
	at org.base.BaseClass.edgeBrowser(BaseClass.java:39)
	at org.base.BaseClass.edgeBrowser(BaseClass.java:39)
	at org.base.BaseClass.edgeBrowser(BaseClass.java:39)
	at org.base.BaseClass.edgeBrowser(BaseClass.java:39)
	at org.base.BaseClass.edgeBrowser(BaseClass.java:39)
	at org.base.BaseClass.edgeBrowser(BaseClass.java:39)
	at org.base.BaseClass.edgeBrowser(BaseClass.java:39)
	at org.base.BaseClass.edgeBrowser(BaseClass.java:39)
	at org.base.BaseClass.edgeBrowser(BaseClass.java:39)
	at org.base.BaseClass.edgeBrowser(BaseClass.java:39)
	at org.base.BaseClass.edgeBrowser(BaseClass.java:39)
	at org.base.BaseClass.edgeBrowser(BaseClass.java:39)
	at org.base.BaseClass.edgeBrowser(BaseClass.java:39)
	at org.base.BaseClass.edgeBrowser(BaseClass.java:39)
	at org.base.BaseClass.edgeBrowser(BaseClass.java:39)
	at org.base.BaseClass.edgeBrowser(BaseClass.java:39)
	at org.base.BaseClass.edgeBrowser(BaseClass.java:39)
	at org.base.BaseClass.edgeBrowser(BaseClass.java:39)
	at org.base.BaseClass.edgeBrowser(BaseClass.java:39)
	at org.base.BaseClass.edgeBrowser(BaseClass.java:39)
	at org.base.BaseClass.edgeBrowser(BaseClass.java:39)
	at org.base.BaseClass.edgeBrowser(BaseClass.java:39)
	at org.base.BaseClass.edgeBrowser(BaseClass.java:39)
	at org.base.BaseClass.edgeBrowser(BaseClass.java:39)
	at org.base.BaseClass.edgeBrowser(BaseClass.java:39)
	at org.base.BaseClass.edgeBrowser(BaseClass.java:39)
	at org.base.BaseClass.edgeBrowser(BaseClass.java:39)
	at org.base.BaseClass.edgeBrowser(BaseClass.java:39)
	at org.base.BaseClass.edgeBrowser(BaseClass.java:39)
	at org.base.BaseClass.edgeBrowser(BaseClass.java:39)
	at org.base.BaseClass.edgeBrowser(BaseClass.java:39)
	at org.base.BaseClass.edgeBrowser(BaseClass.java:39)
	at org.base.BaseClass.edgeBrowser(BaseClass.java:39)
	at org.base.BaseClass.edgeBrowser(BaseClass.java:39)
	at org.base.BaseClass.edgeBrowser(BaseClass.java:39)
	at org.base.BaseClass.edgeBrowser(BaseClass.java:39)
	at org.base.BaseClass.edgeBrowser(BaseClass.java:39)
	at org.base.BaseClass.edgeBrowser(BaseClass.java:39)
	at org.base.BaseClass.edgeBrowser(BaseClass.java:39)
	at org.base.BaseClass.edgeBrowser(BaseClass.java:39)
	at org.base.BaseClass.edgeBrowser(BaseClass.java:39)
	at org.base.BaseClass.edgeBrowser(BaseClass.java:39)
	at org.base.BaseClass.edgeBrowser(BaseClass.java:39)
	at org.base.BaseClass.edgeBrowser(BaseClass.java:39)
	at org.base.BaseClass.edgeBrowser(BaseClass.java:39)
	at org.base.BaseClass.edgeBrowser(BaseClass.java:39)
	at org.base.BaseClass.edgeBrowser(BaseClass.java:39)
	at org.base.BaseClass.edgeBrowser(BaseClass.java:39)
	at org.base.BaseClass.edgeBrowser(BaseClass.java:39)
	at org.base.BaseClass.edgeBrowser(BaseClass.java:39)
	at org.base.BaseClass.edgeBrowser(BaseClass.java:39)
	at org.base.BaseClass.edgeBrowser(BaseClass.java:39)
	at org.base.BaseClass.edgeBrowser(BaseClass.java:39)
	at org.base.BaseClass.edgeBrowser(BaseClass.java:39)
	at org.base.BaseClass.edgeBrowser(BaseClass.java:39)
	at org.base.BaseClass.edgeBrowser(BaseClass.java:39)
	at org.base.BaseClass.edgeBrowser(BaseClass.java:39)
	at org.base.BaseClass.edgeBrowser(BaseClass.java:39)
	at org.base.BaseClass.edgeBrowser(BaseClass.java:39)
	at org.base.BaseClass.edgeBrowser(BaseClass.java:39)
	at org.base.BaseClass.edgeBrowser(BaseClass.java:39)
	at org.base.BaseClass.edgeBrowser(BaseClass.java:39)
	at org.base.BaseClass.edgeBrowser(BaseClass.java:39)
	at org.base.BaseClass.edgeBrowser(BaseClass.java:39)
	at org.base.BaseClass.edgeBrowser(BaseClass.java:39)
	at org.base.BaseClass.edgeBrowser(BaseClass.java:39)
	at org.base.BaseClass.edgeBrowser(BaseClass.java:39)
	at org.base.BaseClass.edgeBrowser(BaseClass.java:39)
	at org.base.BaseClass.edgeBrowser(BaseClass.java:39)
	at org.base.BaseClass.edgeBrowser(BaseClass.java:39)
	at org.base.BaseClass.edgeBrowser(BaseClass.java:39)
	at org.base.BaseClass.edgeBrowser(BaseClass.java:39)
	at org.base.BaseClass.edgeBrowser(BaseClass.java:39)
	at org.base.BaseClass.edgeBrowser(BaseClass.java:39)
	at org.base.BaseClass.edgeBrowser(BaseClass.java:39)
	at org.base.BaseClass.edgeBrowser(BaseClass.java:39)
	at org.base.BaseClass.edgeBrowser(BaseClass.java:39)
	at org.base.BaseClass.edgeBrowser(BaseClass.java:39)
	at org.base.BaseClass.edgeBrowser(BaseClass.java:39)
	at org.base.BaseClass.edgeBrowser(BaseClass.java:39)
	at org.base.BaseClass.edgeBrowser(BaseClass.java:39)
	at org.base.BaseClass.edgeBrowser(BaseClass.java:39)
	at org.base.BaseClass.edgeBrowser(BaseClass.java:39)
	at org.base.BaseClass.edgeBrowser(BaseClass.java:39)
	at org.base.BaseClass.edgeBrowser(BaseClass.java:39)
	at org.base.BaseClass.edgeBrowser(BaseClass.java:39)
	at org.base.BaseClass.edgeBrowser(BaseClass.java:39)
	at org.base.BaseClass.edgeBrowser(BaseClass.java:39)
	at org.base.BaseClass.edgeBrowser(BaseClass.java:39)
	at org.base.BaseClass.edgeBrowser(BaseClass.java:39)
	at org.base.BaseClass.edgeBrowser(BaseClass.java:39)
	at org.base.BaseClass.edgeBrowser(BaseClass.java:39)
	at org.base.BaseClass.edgeBrowser(BaseClass.java:39)
	at org.base.BaseClass.edgeBrowser(BaseClass.java:39)
	at org.base.BaseClass.edgeBrowser(BaseClass.java:39)
	at org.base.BaseClass.edgeBrowser(BaseClass.java:39)
	at org.base.BaseClass.edgeBrowser(BaseClass.java:39)
	at org.base.BaseClass.edgeBrowser(BaseClass.java:39)
	at org.base.BaseClass.edgeBrowser(BaseClass.java:39)
	at org.base.BaseClass.edgeBrowser(BaseClass.java:39)
	at org.base.BaseClass.edgeBrowser(BaseClass.java:39)
	at org.base.BaseClass.edgeBrowser(BaseClass.java:39)
	at org.base.BaseClass.edgeBrowser(BaseClass.java:39)
	at org.base.BaseClass.edgeBrowser(BaseClass.java:39)
	at org.base.BaseClass.edgeBrowser(BaseClass.java:39)
	at org.base.BaseClass.edgeBrowser(BaseClass.java:39)
	at org.base.BaseClass.edgeBrowser(BaseClass.java:39)
	at org.base.BaseClass.edgeBrowser(BaseClass.java:39)
	at org.base.BaseClass.edgeBrowser(BaseClass.java:39)
	at org.base.BaseClass.edgeBrowser(BaseClass.java:39)
	at org.base.BaseClass.edgeBrowser(BaseClass.java:39)
	at org.base.BaseClass.edgeBrowser(BaseClass.java:39)
	at org.base.BaseClass.edgeBrowser(BaseClass.java:39)
	at org.base.BaseClass.edgeBrowser(BaseClass.java:39)
	at org.base.BaseClass.edgeBrowser(BaseClass.java:39)
	at org.base.BaseClass.edgeBrowser(BaseClass.java:39)
	at org.base.BaseClass.edgeBrowser(BaseClass.java:39)
	at org.base.BaseClass.edgeBrowser(BaseClass.java:39)
	at org.base.BaseClass.edgeBrowser(BaseClass.java:39)
	at org.base.BaseClass.edgeBrowser(BaseClass.java:39)
	at org.base.BaseClass.edgeBrowser(BaseClass.java:39)
	at org.base.BaseClass.edgeBrowser(BaseClass.java:39)
	at org.base.BaseClass.edgeBrowser(BaseClass.java:39)
	at org.base.BaseClass.edgeBrowser(BaseClass.java:39)
	at org.base.BaseClass.edgeBrowser(BaseClass.java:39)
	at org.base.BaseClass.edgeBrowser(BaseClass.java:39)
	at org.base.BaseClass.edgeBrowser(BaseClass.java:39)
	at org.base.BaseClass.edgeBrowser(BaseClass.java:39)
	at org.base.BaseClass.edgeBrowser(BaseClass.java:39)
	at org.base.BaseClass.edgeBrowser(BaseClass.java:39)
	at org.base.BaseClass.edgeBrowser(BaseClass.java:39)
	at org.base.BaseClass.edgeBrowser(BaseClass.java:39)
	at org.base.BaseClass.edgeBrowser(BaseClass.java:39)
	at org.base.BaseClass.edgeBrowser(BaseClass.java:39)
	at org.base.BaseClass.edgeBrowser(BaseClass.java:39)
	at org.base.BaseClass.edgeBrowser(BaseClass.java:39)
	at org.base.BaseClass.edgeBrowser(BaseClass.java:39)
	at org.base.BaseClass.edgeBrowser(BaseClass.java:39)
	at org.base.BaseClass.edgeBrowser(BaseClass.java:39)
	at org.base.BaseClass.edgeBrowser(BaseClass.java:39)
	at org.base.BaseClass.edgeBrowser(BaseClass.java:39)
	at org.base.BaseClass.edgeBrowser(BaseClass.java:39)
	at org.base.BaseClass.edgeBrowser(BaseClass.java:39)
	at org.base.BaseClass.edgeBrowser(BaseClass.java:39)
	at org.base.BaseClass.edgeBrowser(BaseClass.java:39)
	at org.base.BaseClass.edgeBrowser(BaseClass.java:39)
	at org.base.BaseClass.edgeBrowser(BaseClass.java:39)
	at org.base.BaseClass.edgeBrowser(BaseClass.java:39)
	at org.base.BaseClass.edgeBrowser(BaseClass.java:39)
	at org.base.BaseClass.edgeBrowser(BaseClass.java:39)
	at org.base.BaseClass.edgeBrowser(BaseClass.java:39)
	at org.base.BaseClass.edgeBrowser(BaseClass.java:39)
	at org.base.BaseClass.edgeBrowser(BaseClass.java:39)
	at org.base.BaseClass.edgeBrowser(BaseClass.java:39)
	at org.base.BaseClass.edgeBrowser(BaseClass.java:39)
	at org.base.BaseClass.edgeBrowser(BaseClass.java:39)
	at org.base.BaseClass.edgeBrowser(BaseClass.java:39)
	at org.base.BaseClass.edgeBrowser(BaseClass.java:39)
	at org.base.BaseClass.edgeBrowser(BaseClass.java:39)
	at org.base.BaseClass.edgeBrowser(BaseClass.java:39)
]]>
    </failure>
  </testcase> <!-- @BeforeClass beforeclass -->
  <testcase name="@BeforeMethod beforemethod" time="0.0" classname="org.sample.Sample1">
    <skipped/>
  </testcase> <!-- @BeforeMethod beforemethod -->
  <testcase name="@AfterMethod aftermethod" time="0.0" classname="org.sample.Sample1">
    <skipped/>
  </testcase> <!-- @AfterMethod aftermethod -->
  <testcase name="@BeforeMethod beforemethod" time="0.0" classname="org.sample.Sample1">
    <skipped/>
  </testcase> <!-- @BeforeMethod beforemethod -->
  <testcase name="@AfterMethod aftermethod" time="0.0" classname="org.sample.Sample1">
    <skipped/>
  </testcase> <!-- @AfterMethod aftermethod -->
  <testcase name="@AfterClass afterclass" time="0.0" classname="org.sample.Sample1">
    <skipped/>
  </testcase> <!-- @AfterClass afterclass -->
  <testcase name="test1" time="0.015" classname="org.sample.Sample1">
    <skipped/>
  </testcase> <!-- test1 -->
  <testcase name="test2" time="0.0" classname="org.sample.Sample1">
    <skipped/>
  </testcase> <!-- test2 -->
</testsuite> <!-- Test2 -->
