<?xml version="1.0" encoding="UTF-8"?>
<testng-results skipped="4" failed="0" total="4" passed="0">
  <reporter-output>
  </reporter-output>
  <suite name="Suite" duration-ms="17599" started-at="2023-09-09T06:12:02Z" finished-at="2023-09-09T06:12:20Z">
    <groups>
    </groups>
    <test name="Test2" duration-ms="16795" started-at="2023-09-09T06:12:02Z" finished-at="2023-09-09T06:12:19Z">
      <class name="org.sample.Sample1">
        <test-method status="FAIL" signature="beforeclass(java.lang.String)[pri:0, instance:org.sample.Sample1@68837a77]" name="beforeclass" is-config="true" duration-ms="0" started-at="2023-09-09T11:42:02Z" finished-at="2023-09-09T11:42:02Z">
          <params>
            <param index="0">
              <value>
                <![CDATA[edge]]>
              </value>
            </param>
          </params>
          <exception class="java.lang.StackOverflowError">
            <full-stacktrace>
              <![CDATA[java.lang.StackOverflowError
	at org.base.BaseClass.edgeBrowser(BaseClass.java:39)
	at org.base.BaseClass.edgeBrowser(BaseClass.java:39)
	at org.base.BaseClass.edgeBrowser(BaseClass.java:39)
	at org.base.BaseClass.edgeBrowser(BaseClass.java:39)
	at org.base.BaseClass.edgeBrowser(BaseClass.java:39)
	at org.base.BaseClass.edgeBrowser(BaseClass.java:39)
	at org.base.BaseClass.edgeBrowser(BaseClass.java:39)
	at org.base.BaseClass.edgeBrowser(BaseClass.java:39)
	at org.base.BaseClass.edgeBrowser(BaseClass.java:39)
	at org.base.BaseClass.edgeBrowser(BaseClass.java:39)
	at org.base.BaseClass.edgeBrowser(BaseClass.java:39)
	at org.base.BaseClass.edgeBrowser(BaseClass.java:39)
	at org.base.BaseClass.edgeBrowser(BaseClass.java:39)
	at org.base.BaseClass.edgeBrowser(BaseClass.java:39)
	at org.base.BaseClass.edgeBrowser(BaseClass.java:39)
	at org.base.BaseClass.edgeBrowser(BaseClass.java:39)
	at org.base.BaseClass.edgeBrowser(BaseClass.java:39)
	at org.base.BaseClass.edgeBrowser(BaseClass.java:39)
	at org.base.BaseClass.edgeBrowser(BaseClass.java:39)
	at org.base.BaseClass.edgeBrowser(BaseClass.java:39)
	at org.base.BaseClass.edgeBrowser(BaseClass.java:39)
	at org.base.BaseClass.edgeBrowser(BaseClass.java:39)
	at org.base.BaseClass.edgeBrowser(BaseClass.java:39)
	at org.base.BaseClass.edgeBrowser(BaseClass.java:39)
	at org.base.BaseClass.edgeBrowser(BaseClass.java:39)
	at org.base.BaseClass.edgeBrowser(BaseClass.java:39)
	at org.base.BaseClass.edgeBrowser(BaseClass.java:39)
	at org.base.BaseClass.edgeBrowser(BaseClass.java:39)
	at org.base.BaseClass.edgeBrowser(BaseClass.java:39)
	at org.base.BaseClass.edgeBrowser(BaseClass.java:39)
	at org.base.BaseClass.edgeBrowser(BaseClass.java:39)
	at org.base.BaseClass.edgeBrowser(BaseClass.java:39)
	at org.base.BaseClass.edgeBrowser(BaseClass.java:39)
	at org.base.BaseClass.edgeBrowser(BaseClass.java:39)
	at org.base.BaseClass.edgeBrowser(BaseClass.java:39)
	at org.base.BaseClass.edgeBrowser(BaseClass.java:39)
	at org.base.BaseClass.edgeBrowser(BaseClass.java:39)
	at org.base.BaseClass.edgeBrowser(BaseClass.java:39)
	at org.base.BaseClass.edgeBrowser(BaseClass.java:39)
	at org.base.BaseClass.edgeBrowser(BaseClass.java:39)
	at org.base.BaseClass.edgeBrowser(BaseClass.java:39)
	at org.base.BaseClass.edgeBrowser(BaseClass.java:39)
	at org.base.BaseClass.edgeBrowser(BaseClass.java:39)
	at org.base.BaseClass.edgeBrowser(BaseClass.java:39)
	at org.base.BaseClass.edgeBrowser(BaseClass.java:39)
	at org.base.BaseClass.edgeBrowser(BaseClass.java:39)
	at org.base.BaseClass.edgeBrowser(BaseClass.java:39)
	at org.base.BaseClass.edgeBrowser(BaseClass.java:39)
	at org.base.BaseClass.edgeBrowser(BaseClass.java:39)
	at org.base.BaseClass.edgeBrowser(BaseClass.java:39)
	at org.base.BaseClass.edgeBrowser(BaseClass.java:39)
	at org.base.BaseClass.edgeBrowser(BaseClass.java:39)
	at org.base.BaseClass.edgeBrowser(BaseClass.java:39)
	at org.base.BaseClass.edgeBrowser(BaseClass.java:39)
	at org.base.BaseClass.edgeBrowser(BaseClass.java:39)
	at org.base.BaseClass.edgeBrowser(BaseClass.java:39)
	at org.base.BaseClass.edgeBrowser(BaseClass.java:39)
	at org.base.BaseClass.edgeBrowser(BaseClass.java:39)
	at org.base.BaseClass.edgeBrowser(BaseClass.java:39)
	at org.base.BaseClass.edgeBrowser(BaseClass.java:39)
	at org.base.BaseClass.edgeBrowser(BaseClass.java:39)
	at org.base.BaseClass.edgeBrowser(BaseClass.java:39)
	at org.base.BaseClass.edgeBrowser(BaseClass.java:39)
	at org.base.BaseClass.edgeBrowser(BaseClass.java:39)
	at org.base.BaseClass.edgeBrowser(BaseClass.java:39)
	at org.base.BaseClass.edgeBrowser(BaseClass.java:39)
	at org.base.BaseClass.edgeBrowser(BaseClass.java:39)
	at org.base.BaseClass.edgeBrowser(BaseClass.java:39)
	at org.base.BaseClass.edgeBrowser(BaseClass.java:39)
	at org.base.BaseClass.edgeBrowser(BaseClass.java:39)
	at org.base.BaseClass.edgeBrowser(BaseClass.java:39)
	at org.base.BaseClass.edgeBrowser(BaseClass.java:39)
	at org.base.BaseClass.edgeBrowser(BaseClass.java:39)
	at org.base.BaseClass.edgeBrowser(BaseClass.java:39)
	at org.base.BaseClass.edgeBrowser(BaseClass.java:39)
	at org.base.BaseClass.edgeBrowser(BaseClass.java:39)
	at org.base.BaseClass.edgeBrowser(BaseClass.java:39)
	at org.base.BaseClass.edgeBrowser(BaseClass.java:39)
	at org.base.BaseClass.edgeBrowser(BaseClass.java:39)
	at org.base.BaseClass.edgeBrowser(BaseClass.java:39)
	at org.base.BaseClass.edgeBrowser(BaseClass.java:39)
	at org.base.BaseClass.edgeBrowser(BaseClass.java:39)
	at org.base.BaseClass.edgeBrowser(BaseClass.java:39)
	at org.base.BaseClass.edgeBrowser(BaseClass.java:39)
	at org.base.BaseClass.edgeBrowser(BaseClass.java:39)
	at org.base.BaseClass.edgeBrowser(BaseClass.java:39)
	at org.base.BaseClass.edgeBrowser(BaseClass.java:39)
	at org.base.BaseClass.edgeBrowser(BaseClass.java:39)
	at org.base.BaseClass.edgeBrowser(BaseClass.java:39)
	at org.base.BaseClass.edgeBrowser(BaseClass.java:39)
	at org.base.BaseClass.edgeBrowser(BaseClass.java:39)
	at org.base.BaseClass.edgeBrowser(BaseClass.java:39)
	at org.base.BaseClass.edgeBrowser(BaseClass.java:39)
	at org.base.BaseClass.edgeBrowser(BaseClass.java:39)
	at org.base.BaseClass.edgeBrowser(BaseClass.java:39)
	at org.base.BaseClass.edgeBrowser(BaseClass.java:39)
	at org.base.BaseClass.edgeBrowser(BaseClass.java:39)
	at org.base.BaseClass.edgeBrowser(BaseClass.java:39)
	at org.base.BaseClass.edgeBrowser(BaseClass.java:39)
	at org.base.BaseClass.edgeBrowser(BaseClass.java:39)
	at org.base.BaseClass.edgeBrowser(BaseClass.java:39)
	at org.base.BaseClass.edgeBrowser(BaseClass.java:39)
	at org.base.BaseClass.edgeBrowser(BaseClass.java:39)
	at org.base.BaseClass.edgeBrowser(BaseClass.java:39)
	at org.base.BaseClass.edgeBrowser(BaseClass.java:39)
	at org.base.BaseClass.edgeBrowser(BaseClass.java:39)
	at org.base.BaseClass.edgeBrowser(BaseClass.java:39)
	at org.base.BaseClass.edgeBrowser(BaseClass.java:39)
	at org.base.BaseClass.edgeBrowser(BaseClass.java:39)
	at org.base.BaseClass.edgeBrowser(BaseClass.java:39)
	at org.base.BaseClass.edgeBrowser(BaseClass.java:39)
	at org.base.BaseClass.edgeBrowser(BaseClass.java:39)
	at org.base.BaseClass.edgeBrowser(BaseClass.java:39)
	at org.base.BaseClass.edgeBrowser(BaseClass.java:39)
	at org.base.BaseClass.edgeBrowser(BaseClass.java:39)
	at org.base.BaseClass.edgeBrowser(BaseClass.java:39)
	at org.base.BaseClass.edgeBrowser(BaseClass.java:39)
	at org.base.BaseClass.edgeBrowser(BaseClass.java:39)
	at org.base.BaseClass.edgeBrowser(BaseClass.java:39)
	at org.base.BaseClass.edgeBrowser(BaseClass.java:39)
	at org.base.BaseClass.edgeBrowser(BaseClass.java:39)
	at org.base.BaseClass.edgeBrowser(BaseClass.java:39)
	at org.base.BaseClass.edgeBrowser(BaseClass.java:39)
	at org.base.BaseClass.edgeBrowser(BaseClass.java:39)
	at org.base.BaseClass.edgeBrowser(BaseClass.java:39)
	at org.base.BaseClass.edgeBrowser(BaseClass.java:39)
	at org.base.BaseClass.edgeBrowser(BaseClass.java:39)
	at org.base.BaseClass.edgeBrowser(BaseClass.java:39)
	at org.base.BaseClass.edgeBrowser(BaseClass.java:39)
	at org.base.BaseClass.edgeBrowser(BaseClass.java:39)
	at org.base.BaseClass.edgeBrowser(BaseClass.java:39)
	at org.base.BaseClass.edgeBrowser(BaseClass.java:39)
	at org.base.BaseClass.edgeBrowser(BaseClass.java:39)
	at org.base.BaseClass.edgeBrowser(BaseClass.java:39)
	at org.base.BaseClass.edgeBrowser(BaseClass.java:39)
	at org.base.BaseClass.edgeBrowser(BaseClass.java:39)
	at org.base.BaseClass.edgeBrowser(BaseClass.java:39)
	at org.base.BaseClass.edgeBrowser(BaseClass.java:39)
	at org.base.BaseClass.edgeBrowser(BaseClass.java:39)
	at org.base.BaseClass.edgeBrowser(BaseClass.java:39)
	at org.base.BaseClass.edgeBrowser(BaseClass.java:39)
	at org.base.BaseClass.edgeBrowser(BaseClass.java:39)
	at org.base.BaseClass.edgeBrowser(BaseClass.java:39)
	at org.base.BaseClass.edgeBrowser(BaseClass.java:39)
	at org.base.BaseClass.edgeBrowser(BaseClass.java:39)
	at org.base.BaseClass.edgeBrowser(BaseClass.java:39)
	at org.base.BaseClass.edgeBrowser(BaseClass.java:39)
	at org.base.BaseClass.edgeBrowser(BaseClass.java:39)
	at org.base.BaseClass.edgeBrowser(BaseClass.java:39)
	at org.base.BaseClass.edgeBrowser(BaseClass.java:39)
	at org.base.BaseClass.edgeBrowser(BaseClass.java:39)
	at org.base.BaseClass.edgeBrowser(BaseClass.java:39)
	at org.base.BaseClass.edgeBrowser(BaseClass.java:39)
	at org.base.BaseClass.edgeBrowser(BaseClass.java:39)
	at org.base.BaseClass.edgeBrowser(BaseClass.java:39)
	at org.base.BaseClass.edgeBrowser(BaseClass.java:39)
	at org.base.BaseClass.edgeBrowser(BaseClass.java:39)
	at org.base.BaseClass.edgeBrowser(BaseClass.java:39)
	at org.base.BaseClass.edgeBrowser(BaseClass.java:39)
	at org.base.BaseClass.edgeBrowser(BaseClass.java:39)
	at org.base.BaseClass.edgeBrowser(BaseClass.java:39)
	at org.base.BaseClass.edgeBrowser(BaseClass.java:39)
	at org.base.BaseClass.edgeBrowser(BaseClass.java:39)
	at org.base.BaseClass.edgeBrowser(BaseClass.java:39)
	at org.base.BaseClass.edgeBrowser(BaseClass.java:39)
	at org.base.BaseClass.edgeBrowser(BaseClass.java:39)
	at org.base.BaseClass.edgeBrowser(BaseClass.java:39)
	at org.base.BaseClass.edgeBrowser(BaseClass.java:39)
	at org.base.BaseClass.edgeBrowser(BaseClass.java:39)
	at org.base.BaseClass.edgeBrowser(BaseClass.java:39)
	at org.base.BaseClass.edgeBrowser(BaseClass.java:39)
	at org.base.BaseClass.edgeBrowser(BaseClass.java:39)
	at org.base.BaseClass.edgeBrowser(BaseClass.java:39)
	at org.base.BaseClass.edgeBrowser(BaseClass.java:39)
	at org.base.BaseClass.edgeBrowser(BaseClass.java:39)
	at org.base.BaseClass.edgeBrowser(BaseClass.java:39)
	at org.base.BaseClass.edgeBrowser(BaseClass.java:39)
	at org.base.BaseClass.edgeBrowser(BaseClass.java:39)
	at org.base.BaseClass.edgeBrowser(BaseClass.java:39)
	at org.base.BaseClass.edgeBrowser(BaseClass.java:39)
	at org.base.BaseClass.edgeBrowser(BaseClass.java:39)
	at org.base.BaseClass.edgeBrowser(BaseClass.java:39)
	at org.base.BaseClass.edgeBrowser(BaseClass.java:39)
	at org.base.BaseClass.edgeBrowser(BaseClass.java:39)
	at org.base.BaseClass.edgeBrowser(BaseClass.java:39)
	at org.base.BaseClass.edgeBrowser(BaseClass.java:39)
	at org.base.BaseClass.edgeBrowser(BaseClass.java:39)
	at org.base.BaseClass.edgeBrowser(BaseClass.java:39)
	at org.base.BaseClass.edgeBrowser(BaseClass.java:39)
	at org.base.BaseClass.edgeBrowser(BaseClass.java:39)
	at org.base.BaseClass.edgeBrowser(BaseClass.java:39)
	at org.base.BaseClass.edgeBrowser(BaseClass.java:39)
	at org.base.BaseClass.edgeBrowser(BaseClass.java:39)
	at org.base.BaseClass.edgeBrowser(BaseClass.java:39)
	at org.base.BaseClass.edgeBrowser(BaseClass.java:39)
	at org.base.BaseClass.edgeBrowser(BaseClass.java:39)
	at org.base.BaseClass.edgeBrowser(BaseClass.java:39)
	at org.base.BaseClass.edgeBrowser(BaseClass.java:39)
	at org.base.BaseClass.edgeBrowser(BaseClass.java:39)
	at org.base.BaseClass.edgeBrowser(BaseClass.java:39)
	at org.base.BaseClass.edgeBrowser(BaseClass.java:39)
	at org.base.BaseClass.edgeBrowser(BaseClass.java:39)
	at org.base.BaseClass.edgeBrowser(BaseClass.java:39)
	at org.base.BaseClass.edgeBrowser(BaseClass.java:39)
	at org.base.BaseClass.edgeBrowser(BaseClass.java:39)
	at org.base.BaseClass.edgeBrowser(BaseClass.java:39)
	at org.base.BaseClass.edgeBrowser(BaseClass.java:39)
	at org.base.BaseClass.edgeBrowser(BaseClass.java:39)
	at org.base.BaseClass.edgeBrowser(BaseClass.java:39)
	at org.base.BaseClass.edgeBrowser(BaseClass.java:39)
	at org.base.BaseClass.edgeBrowser(BaseClass.java:39)
	at org.base.BaseClass.edgeBrowser(BaseClass.java:39)
	at org.base.BaseClass.edgeBrowser(BaseClass.java:39)
	at org.base.BaseClass.edgeBrowser(BaseClass.java:39)
	at org.base.BaseClass.edgeBrowser(BaseClass.java:39)
	at org.base.BaseClass.edgeBrowser(BaseClass.java:39)
	at org.base.BaseClass.edgeBrowser(BaseClass.java:39)
	at org.base.BaseClass.edgeBrowser(BaseClass.java:39)
	at org.base.BaseClass.edgeBrowser(BaseClass.java:39)
	at org.base.BaseClass.edgeBrowser(BaseClass.java:39)
	at org.base.BaseClass.edgeBrowser(BaseClass.java:39)
	at org.base.BaseClass.edgeBrowser(BaseClass.java:39)
	at org.base.BaseClass.edgeBrowser(BaseClass.java:39)
	at org.base.BaseClass.edgeBrowser(BaseClass.java:39)
	at org.base.BaseClass.edgeBrowser(BaseClass.java:39)
	at org.base.BaseClass.edgeBrowser(BaseClass.java:39)
	at org.base.BaseClass.edgeBrowser(BaseClass.java:39)
	at org.base.BaseClass.edgeBrowser(BaseClass.java:39)
	at org.base.BaseClass.edgeBrowser(BaseClass.java:39)
	at org.base.BaseClass.edgeBrowser(BaseClass.java:39)
	at org.base.BaseClass.edgeBrowser(BaseClass.java:39)
	at org.base.BaseClass.edgeBrowser(BaseClass.java:39)
	at org.base.BaseClass.edgeBrowser(BaseClass.java:39)
	at org.base.BaseClass.edgeBrowser(BaseClass.java:39)
	at org.base.BaseClass.edgeBrowser(BaseClass.java:39)
	at org.base.BaseClass.edgeBrowser(BaseClass.java:39)
	at org.base.BaseClass.edgeBrowser(BaseClass.java:39)
	at org.base.BaseClass.edgeBrowser(BaseClass.java:39)
	at org.base.BaseClass.edgeBrowser(BaseClass.java:39)
	at org.base.BaseClass.edgeBrowser(BaseClass.java:39)
	at org.base.BaseClass.edgeBrowser(BaseClass.java:39)
	at org.base.BaseClass.edgeBrowser(BaseClass.java:39)
	at org.base.BaseClass.edgeBrowser(BaseClass.java:39)
	at org.base.BaseClass.edgeBrowser(BaseClass.java:39)
	at org.base.BaseClass.edgeBrowser(BaseClass.java:39)
	at org.base.BaseClass.edgeBrowser(BaseClass.java:39)
	at org.base.BaseClass.edgeBrowser(BaseClass.java:39)
	at org.base.BaseClass.edgeBrowser(BaseClass.java:39)
	at org.base.BaseClass.edgeBrowser(BaseClass.java:39)
	at org.base.BaseClass.edgeBrowser(BaseClass.java:39)
	at org.base.BaseClass.edgeBrowser(BaseClass.java:39)
	at org.base.BaseClass.edgeBrowser(BaseClass.java:39)
	at org.base.BaseClass.edgeBrowser(BaseClass.java:39)
	at org.base.BaseClass.edgeBrowser(BaseClass.java:39)
	at org.base.BaseClass.edgeBrowser(BaseClass.java:39)
	at org.base.BaseClass.edgeBrowser(BaseClass.java:39)
	at org.base.BaseClass.edgeBrowser(BaseClass.java:39)
	at org.base.BaseClass.edgeBrowser(BaseClass.java:39)
	at org.base.BaseClass.edgeBrowser(BaseClass.java:39)
	at org.base.BaseClass.edgeBrowser(BaseClass.java:39)
	at org.base.BaseClass.edgeBrowser(BaseClass.java:39)
	at org.base.BaseClass.edgeBrowser(BaseClass.java:39)
	at org.base.BaseClass.edgeBrowser(BaseClass.java:39)
	at org.base.BaseClass.edgeBrowser(BaseClass.java:39)
	at org.base.BaseClass.edgeBrowser(BaseClass.java:39)
	at org.base.BaseClass.edgeBrowser(BaseClass.java:39)
	at org.base.BaseClass.edgeBrowser(BaseClass.java:39)
	at org.base.BaseClass.edgeBrowser(BaseClass.java:39)
	at org.base.BaseClass.edgeBrowser(BaseClass.java:39)
	at org.base.BaseClass.edgeBrowser(BaseClass.java:39)
	at org.base.BaseClass.edgeBrowser(BaseClass.java:39)
	at org.base.BaseClass.edgeBrowser(BaseClass.java:39)
	at org.base.BaseClass.edgeBrowser(BaseClass.java:39)
	at org.base.BaseClass.edgeBrowser(BaseClass.java:39)
	at org.base.BaseClass.edgeBrowser(BaseClass.java:39)
	at org.base.BaseClass.edgeBrowser(BaseClass.java:39)
	at org.base.BaseClass.edgeBrowser(BaseClass.java:39)
	at org.base.BaseClass.edgeBrowser(BaseClass.java:39)
	at org.base.BaseClass.edgeBrowser(BaseClass.java:39)
	at org.base.BaseClass.edgeBrowser(BaseClass.java:39)
	at org.base.BaseClass.edgeBrowser(BaseClass.java:39)
	at org.base.BaseClass.edgeBrowser(BaseClass.java:39)
	at org.base.BaseClass.edgeBrowser(BaseClass.java:39)
	at org.base.BaseClass.edgeBrowser(BaseClass.java:39)
	at org.base.BaseClass.edgeBrowser(BaseClass.java:39)
	at org.base.BaseClass.edgeBrowser(BaseClass.java:39)
	at org.base.BaseClass.edgeBrowser(BaseClass.java:39)
	at org.base.BaseClass.edgeBrowser(BaseClass.java:39)
	at org.base.BaseClass.edgeBrowser(BaseClass.java:39)
	at org.base.BaseClass.edgeBrowser(BaseClass.java:39)
	at org.base.BaseClass.edgeBrowser(BaseClass.java:39)
	at org.base.BaseClass.edgeBrowser(BaseClass.java:39)
	at org.base.BaseClass.edgeBrowser(BaseClass.java:39)
	at org.base.BaseClass.edgeBrowser(BaseClass.java:39)
	at org.base.BaseClass.edgeBrowser(BaseClass.java:39)
	at org.base.BaseClass.edgeBrowser(BaseClass.java:39)
	at org.base.BaseClass.edgeBrowser(BaseClass.java:39)
	at org.base.BaseClass.edgeBrowser(BaseClass.java:39)
	at org.base.BaseClass.edgeBrowser(BaseClass.java:39)
	at org.base.BaseClass.edgeBrowser(BaseClass.java:39)
	at org.base.BaseClass.edgeBrowser(BaseClass.java:39)
	at org.base.BaseClass.edgeBrowser(BaseClass.java:39)
	at org.base.BaseClass.edgeBrowser(BaseClass.java:39)
	at org.base.BaseClass.edgeBrowser(BaseClass.java:39)
	at org.base.BaseClass.edgeBrowser(BaseClass.java:39)
	at org.base.BaseClass.edgeBrowser(BaseClass.java:39)
	at org.base.BaseClass.edgeBrowser(BaseClass.java:39)
	at org.base.BaseClass.edgeBrowser(BaseClass.java:39)
	at org.base.BaseClass.edgeBrowser(BaseClass.java:39)
	at org.base.BaseClass.edgeBrowser(BaseClass.java:39)
	at org.base.BaseClass.edgeBrowser(BaseClass.java:39)
	at org.base.BaseClass.edgeBrowser(BaseClass.java:39)
	at org.base.BaseClass.edgeBrowser(BaseClass.java:39)
	at org.base.BaseClass.edgeBrowser(BaseClass.java:39)
	at org.base.BaseClass.edgeBrowser(BaseClass.java:39)
	at org.base.BaseClass.edgeBrowser(BaseClass.java:39)
	at org.base.BaseClass.edgeBrowser(BaseClass.java:39)
	at org.base.BaseClass.edgeBrowser(BaseClass.java:39)
	at org.base.BaseClass.edgeBrowser(BaseClass.java:39)
	at org.base.BaseClass.edgeBrowser(BaseClass.java:39)
	at org.base.BaseClass.edgeBrowser(BaseClass.java:39)
	at org.base.BaseClass.edgeBrowser(BaseClass.java:39)
	at org.base.BaseClass.edgeBrowser(BaseClass.java:39)
	at org.base.BaseClass.edgeBrowser(BaseClass.java:39)
	at org.base.BaseClass.edgeBrowser(BaseClass.java:39)
	at org.base.BaseClass.edgeBrowser(BaseClass.java:39)
	at org.base.BaseClass.edgeBrowser(BaseClass.java:39)
	at org.base.BaseClass.edgeBrowser(BaseClass.java:39)
	at org.base.BaseClass.edgeBrowser(BaseClass.java:39)
	at org.base.BaseClass.edgeBrowser(BaseClass.java:39)
	at org.base.BaseClass.edgeBrowser(BaseClass.java:39)
	at org.base.BaseClass.edgeBrowser(BaseClass.java:39)
	at org.base.BaseClass.edgeBrowser(BaseClass.java:39)
	at org.base.BaseClass.edgeBrowser(BaseClass.java:39)
	at org.base.BaseClass.edgeBrowser(BaseClass.java:39)
	at org.base.BaseClass.edgeBrowser(BaseClass.java:39)
	at org.base.BaseClass.edgeBrowser(BaseClass.java:39)
	at org.base.BaseClass.edgeBrowser(BaseClass.java:39)
	at org.base.BaseClass.edgeBrowser(BaseClass.java:39)
	at org.base.BaseClass.edgeBrowser(BaseClass.java:39)
	at org.base.BaseClass.edgeBrowser(BaseClass.java:39)
	at org.base.BaseClass.edgeBrowser(BaseClass.java:39)
	at org.base.BaseClass.edgeBrowser(BaseClass.java:39)
	at org.base.BaseClass.edgeBrowser(BaseClass.java:39)
	at org.base.BaseClass.edgeBrowser(BaseClass.java:39)
	at org.base.BaseClass.edgeBrowser(BaseClass.java:39)
	at org.base.BaseClass.edgeBrowser(BaseClass.java:39)
	at org.base.BaseClass.edgeBrowser(BaseClass.java:39)
	at org.base.BaseClass.edgeBrowser(BaseClass.java:39)
	at org.base.BaseClass.edgeBrowser(BaseClass.java:39)
	at org.base.BaseClass.edgeBrowser(BaseClass.java:39)
	at org.base.BaseClass.edgeBrowser(BaseClass.java:39)
	at org.base.BaseClass.edgeBrowser(BaseClass.java:39)
	at org.base.BaseClass.edgeBrowser(BaseClass.java:39)
	at org.base.BaseClass.edgeBrowser(BaseClass.java:39)
	at org.base.BaseClass.edgeBrowser(BaseClass.java:39)
	at org.base.BaseClass.edgeBrowser(BaseClass.java:39)
	at org.base.BaseClass.edgeBrowser(BaseClass.java:39)
	at org.base.BaseClass.edgeBrowser(BaseClass.java:39)
	at org.base.BaseClass.edgeBrowser(BaseClass.java:39)
	at org.base.BaseClass.edgeBrowser(BaseClass.java:39)
	at org.base.BaseClass.edgeBrowser(BaseClass.java:39)
	at org.base.BaseClass.edgeBrowser(BaseClass.java:39)
	at org.base.BaseClass.edgeBrowser(BaseClass.java:39)
	at org.base.BaseClass.edgeBrowser(BaseClass.java:39)
	at org.base.BaseClass.edgeBrowser(BaseClass.java:39)
	at org.base.BaseClass.edgeBrowser(BaseClass.java:39)
	at org.base.BaseClass.edgeBrowser(BaseClass.java:39)
	at org.base.BaseClass.edgeBrowser(BaseClass.java:39)
	at org.base.BaseClass.edgeBrowser(BaseClass.java:39)
	at org.base.BaseClass.edgeBrowser(BaseClass.java:39)
	at org.base.BaseClass.edgeBrowser(BaseClass.java:39)
	at org.base.BaseClass.edgeBrowser(BaseClass.java:39)
	at org.base.BaseClass.edgeBrowser(BaseClass.java:39)
	at org.base.BaseClass.edgeBrowser(BaseClass.java:39)
	at org.base.BaseClass.edgeBrowser(BaseClass.java:39)
	at org.base.BaseClass.edgeBrowser(BaseClass.java:39)
	at org.base.BaseClass.edgeBrowser(BaseClass.java:39)
	at org.base.BaseClass.edgeBrowser(BaseClass.java:39)
	at org.base.BaseClass.edgeBrowser(BaseClass.java:39)
	at org.base.BaseClass.edgeBrowser(BaseClass.java:39)
	at org.base.BaseClass.edgeBrowser(BaseClass.java:39)
	at org.base.BaseClass.edgeBrowser(BaseClass.java:39)
	at org.base.BaseClass.edgeBrowser(BaseClass.java:39)
	at org.base.BaseClass.edgeBrowser(BaseClass.java:39)
	at org.base.BaseClass.edgeBrowser(BaseClass.java:39)
	at org.base.BaseClass.edgeBrowser(BaseClass.java:39)
	at org.base.BaseClass.edgeBrowser(BaseClass.java:39)
	at org.base.BaseClass.edgeBrowser(BaseClass.java:39)
	at org.base.BaseClass.edgeBrowser(BaseClass.java:39)
	at org.base.BaseClass.edgeBrowser(BaseClass.java:39)
	at org.base.BaseClass.edgeBrowser(BaseClass.java:39)
	at org.base.BaseClass.edgeBrowser(BaseClass.java:39)
	at org.base.BaseClass.edgeBrowser(BaseClass.java:39)
	at org.base.BaseClass.edgeBrowser(BaseClass.java:39)
	at org.base.BaseClass.edgeBrowser(BaseClass.java:39)
	at org.base.BaseClass.edgeBrowser(BaseClass.java:39)
	at org.base.BaseClass.edgeBrowser(BaseClass.java:39)
	at org.base.BaseClass.edgeBrowser(BaseClass.java:39)
	at org.base.BaseClass.edgeBrowser(BaseClass.java:39)
	at org.base.BaseClass.edgeBrowser(BaseClass.java:39)
	at org.base.BaseClass.edgeBrowser(BaseClass.java:39)
	at org.base.BaseClass.edgeBrowser(BaseClass.java:39)
	at org.base.BaseClass.edgeBrowser(BaseClass.java:39)
	at org.base.BaseClass.edgeBrowser(BaseClass.java:39)
	at org.base.BaseClass.edgeBrowser(BaseClass.java:39)
	at org.base.BaseClass.edgeBrowser(BaseClass.java:39)
	at org.base.BaseClass.edgeBrowser(BaseClass.java:39)
	at org.base.BaseClass.edgeBrowser(BaseClass.java:39)
	at org.base.BaseClass.edgeBrowser(BaseClass.java:39)
	at org.base.BaseClass.edgeBrowser(BaseClass.java:39)
	at org.base.BaseClass.edgeBrowser(BaseClass.java:39)
	at org.base.BaseClass.edgeBrowser(BaseClass.java:39)
	at org.base.BaseClass.edgeBrowser(BaseClass.java:39)
	at org.base.BaseClass.edgeBrowser(BaseClass.java:39)
	at org.base.BaseClass.edgeBrowser(BaseClass.java:39)
	at org.base.BaseClass.edgeBrowser(BaseClass.java:39)
	at org.base.BaseClass.edgeBrowser(BaseClass.java:39)
	at org.base.BaseClass.edgeBrowser(BaseClass.java:39)
	at org.base.BaseClass.edgeBrowser(BaseClass.java:39)
	at org.base.BaseClass.edgeBrowser(BaseClass.java:39)
	at org.base.BaseClass.edgeBrowser(BaseClass.java:39)
	at org.base.BaseClass.edgeBrowser(BaseClass.java:39)
	at org.base.BaseClass.edgeBrowser(BaseClass.java:39)
	at org.base.BaseClass.edgeBrowser(BaseClass.java:39)
	at org.base.BaseClass.edgeBrowser(BaseClass.java:39)
	at org.base.BaseClass.edgeBrowser(BaseClass.java:39)
	at org.base.BaseClass.edgeBrowser(BaseClass.java:39)
	at org.base.BaseClass.edgeBrowser(BaseClass.java:39)
	at org.base.BaseClass.edgeBrowser(BaseClass.java:39)
	at org.base.BaseClass.edgeBrowser(BaseClass.java:39)
	at org.base.BaseClass.edgeBrowser(BaseClass.java:39)
	at org.base.BaseClass.edgeBrowser(BaseClass.java:39)
	at org.base.BaseClass.edgeBrowser(BaseClass.java:39)
	at org.base.BaseClass.edgeBrowser(BaseClass.java:39)
	at org.base.BaseClass.edgeBrowser(BaseClass.java:39)
	at org.base.BaseClass.edgeBrowser(BaseClass.java:39)
	at org.base.BaseClass.edgeBrowser(BaseClass.java:39)
	at org.base.BaseClass.edgeBrowser(BaseClass.java:39)
	at org.base.BaseClass.edgeBrowser(BaseClass.java:39)
	at org.base.BaseClass.edgeBrowser(BaseClass.java:39)
	at org.base.BaseClass.edgeBrowser(BaseClass.java:39)
	at org.base.BaseClass.edgeBrowser(BaseClass.java:39)
	at org.base.BaseClass.edgeBrowser(BaseClass.java:39)
	at org.base.BaseClass.edgeBrowser(BaseClass.java:39)
	at org.base.BaseClass.edgeBrowser(BaseClass.java:39)
	at org.base.BaseClass.edgeBrowser(BaseClass.java:39)
	at org.base.BaseClass.edgeBrowser(BaseClass.java:39)
	at org.base.BaseClass.edgeBrowser(BaseClass.java:39)
	at org.base.BaseClass.edgeBrowser(BaseClass.java:39)
	at org.base.BaseClass.edgeBrowser(BaseClass.java:39)
	at org.base.BaseClass.edgeBrowser(BaseClass.java:39)
	at org.base.BaseClass.edgeBrowser(BaseClass.java:39)
	at org.base.BaseClass.edgeBrowser(BaseClass.java:39)
	at org.base.BaseClass.edgeBrowser(BaseClass.java:39)
	at org.base.BaseClass.edgeBrowser(BaseClass.java:39)
	at org.base.BaseClass.edgeBrowser(BaseClass.java:39)
	at org.base.BaseClass.edgeBrowser(BaseClass.java:39)
	at org.base.BaseClass.edgeBrowser(BaseClass.java:39)
	at org.base.BaseClass.edgeBrowser(BaseClass.java:39)
	at org.base.BaseClass.edgeBrowser(BaseClass.java:39)
	at org.base.BaseClass.edgeBrowser(BaseClass.java:39)
	at org.base.BaseClass.edgeBrowser(BaseClass.java:39)
	at org.base.BaseClass.edgeBrowser(BaseClass.java:39)
	at org.base.BaseClass.edgeBrowser(BaseClass.java:39)
	at org.base.BaseClass.edgeBrowser(BaseClass.java:39)
	at org.base.BaseClass.edgeBrowser(BaseClass.java:39)
	at org.base.BaseClass.edgeBrowser(BaseClass.java:39)
	at org.base.BaseClass.edgeBrowser(BaseClass.java:39)
	at org.base.BaseClass.edgeBrowser(BaseClass.java:39)
	at org.base.BaseClass.edgeBrowser(BaseClass.java:39)
	at org.base.BaseClass.edgeBrowser(BaseClass.java:39)
	at org.base.BaseClass.edgeBrowser(BaseClass.java:39)
	at org.base.BaseClass.edgeBrowser(BaseClass.java:39)
	at org.base.BaseClass.edgeBrowser(BaseClass.java:39)
	at org.base.BaseClass.edgeBrowser(BaseClass.java:39)
	at org.base.BaseClass.edgeBrowser(BaseClass.java:39)
	at org.base.BaseClass.edgeBrowser(BaseClass.java:39)
	at org.base.BaseClass.edgeBrowser(BaseClass.java:39)
	at org.base.BaseClass.edgeBrowser(BaseClass.java:39)
	at org.base.BaseClass.edgeBrowser(BaseClass.java:39)
	at org.base.BaseClass.edgeBrowser(BaseClass.java:39)
	at org.base.BaseClass.edgeBrowser(BaseClass.java:39)
	at org.base.BaseClass.edgeBrowser(BaseClass.java:39)
	at org.base.BaseClass.edgeBrowser(BaseClass.java:39)
	at org.base.BaseClass.edgeBrowser(BaseClass.java:39)
	at org.base.BaseClass.edgeBrowser(BaseClass.java:39)
	at org.base.BaseClass.edgeBrowser(BaseClass.java:39)
	at org.base.BaseClass.edgeBrowser(BaseClass.java:39)
	at org.base.BaseClass.edgeBrowser(BaseClass.java:39)
	at org.base.BaseClass.edgeBrowser(BaseClass.java:39)
	at org.base.BaseClass.edgeBrowser(BaseClass.java:39)
	at org.base.BaseClass.edgeBrowser(BaseClass.java:39)
	at org.base.BaseClass.edgeBrowser(BaseClass.java:39)
	at org.base.BaseClass.edgeBrowser(BaseClass.java:39)
	at org.base.BaseClass.edgeBrowser(BaseClass.java:39)
	at org.base.BaseClass.edgeBrowser(BaseClass.java:39)
	at org.base.BaseClass.edgeBrowser(BaseClass.java:39)
	at org.base.BaseClass.edgeBrowser(BaseClass.java:39)
	at org.base.BaseClass.edgeBrowser(BaseClass.java:39)
	at org.base.BaseClass.edgeBrowser(BaseClass.java:39)
	at org.base.BaseClass.edgeBrowser(BaseClass.java:39)
	at org.base.BaseClass.edgeBrowser(BaseClass.java:39)
	at org.base.BaseClass.edgeBrowser(BaseClass.java:39)
	at org.base.BaseClass.edgeBrowser(BaseClass.java:39)
	at org.base.BaseClass.edgeBrowser(BaseClass.java:39)
	at org.base.BaseClass.edgeBrowser(BaseClass.java:39)
	at org.base.BaseClass.edgeBrowser(BaseClass.java:39)
	at org.base.BaseClass.edgeBrowser(BaseClass.java:39)
	at org.base.BaseClass.edgeBrowser(BaseClass.java:39)
	at org.base.BaseClass.edgeBrowser(BaseClass.java:39)
	at org.base.BaseClass.edgeBrowser(BaseClass.java:39)
	at org.base.BaseClass.edgeBrowser(BaseClass.java:39)
	at org.base.BaseClass.edgeBrowser(BaseClass.java:39)
	at org.base.BaseClass.edgeBrowser(BaseClass.java:39)
	at org.base.BaseClass.edgeBrowser(BaseClass.java:39)
	at org.base.BaseClass.edgeBrowser(BaseClass.java:39)
	at org.base.BaseClass.edgeBrowser(BaseClass.java:39)
	at org.base.BaseClass.edgeBrowser(BaseClass.java:39)
	at org.base.BaseClass.edgeBrowser(BaseClass.java:39)
	at org.base.BaseClass.edgeBrowser(BaseClass.java:39)
	at org.base.BaseClass.edgeBrowser(BaseClass.java:39)
	at org.base.BaseClass.edgeBrowser(BaseClass.java:39)
	at org.base.BaseClass.edgeBrowser(BaseClass.java:39)
	at org.base.BaseClass.edgeBrowser(BaseClass.java:39)
	at org.base.BaseClass.edgeBrowser(BaseClass.java:39)
	at org.base.BaseClass.edgeBrowser(BaseClass.java:39)
	at org.base.BaseClass.edgeBrowser(BaseClass.java:39)
	at org.base.BaseClass.edgeBrowser(BaseClass.java:39)
	at org.base.BaseClass.edgeBrowser(BaseClass.java:39)
	at org.base.BaseClass.edgeBrowser(BaseClass.java:39)
	at org.base.BaseClass.edgeBrowser(BaseClass.java:39)
	at org.base.BaseClass.edgeBrowser(BaseClass.java:39)
	at org.base.BaseClass.edgeBrowser(BaseClass.java:39)
	at org.base.BaseClass.edgeBrowser(BaseClass.java:39)
	at org.base.BaseClass.edgeBrowser(BaseClass.java:39)
	at org.base.BaseClass.edgeBrowser(BaseClass.java:39)
	at org.base.BaseClass.edgeBrowser(BaseClass.java:39)
	at org.base.BaseClass.edgeBrowser(BaseClass.java:39)
	at org.base.BaseClass.edgeBrowser(BaseClass.java:39)
	at org.base.BaseClass.edgeBrowser(BaseClass.java:39)
	at org.base.BaseClass.edgeBrowser(BaseClass.java:39)
	at org.base.BaseClass.edgeBrowser(BaseClass.java:39)
	at org.base.BaseClass.edgeBrowser(BaseClass.java:39)
	at org.base.BaseClass.edgeBrowser(BaseClass.java:39)
	at org.base.BaseClass.edgeBrowser(BaseClass.java:39)
	at org.base.BaseClass.edgeBrowser(BaseClass.java:39)
	at org.base.BaseClass.edgeBrowser(BaseClass.java:39)
	at org.base.BaseClass.edgeBrowser(BaseClass.java:39)
	at org.base.BaseClass.edgeBrowser(BaseClass.java:39)
	at org.base.BaseClass.edgeBrowser(BaseClass.java:39)
	at org.base.BaseClass.edgeBrowser(BaseClass.java:39)
	at org.base.BaseClass.edgeBrowser(BaseClass.java:39)
	at org.base.BaseClass.edgeBrowser(BaseClass.java:39)
	at org.base.BaseClass.edgeBrowser(BaseClass.java:39)
	at org.base.BaseClass.edgeBrowser(BaseClass.java:39)
	at org.base.BaseClass.edgeBrowser(BaseClass.java:39)
	at org.base.BaseClass.edgeBrowser(BaseClass.java:39)
	at org.base.BaseClass.edgeBrowser(BaseClass.java:39)
	at org.base.BaseClass.edgeBrowser(BaseClass.java:39)
	at org.base.BaseClass.edgeBrowser(BaseClass.java:39)
	at org.base.BaseClass.edgeBrowser(BaseClass.java:39)
	at org.base.BaseClass.edgeBrowser(BaseClass.java:39)
	at org.base.BaseClass.edgeBrowser(BaseClass.java:39)
	at org.base.BaseClass.edgeBrowser(BaseClass.java:39)
	at org.base.BaseClass.edgeBrowser(BaseClass.java:39)
	at org.base.BaseClass.edgeBrowser(BaseClass.java:39)
	at org.base.BaseClass.edgeBrowser(BaseClass.java:39)
	at org.base.BaseClass.edgeBrowser(BaseClass.java:39)
	at org.base.BaseClass.edgeBrowser(BaseClass.java:39)
	at org.base.BaseClass.edgeBrowser(BaseClass.java:39)
	at org.base.BaseClass.edgeBrowser(BaseClass.java:39)
	at org.base.BaseClass.edgeBrowser(BaseClass.java:39)
	at org.base.BaseClass.edgeBrowser(BaseClass.java:39)
	at org.base.BaseClass.edgeBrowser(BaseClass.java:39)
	at org.base.BaseClass.edgeBrowser(BaseClass.java:39)
	at org.base.BaseClass.edgeBrowser(BaseClass.java:39)
	at org.base.BaseClass.edgeBrowser(BaseClass.java:39)
	at org.base.BaseClass.edgeBrowser(BaseClass.java:39)
	at org.base.BaseClass.edgeBrowser(BaseClass.java:39)
	at org.base.BaseClass.edgeBrowser(BaseClass.java:39)
	at org.base.BaseClass.edgeBrowser(BaseClass.java:39)
	at org.base.BaseClass.edgeBrowser(BaseClass.java:39)
	at org.base.BaseClass.edgeBrowser(BaseClass.java:39)
	at org.base.BaseClass.edgeBrowser(BaseClass.java:39)
	at org.base.BaseClass.edgeBrowser(BaseClass.java:39)
	at org.base.BaseClass.edgeBrowser(BaseClass.java:39)
	at org.base.BaseClass.edgeBrowser(BaseClass.java:39)
	at org.base.BaseClass.edgeBrowser(BaseClass.java:39)
	at org.base.BaseClass.edgeBrowser(BaseClass.java:39)
	at org.base.BaseClass.edgeBrowser(BaseClass.java:39)
	at org.base.BaseClass.edgeBrowser(BaseClass.java:39)
	at org.base.BaseClass.edgeBrowser(BaseClass.java:39)
	at org.base.BaseClass.edgeBrowser(BaseClass.java:39)
	at org.base.BaseClass.edgeBrowser(BaseClass.java:39)
	at org.base.BaseClass.edgeBrowser(BaseClass.java:39)
	at org.base.BaseClass.edgeBrowser(BaseClass.java:39)
	at org.base.BaseClass.edgeBrowser(BaseClass.java:39)
	at org.base.BaseClass.edgeBrowser(BaseClass.java:39)
	at org.base.BaseClass.edgeBrowser(BaseClass.java:39)
	at org.base.BaseClass.edgeBrowser(BaseClass.java:39)
	at org.base.BaseClass.edgeBrowser(BaseClass.java:39)
	at org.base.BaseClass.edgeBrowser(BaseClass.java:39)
	at org.base.BaseClass.edgeBrowser(BaseClass.java:39)
	at org.base.BaseClass.edgeBrowser(BaseClass.java:39)
	at org.base.BaseClass.edgeBrowser(BaseClass.java:39)
	at org.base.BaseClass.edgeBrowser(BaseClass.java:39)
	at org.base.BaseClass.edgeBrowser(BaseClass.java:39)
	at org.base.BaseClass.edgeBrowser(BaseClass.java:39)
	at org.base.BaseClass.edgeBrowser(BaseClass.java:39)
	at org.base.BaseClass.edgeBrowser(BaseClass.java:39)
	at org.base.BaseClass.edgeBrowser(BaseClass.java:39)
	at org.base.BaseClass.edgeBrowser(BaseClass.java:39)
	at org.base.BaseClass.edgeBrowser(BaseClass.java:39)
	at org.base.BaseClass.edgeBrowser(BaseClass.java:39)
	at org.base.BaseClass.edgeBrowser(BaseClass.java:39)
	at org.base.BaseClass.edgeBrowser(BaseClass.java:39)
	at org.base.BaseClass.edgeBrowser(BaseClass.java:39)
	at org.base.BaseClass.edgeBrowser(BaseClass.java:39)
	at org.base.BaseClass.edgeBrowser(BaseClass.java:39)
	at org.base.BaseClass.edgeBrowser(BaseClass.java:39)
	at org.base.BaseClass.edgeBrowser(BaseClass.java:39)
	at org.base.BaseClass.edgeBrowser(BaseClass.java:39)
	at org.base.BaseClass.edgeBrowser(BaseClass.java:39)
	at org.base.BaseClass.edgeBrowser(BaseClass.java:39)
	at org.base.BaseClass.edgeBrowser(BaseClass.java:39)
	at org.base.BaseClass.edgeBrowser(BaseClass.java:39)
	at org.base.BaseClass.edgeBrowser(BaseClass.java:39)
	at org.base.BaseClass.edgeBrowser(BaseClass.java:39)
	at org.base.BaseClass.edgeBrowser(BaseClass.java:39)
	at org.base.BaseClass.edgeBrowser(BaseClass.java:39)
	at org.base.BaseClass.edgeBrowser(BaseClass.java:39)
	at org.base.BaseClass.edgeBrowser(BaseClass.java:39)
	at org.base.BaseClass.edgeBrowser(BaseClass.java:39)
	at org.base.BaseClass.edgeBrowser(BaseClass.java:39)
	at org.base.BaseClass.edgeBrowser(BaseClass.java:39)
	at org.base.BaseClass.edgeBrowser(BaseClass.java:39)
	at org.base.BaseClass.edgeBrowser(BaseClass.java:39)
	at org.base.BaseClass.edgeBrowser(BaseClass.java:39)
	at org.base.BaseClass.edgeBrowser(BaseClass.java:39)
	at org.base.BaseClass.edgeBrowser(BaseClass.java:39)
	at org.base.BaseClass.edgeBrowser(BaseClass.java:39)
	at org.base.BaseClass.edgeBrowser(BaseClass.java:39)
	at org.base.BaseClass.edgeBrowser(BaseClass.java:39)
	at org.base.BaseClass.edgeBrowser(BaseClass.java:39)
	at org.base.BaseClass.edgeBrowser(BaseClass.java:39)
	at org.base.BaseClass.edgeBrowser(BaseClass.java:39)
	at org.base.BaseClass.edgeBrowser(BaseClass.java:39)
	at org.base.BaseClass.edgeBrowser(BaseClass.java:39)
	at org.base.BaseClass.edgeBrowser(BaseClass.java:39)
	at org.base.BaseClass.edgeBrowser(BaseClass.java:39)
	at org.base.BaseClass.edgeBrowser(BaseClass.java:39)
	at org.base.BaseClass.edgeBrowser(BaseClass.java:39)
	at org.base.BaseClass.edgeBrowser(BaseClass.java:39)
	at org.base.BaseClass.edgeBrowser(BaseClass.java:39)
	at org.base.BaseClass.edgeBrowser(BaseClass.java:39)
	at org.base.BaseClass.edgeBrowser(BaseClass.java:39)
	at org.base.BaseClass.edgeBrowser(BaseClass.java:39)
	at org.base.BaseClass.edgeBrowser(BaseClass.java:39)
	at org.base.BaseClass.edgeBrowser(BaseClass.java:39)
	at org.base.BaseClass.edgeBrowser(BaseClass.java:39)
	at org.base.BaseClass.edgeBrowser(BaseClass.java:39)
	at org.base.BaseClass.edgeBrowser(BaseClass.java:39)
	at org.base.BaseClass.edgeBrowser(BaseClass.java:39)
	at org.base.BaseClass.edgeBrowser(BaseClass.java:39)
	at org.base.BaseClass.edgeBrowser(BaseClass.java:39)
	at org.base.BaseClass.edgeBrowser(BaseClass.java:39)
	at org.base.BaseClass.edgeBrowser(BaseClass.java:39)
	at org.base.BaseClass.edgeBrowser(BaseClass.java:39)
	at org.base.BaseClass.edgeBrowser(BaseClass.java:39)
	at org.base.BaseClass.edgeBrowser(BaseClass.java:39)
	at org.base.BaseClass.edgeBrowser(BaseClass.java:39)
	at org.base.BaseClass.edgeBrowser(BaseClass.java:39)
	at org.base.BaseClass.edgeBrowser(BaseClass.java:39)
	at org.base.BaseClass.edgeBrowser(BaseClass.java:39)
	at org.base.BaseClass.edgeBrowser(BaseClass.java:39)
	at org.base.BaseClass.edgeBrowser(BaseClass.java:39)
	at org.base.BaseClass.edgeBrowser(BaseClass.java:39)
	at org.base.BaseClass.edgeBrowser(BaseClass.java:39)
	at org.base.BaseClass.edgeBrowser(BaseClass.java:39)
	at org.base.BaseClass.edgeBrowser(BaseClass.java:39)
	at org.base.BaseClass.edgeBrowser(BaseClass.java:39)
	at org.base.BaseClass.edgeBrowser(BaseClass.java:39)
	at org.base.BaseClass.edgeBrowser(BaseClass.java:39)
	at org.base.BaseClass.edgeBrowser(BaseClass.java:39)
	at org.base.BaseClass.edgeBrowser(BaseClass.java:39)
	at org.base.BaseClass.edgeBrowser(BaseClass.java:39)
	at org.base.BaseClass.edgeBrowser(BaseClass.java:39)
	at org.base.BaseClass.edgeBrowser(BaseClass.java:39)
	at org.base.BaseClass.edgeBrowser(BaseClass.java:39)
	at org.base.BaseClass.edgeBrowser(BaseClass.java:39)
	at org.base.BaseClass.edgeBrowser(BaseClass.java:39)
	at org.base.BaseClass.edgeBrowser(BaseClass.java:39)
	at org.base.BaseClass.edgeBrowser(BaseClass.java:39)
	at org.base.BaseClass.edgeBrowser(BaseClass.java:39)
	at org.base.BaseClass.edgeBrowser(BaseClass.java:39)
	at org.base.BaseClass.edgeBrowser(BaseClass.java:39)
	at org.base.BaseClass.edgeBrowser(BaseClass.java:39)
	at org.base.BaseClass.edgeBrowser(BaseClass.java:39)
	at org.base.BaseClass.edgeBrowser(BaseClass.java:39)
	at org.base.BaseClass.edgeBrowser(BaseClass.java:39)
	at org.base.BaseClass.edgeBrowser(BaseClass.java:39)
	at org.base.BaseClass.edgeBrowser(BaseClass.java:39)
	at org.base.BaseClass.edgeBrowser(BaseClass.java:39)
	at org.base.BaseClass.edgeBrowser(BaseClass.java:39)
	at org.base.BaseClass.edgeBrowser(BaseClass.java:39)
	at org.base.BaseClass.edgeBrowser(BaseClass.java:39)
	at org.base.BaseClass.edgeBrowser(BaseClass.java:39)
	at org.base.BaseClass.edgeBrowser(BaseClass.java:39)
	at org.base.BaseClass.edgeBrowser(BaseClass.java:39)
	at org.base.BaseClass.edgeBrowser(BaseClass.java:39)
	at org.base.BaseClass.edgeBrowser(BaseClass.java:39)
	at org.base.BaseClass.edgeBrowser(BaseClass.java:39)
	at org.base.BaseClass.edgeBrowser(BaseClass.java:39)
	at org.base.BaseClass.edgeBrowser(BaseClass.java:39)
	at org.base.BaseClass.edgeBrowser(BaseClass.java:39)
	at org.base.BaseClass.edgeBrowser(BaseClass.java:39)
	at org.base.BaseClass.edgeBrowser(BaseClass.java:39)
	at org.base.BaseClass.edgeBrowser(BaseClass.java:39)
	at org.base.BaseClass.edgeBrowser(BaseClass.java:39)
	at org.base.BaseClass.edgeBrowser(BaseClass.java:39)
	at org.base.BaseClass.edgeBrowser(BaseClass.java:39)
	at org.base.BaseClass.edgeBrowser(BaseClass.java:39)
	at org.base.BaseClass.edgeBrowser(BaseClass.java:39)
	at org.base.BaseClass.edgeBrowser(BaseClass.java:39)
	at org.base.BaseClass.edgeBrowser(BaseClass.java:39)
	at org.base.BaseClass.edgeBrowser(BaseClass.java:39)
	at org.base.BaseClass.edgeBrowser(BaseClass.java:39)
	at org.base.BaseClass.edgeBrowser(BaseClass.java:39)
	at org.base.BaseClass.edgeBrowser(BaseClass.java:39)
	at org.base.BaseClass.edgeBrowser(BaseClass.java:39)
	at org.base.BaseClass.edgeBrowser(BaseClass.java:39)
	at org.base.BaseClass.edgeBrowser(BaseClass.java:39)
	at org.base.BaseClass.edgeBrowser(BaseClass.java:39)
	at org.base.BaseClass.edgeBrowser(BaseClass.java:39)
	at org.base.BaseClass.edgeBrowser(BaseClass.java:39)
	at org.base.BaseClass.edgeBrowser(BaseClass.java:39)
	at org.base.BaseClass.edgeBrowser(BaseClass.java:39)
	at org.base.BaseClass.edgeBrowser(BaseClass.java:39)
	at org.base.BaseClass.edgeBrowser(BaseClass.java:39)
	at org.base.BaseClass.edgeBrowser(BaseClass.java:39)
	at org.base.BaseClass.edgeBrowser(BaseClass.java:39)
	at org.base.BaseClass.edgeBrowser(BaseClass.java:39)
	at org.base.BaseClass.edgeBrowser(BaseClass.java:39)
	at org.base.BaseClass.edgeBrowser(BaseClass.java:39)
	at org.base.BaseClass.edgeBrowser(BaseClass.java:39)
	at org.base.BaseClass.edgeBrowser(BaseClass.java:39)
	at org.base.BaseClass.edgeBrowser(BaseClass.java:39)
	at org.base.BaseClass.edgeBrowser(BaseClass.java:39)
	at org.base.BaseClass.edgeBrowser(BaseClass.java:39)
	at org.base.BaseClass.edgeBrowser(BaseClass.java:39)
	at org.base.BaseClass.edgeBrowser(BaseClass.java:39)
	at org.base.BaseClass.edgeBrowser(BaseClass.java:39)
	at org.base.BaseClass.edgeBrowser(BaseClass.java:39)
	at org.base.BaseClass.edgeBrowser(BaseClass.java:39)
	at org.base.BaseClass.edgeBrowser(BaseClass.java:39)
	at org.base.BaseClass.edgeBrowser(BaseClass.java:39)
	at org.base.BaseClass.edgeBrowser(BaseClass.java:39)
	at org.base.BaseClass.edgeBrowser(BaseClass.java:39)
	at org.base.BaseClass.edgeBrowser(BaseClass.java:39)
	at org.base.BaseClass.edgeBrowser(BaseClass.java:39)
	at org.base.BaseClass.edgeBrowser(BaseClass.java:39)
	at org.base.BaseClass.edgeBrowser(BaseClass.java:39)
	at org.base.BaseClass.edgeBrowser(BaseClass.java:39)
	at org.base.BaseClass.edgeBrowser(BaseClass.java:39)
	at org.base.BaseClass.edgeBrowser(BaseClass.java:39)
	at org.base.BaseClass.edgeBrowser(BaseClass.java:39)
	at org.base.BaseClass.edgeBrowser(BaseClass.java:39)
	at org.base.BaseClass.edgeBrowser(BaseClass.java:39)
	at org.base.BaseClass.edgeBrowser(BaseClass.java:39)
	at org.base.BaseClass.edgeBrowser(BaseClass.java:39)
	at org.base.BaseClass.edgeBrowser(BaseClass.java:39)
	at org.base.BaseClass.edgeBrowser(BaseClass.java:39)
	at org.base.BaseClass.edgeBrowser(BaseClass.java:39)
	at org.base.BaseClass.edgeBrowser(BaseClass.java:39)
	at org.base.BaseClass.edgeBrowser(BaseClass.java:39)
	at org.base.BaseClass.edgeBrowser(BaseClass.java:39)
	at org.base.BaseClass.edgeBrowser(BaseClass.java:39)
	at org.base.BaseClass.edgeBrowser(BaseClass.java:39)
	at org.base.BaseClass.edgeBrowser(BaseClass.java:39)
	at org.base.BaseClass.edgeBrowser(BaseClass.java:39)
	at org.base.BaseClass.edgeBrowser(BaseClass.java:39)
	at org.base.BaseClass.edgeBrowser(BaseClass.java:39)
	at org.base.BaseClass.edgeBrowser(BaseClass.java:39)
	at org.base.BaseClass.edgeBrowser(BaseClass.java:39)
	at org.base.BaseClass.edgeBrowser(BaseClass.java:39)
	at org.base.BaseClass.edgeBrowser(BaseClass.java:39)
	at org.base.BaseClass.edgeBrowser(BaseClass.java:39)
	at org.base.BaseClass.edgeBrowser(BaseClass.java:39)
	at org.base.BaseClass.edgeBrowser(BaseClass.java:39)
	at org.base.BaseClass.edgeBrowser(BaseClass.java:39)
	at org.base.BaseClass.edgeBrowser(BaseClass.java:39)
	at org.base.BaseClass.edgeBrowser(BaseClass.java:39)
	at org.base.BaseClass.edgeBrowser(BaseClass.java:39)
	at org.base.BaseClass.edgeBrowser(BaseClass.java:39)
	at org.base.BaseClass.edgeBrowser(BaseClass.java:39)
	at org.base.BaseClass.edgeBrowser(BaseClass.java:39)
	at org.base.BaseClass.edgeBrowser(BaseClass.java:39)
	at org.base.BaseClass.edgeBrowser(BaseClass.java:39)
	at org.base.BaseClass.edgeBrowser(BaseClass.java:39)
	at org.base.BaseClass.edgeBrowser(BaseClass.java:39)
	at org.base.BaseClass.edgeBrowser(BaseClass.java:39)
	at org.base.BaseClass.edgeBrowser(BaseClass.java:39)
	at org.base.BaseClass.edgeBrowser(BaseClass.java:39)
	at org.base.BaseClass.edgeBrowser(BaseClass.java:39)
	at org.base.BaseClass.edgeBrowser(BaseClass.java:39)
	at org.base.BaseClass.edgeBrowser(BaseClass.java:39)
	at org.base.BaseClass.edgeBrowser(BaseClass.java:39)
	at org.base.BaseClass.edgeBrowser(BaseClass.java:39)
	at org.base.BaseClass.edgeBrowser(BaseClass.java:39)
	at org.base.BaseClass.edgeBrowser(BaseClass.java:39)
	at org.base.BaseClass.edgeBrowser(BaseClass.java:39)
	at org.base.BaseClass.edgeBrowser(BaseClass.java:39)
	at org.base.BaseClass.edgeBrowser(BaseClass.java:39)
	at org.base.BaseClass.edgeBrowser(BaseClass.java:39)
	at org.base.BaseClass.edgeBrowser(BaseClass.java:39)
	at org.base.BaseClass.edgeBrowser(BaseClass.java:39)
	at org.base.BaseClass.edgeBrowser(BaseClass.java:39)
	at org.base.BaseClass.edgeBrowser(BaseClass.java:39)
	at org.base.BaseClass.edgeBrowser(BaseClass.java:39)
	at org.base.BaseClass.edgeBrowser(BaseClass.java:39)
	at org.base.BaseClass.edgeBrowser(BaseClass.java:39)
	at org.base.BaseClass.edgeBrowser(BaseClass.java:39)
	at org.base.BaseClass.edgeBrowser(BaseClass.java:39)
	at org.base.BaseClass.edgeBrowser(BaseClass.java:39)
	at org.base.BaseClass.edgeBrowser(BaseClass.java:39)
	at org.base.BaseClass.edgeBrowser(BaseClass.java:39)
	at org.base.BaseClass.edgeBrowser(BaseClass.java:39)
	at org.base.BaseClass.edgeBrowser(BaseClass.java:39)
	at org.base.BaseClass.edgeBrowser(BaseClass.java:39)
	at org.base.BaseClass.edgeBrowser(BaseClass.java:39)
	at org.base.BaseClass.edgeBrowser(BaseClass.java:39)
	at org.base.BaseClass.edgeBrowser(BaseClass.java:39)
	at org.base.BaseClass.edgeBrowser(BaseClass.java:39)
	at org.base.BaseClass.edgeBrowser(BaseClass.java:39)
	at org.base.BaseClass.edgeBrowser(BaseClass.java:39)
	at org.base.BaseClass.edgeBrowser(BaseClass.java:39)
	at org.base.BaseClass.edgeBrowser(BaseClass.java:39)
	at org.base.BaseClass.edgeBrowser(BaseClass.java:39)
	at org.base.BaseClass.edgeBrowser(BaseClass.java:39)
	at org.base.BaseClass.edgeBrowser(BaseClass.java:39)
	at org.base.BaseClass.edgeBrowser(BaseClass.java:39)
	at org.base.BaseClass.edgeBrowser(BaseClass.java:39)
	at org.base.BaseClass.edgeBrowser(BaseClass.java:39)
	at org.base.BaseClass.edgeBrowser(BaseClass.java:39)
	at org.base.BaseClass.edgeBrowser(BaseClass.java:39)
	at org.base.BaseClass.edgeBrowser(BaseClass.java:39)
	at org.base.BaseClass.edgeBrowser(BaseClass.java:39)
	at org.base.BaseClass.edgeBrowser(BaseClass.java:39)
	at org.base.BaseClass.edgeBrowser(BaseClass.java:39)
	at org.base.BaseClass.edgeBrowser(BaseClass.java:39)
	at org.base.BaseClass.edgeBrowser(BaseClass.java:39)
	at org.base.BaseClass.edgeBrowser(BaseClass.java:39)
	at org.base.BaseClass.edgeBrowser(BaseClass.java:39)
	at org.base.BaseClass.edgeBrowser(BaseClass.java:39)
	at org.base.BaseClass.edgeBrowser(BaseClass.java:39)
	at org.base.BaseClass.edgeBrowser(BaseClass.java:39)
	at org.base.BaseClass.edgeBrowser(BaseClass.java:39)
	at org.base.BaseClass.edgeBrowser(BaseClass.java:39)
	at org.base.BaseClass.edgeBrowser(BaseClass.java:39)
	at org.base.BaseClass.edgeBrowser(BaseClass.java:39)
	at org.base.BaseClass.edgeBrowser(BaseClass.java:39)
	at org.base.BaseClass.edgeBrowser(BaseClass.java:39)
	at org.base.BaseClass.edgeBrowser(BaseClass.java:39)
	at org.base.BaseClass.edgeBrowser(BaseClass.java:39)
	at org.base.BaseClass.edgeBrowser(BaseClass.java:39)
	at org.base.BaseClass.edgeBrowser(BaseClass.java:39)
	at org.base.BaseClass.edgeBrowser(BaseClass.java:39)
	at org.base.BaseClass.edgeBrowser(BaseClass.java:39)
	at org.base.BaseClass.edgeBrowser(BaseClass.java:39)
	at org.base.BaseClass.edgeBrowser(BaseClass.java:39)
	at org.base.BaseClass.edgeBrowser(BaseClass.java:39)
	at org.base.BaseClass.edgeBrowser(BaseClass.java:39)
	at org.base.BaseClass.edgeBrowser(BaseClass.java:39)
	at org.base.BaseClass.edgeBrowser(BaseClass.java:39)
	at org.base.BaseClass.edgeBrowser(BaseClass.java:39)
	at org.base.BaseClass.edgeBrowser(BaseClass.java:39)
	at org.base.BaseClass.edgeBrowser(BaseClass.java:39)
	at org.base.BaseClass.edgeBrowser(BaseClass.java:39)
	at org.base.BaseClass.edgeBrowser(BaseClass.java:39)
	at org.base.BaseClass.edgeBrowser(BaseClass.java:39)
	at org.base.BaseClass.edgeBrowser(BaseClass.java:39)
	at org.base.BaseClass.edgeBrowser(BaseClass.java:39)
	at org.base.BaseClass.edgeBrowser(BaseClass.java:39)
	at org.base.BaseClass.edgeBrowser(BaseClass.java:39)
	at org.base.BaseClass.edgeBrowser(BaseClass.java:39)
	at org.base.BaseClass.edgeBrowser(BaseClass.java:39)
	at org.base.BaseClass.edgeBrowser(BaseClass.java:39)
	at org.base.BaseClass.edgeBrowser(BaseClass.java:39)
	at org.base.BaseClass.edgeBrowser(BaseClass.java:39)
	at org.base.BaseClass.edgeBrowser(BaseClass.java:39)
	at org.base.BaseClass.edgeBrowser(BaseClass.java:39)
	at org.base.BaseClass.edgeBrowser(BaseClass.java:39)
	at org.base.BaseClass.edgeBrowser(BaseClass.java:39)
	at org.base.BaseClass.edgeBrowser(BaseClass.java:39)
	at org.base.BaseClass.edgeBrowser(BaseClass.java:39)
	at org.base.BaseClass.edgeBrowser(BaseClass.java:39)
	at org.base.BaseClass.edgeBrowser(BaseClass.java:39)
	at org.base.BaseClass.edgeBrowser(BaseClass.java:39)
	at org.base.BaseClass.edgeBrowser(BaseClass.java:39)
	at org.base.BaseClass.edgeBrowser(BaseClass.java:39)
	at org.base.BaseClass.edgeBrowser(BaseClass.java:39)
	at org.base.BaseClass.edgeBrowser(BaseClass.java:39)
	at org.base.BaseClass.edgeBrowser(BaseClass.java:39)
	at org.base.BaseClass.edgeBrowser(BaseClass.java:39)
	at org.base.BaseClass.edgeBrowser(BaseClass.java:39)
	at org.base.BaseClass.edgeBrowser(BaseClass.java:39)
	at org.base.BaseClass.edgeBrowser(BaseClass.java:39)
	at org.base.BaseClass.edgeBrowser(BaseClass.java:39)
	at org.base.BaseClass.edgeBrowser(BaseClass.java:39)
	at org.base.BaseClass.edgeBrowser(BaseClass.java:39)
	at org.base.BaseClass.edgeBrowser(BaseClass.java:39)
	at org.base.BaseClass.edgeBrowser(BaseClass.java:39)
	at org.base.BaseClass.edgeBrowser(BaseClass.java:39)
	at org.base.BaseClass.edgeBrowser(BaseClass.java:39)
	at org.base.BaseClass.edgeBrowser(BaseClass.java:39)
	at org.base.BaseClass.edgeBrowser(BaseClass.java:39)
	at org.base.BaseClass.edgeBrowser(BaseClass.java:39)
	at org.base.BaseClass.edgeBrowser(BaseClass.java:39)
	at org.base.BaseClass.edgeBrowser(BaseClass.java:39)
	at org.base.BaseClass.edgeBrowser(BaseClass.java:39)
	at org.base.BaseClass.edgeBrowser(BaseClass.java:39)
	at org.base.BaseClass.edgeBrowser(BaseClass.java:39)
	at org.base.BaseClass.edgeBrowser(BaseClass.java:39)
	at org.base.BaseClass.edgeBrowser(BaseClass.java:39)
	at org.base.BaseClass.edgeBrowser(BaseClass.java:39)
	at org.base.BaseClass.edgeBrowser(BaseClass.java:39)
	at org.base.BaseClass.edgeBrowser(BaseClass.java:39)
	at org.base.BaseClass.edgeBrowser(BaseClass.java:39)
	at org.base.BaseClass.edgeBrowser(BaseClass.java:39)
	at org.base.BaseClass.edgeBrowser(BaseClass.java:39)
	at org.base.BaseClass.edgeBrowser(BaseClass.java:39)
	at org.base.BaseClass.edgeBrowser(BaseClass.java:39)
	at org.base.BaseClass.edgeBrowser(BaseClass.java:39)
	at org.base.BaseClass.edgeBrowser(BaseClass.java:39)
	at org.base.BaseClass.edgeBrowser(BaseClass.java:39)
	at org.base.BaseClass.edgeBrowser(BaseClass.java:39)
	at org.base.BaseClass.edgeBrowser(BaseClass.java:39)
	at org.base.BaseClass.edgeBrowser(BaseClass.java:39)
	at org.base.BaseClass.edgeBrowser(BaseClass.java:39)
	at org.base.BaseClass.edgeBrowser(BaseClass.java:39)
	at org.base.BaseClass.edgeBrowser(BaseClass.java:39)
	at org.base.BaseClass.edgeBrowser(BaseClass.java:39)
	at org.base.BaseClass.edgeBrowser(BaseClass.java:39)
	at org.base.BaseClass.edgeBrowser(BaseClass.java:39)
	at org.base.BaseClass.edgeBrowser(BaseClass.java:39)
	at org.base.BaseClass.edgeBrowser(BaseClass.java:39)
	at org.base.BaseClass.edgeBrowser(BaseClass.java:39)
	at org.base.BaseClass.edgeBrowser(BaseClass.java:39)
	at org.base.BaseClass.edgeBrowser(BaseClass.java:39)
	at org.base.BaseClass.edgeBrowser(BaseClass.java:39)
	at org.base.BaseClass.edgeBrowser(BaseClass.java:39)
	at org.base.BaseClass.edgeBrowser(BaseClass.java:39)
	at org.base.BaseClass.edgeBrowser(BaseClass.java:39)
	at org.base.BaseClass.edgeBrowser(BaseClass.java:39)
	at org.base.BaseClass.edgeBrowser(BaseClass.java:39)
	at org.base.BaseClass.edgeBrowser(BaseClass.java:39)
	at org.base.BaseClass.edgeBrowser(BaseClass.java:39)
	at org.base.BaseClass.edgeBrowser(BaseClass.java:39)
	at org.base.BaseClass.edgeBrowser(BaseClass.java:39)
	at org.base.BaseClass.edgeBrowser(BaseClass.java:39)
	at org.base.BaseClass.edgeBrowser(BaseClass.java:39)
	at org.base.BaseClass.edgeBrowser(BaseClass.java:39)
	at org.base.BaseClass.edgeBrowser(BaseClass.java:39)
	at org.base.BaseClass.edgeBrowser(BaseClass.java:39)
	at org.base.BaseClass.edgeBrowser(BaseClass.java:39)
	at org.base.BaseClass.edgeBrowser(BaseClass.java:39)
	at org.base.BaseClass.edgeBrowser(BaseClass.java:39)
	at org.base.BaseClass.edgeBrowser(BaseClass.java:39)
	at org.base.BaseClass.edgeBrowser(BaseClass.java:39)
	at org.base.BaseClass.edgeBrowser(BaseClass.java:39)
	at org.base.BaseClass.edgeBrowser(BaseClass.java:39)
	at org.base.BaseClass.edgeBrowser(BaseClass.java:39)
	at org.base.BaseClass.edgeBrowser(BaseClass.java:39)
	at org.base.BaseClass.edgeBrowser(BaseClass.java:39)
	at org.base.BaseClass.edgeBrowser(BaseClass.java:39)
	at org.base.BaseClass.edgeBrowser(BaseClass.java:39)
	at org.base.BaseClass.edgeBrowser(BaseClass.java:39)
	at org.base.BaseClass.edgeBrowser(BaseClass.java:39)
	at org.base.BaseClass.edgeBrowser(BaseClass.java:39)
	at org.base.BaseClass.edgeBrowser(BaseClass.java:39)
	at org.base.BaseClass.edgeBrowser(BaseClass.java:39)
	at org.base.BaseClass.edgeBrowser(BaseClass.java:39)
	at org.base.BaseClass.edgeBrowser(BaseClass.java:39)
	at org.base.BaseClass.edgeBrowser(BaseClass.java:39)
	at org.base.BaseClass.edgeBrowser(BaseClass.java:39)
	at org.base.BaseClass.edgeBrowser(BaseClass.java:39)
	at org.base.BaseClass.edgeBrowser(BaseClass.java:39)
	at org.base.BaseClass.edgeBrowser(BaseClass.java:39)
	at org.base.BaseClass.edgeBrowser(BaseClass.java:39)
	at org.base.BaseClass.edgeBrowser(BaseClass.java:39)
	at org.base.BaseClass.edgeBrowser(BaseClass.java:39)
	at org.base.BaseClass.edgeBrowser(BaseClass.java:39)
	at org.base.BaseClass.edgeBrowser(BaseClass.java:39)
	at org.base.BaseClass.edgeBrowser(BaseClass.java:39)
	at org.base.BaseClass.edgeBrowser(BaseClass.java:39)
	at org.base.BaseClass.edgeBrowser(BaseClass.java:39)
	at org.base.BaseClass.edgeBrowser(BaseClass.java:39)
	at org.base.BaseClass.edgeBrowser(BaseClass.java:39)
	at org.base.BaseClass.edgeBrowser(BaseClass.java:39)
	at org.base.BaseClass.edgeBrowser(BaseClass.java:39)
	at org.base.BaseClass.edgeBrowser(BaseClass.java:39)
	at org.base.BaseClass.edgeBrowser(BaseClass.java:39)
	at org.base.BaseClass.edgeBrowser(BaseClass.java:39)
	at org.base.BaseClass.edgeBrowser(BaseClass.java:39)
	at org.base.BaseClass.edgeBrowser(BaseClass.java:39)
	at org.base.BaseClass.edgeBrowser(BaseClass.java:39)
	at org.base.BaseClass.edgeBrowser(BaseClass.java:39)
	at org.base.BaseClass.edgeBrowser(BaseClass.java:39)
	at org.base.BaseClass.edgeBrowser(BaseClass.java:39)
	at org.base.BaseClass.edgeBrowser(BaseClass.java:39)
	at org.base.BaseClass.edgeBrowser(BaseClass.java:39)
	at org.base.BaseClass.edgeBrowser(BaseClass.java:39)
	at org.base.BaseClass.edgeBrowser(BaseClass.java:39)
	at org.base.BaseClass.edgeBrowser(BaseClass.java:39)
	at org.base.BaseClass.edgeBrowser(BaseClass.java:39)
	at org.base.BaseClass.edgeBrowser(BaseClass.java:39)
	at org.base.BaseClass.edgeBrowser(BaseClass.java:39)
	at org.base.BaseClass.edgeBrowser(BaseClass.java:39)
	at org.base.BaseClass.edgeBrowser(BaseClass.java:39)
	at org.base.BaseClass.edgeBrowser(BaseClass.java:39)
	at org.base.BaseClass.edgeBrowser(BaseClass.java:39)
	at org.base.BaseClass.edgeBrowser(BaseClass.java:39)
	at org.base.BaseClass.edgeBrowser(BaseClass.java:39)
]]>
            </full-stacktrace>
          </exception> <!-- java.lang.StackOverflowError -->
          <reporter-output>
          </reporter-output>
        </test-method> <!-- beforeclass -->
        <test-method status="SKIP" signature="test1()[pri:0, instance:org.sample.Sample1@68837a77]" name="test1" duration-ms="15" started-at="2023-09-09T11:42:19Z" finished-at="2023-09-09T11:42:19Z">
          <reporter-output>
          </reporter-output>
        </test-method> <!-- test1 -->
        <test-method status="SKIP" signature="beforemethod()[pri:0, instance:org.sample.Sample1@68837a77]" name="beforemethod" is-config="true" duration-ms="0" started-at="2023-09-09T11:42:19Z" finished-at="2023-09-09T11:42:19Z">
          <reporter-output>
          </reporter-output>
        </test-method> <!-- beforemethod -->
        <test-method status="SKIP" signature="beforemethod()[pri:0, instance:org.sample.Sample1@68837a77]" name="beforemethod" is-config="true" duration-ms="0" started-at="2023-09-09T11:42:19Z" finished-at="2023-09-09T11:42:19Z">
          <reporter-output>
          </reporter-output>
        </test-method> <!-- beforemethod -->
        <test-method status="SKIP" signature="aftermethod()[pri:0, instance:org.sample.Sample1@68837a77]" name="aftermethod" is-config="true" duration-ms="0" started-at="2023-09-09T11:42:19Z" finished-at="2023-09-09T11:42:19Z">
          <reporter-output>
          </reporter-output>
        </test-method> <!-- aftermethod -->
        <test-method status="SKIP" signature="test2()[pri:0, instance:org.sample.Sample1@68837a77]" name="test2" duration-ms="0" started-at="2023-09-09T11:42:19Z" finished-at="2023-09-09T11:42:19Z">
          <reporter-output>
          </reporter-output>
        </test-method> <!-- test2 -->
        <test-method status="SKIP" signature="aftermethod()[pri:0, instance:org.sample.Sample1@68837a77]" name="aftermethod" is-config="true" duration-ms="0" started-at="2023-09-09T11:42:19Z" finished-at="2023-09-09T11:42:19Z">
          <reporter-output>
          </reporter-output>
        </test-method> <!-- aftermethod -->
        <test-method status="SKIP" signature="afterclass()[pri:0, instance:org.sample.Sample1@68837a77]" name="afterclass" is-config="true" duration-ms="0" started-at="2023-09-09T11:42:19Z" finished-at="2023-09-09T11:42:19Z">
          <reporter-output>
          </reporter-output>
        </test-method> <!-- afterclass -->
      </class> <!-- org.sample.Sample1 -->
    </test> <!-- Test2 -->
    <test name="Test1" duration-ms="17599" started-at="2023-09-09T06:12:02Z" finished-at="2023-09-09T06:12:20Z">
      <class name="org.sample.Sample1">
        <test-method status="FAIL" signature="beforeclass(java.lang.String)[pri:0, instance:org.sample.Sample1@2ed94a8b]" name="beforeclass" is-config="true" duration-ms="0" started-at="2023-09-09T11:42:02Z" finished-at="2023-09-09T11:42:02Z">
          <params>
            <param index="0">
              <value>
                <![CDATA[chrome]]>
              </value>
            </param>
          </params>
          <exception class="org.openqa.selenium.SessionNotCreatedException">
            <message>
              <![CDATA[Could not start a new session. Response code 500. Message: session not created: This version of ChromeDriver only supports Chrome version 114
Current browser version is 116.0.5845.142 with binary path C:\Program Files\Google\Chrome\Application\chrome.exe 
Host info: host: 'DESKTOP-V1TVAK6', ip: '192.168.41.128'
Build info: version: '4.10.0', revision: 'c14d967899'
System info: os.name: 'Windows 10', os.arch: 'amd64', os.version: '10.0', java.version: '1.8.0_361'
Driver info: org.openqa.selenium.chrome.ChromeDriver
Command: [null, newSession {capabilities=[Capabilities {browserName: chrome, goog:chromeOptions: {args: [--remote-allow-origins=*], extensions: []}}]}]]]>
            </message>
            <full-stacktrace>
              <![CDATA[org.openqa.selenium.SessionNotCreatedException: Could not start a new session. Response code 500. Message: session not created: This version of ChromeDriver only supports Chrome version 114
Current browser version is 116.0.5845.142 with binary path C:\Program Files\Google\Chrome\Application\chrome.exe 
Host info: host: 'DESKTOP-V1TVAK6', ip: '192.168.41.128'
Build info: version: '4.10.0', revision: 'c14d967899'
System info: os.name: 'Windows 10', os.arch: 'amd64', os.version: '10.0', java.version: '1.8.0_361'
Driver info: org.openqa.selenium.chrome.ChromeDriver
Command: [null, newSession {capabilities=[Capabilities {browserName: chrome, goog:chromeOptions: {args: [--remote-allow-origins=*], extensions: []}}]}]
	at org.openqa.selenium.remote.ProtocolHandshake.createSession(ProtocolHandshake.java:140)
	at org.openqa.selenium.remote.ProtocolHandshake.createSession(ProtocolHandshake.java:96)
	at org.openqa.selenium.remote.ProtocolHandshake.createSession(ProtocolHandshake.java:68)
	at org.openqa.selenium.remote.HttpCommandExecutor.execute(HttpCommandExecutor.java:163)
	at org.openqa.selenium.remote.service.DriverCommandExecutor.invokeExecute(DriverCommandExecutor.java:196)
	at org.openqa.selenium.remote.service.DriverCommandExecutor.execute(DriverCommandExecutor.java:171)
	at org.openqa.selenium.remote.RemoteWebDriver.execute(RemoteWebDriver.java:531)
	at org.openqa.selenium.remote.RemoteWebDriver.startSession(RemoteWebDriver.java:227)
	at org.openqa.selenium.remote.RemoteWebDriver.<init>(RemoteWebDriver.java:154)
	at org.openqa.selenium.chromium.ChromiumDriver.<init>(ChromiumDriver.java:107)
	at org.openqa.selenium.chrome.ChromeDriver.<init>(ChromeDriver.java:87)
	at org.openqa.selenium.chrome.ChromeDriver.<init>(ChromeDriver.java:82)
	at org.openqa.selenium.chrome.ChromeDriver.<init>(ChromeDriver.java:50)
	at org.base.BaseClass.browserLaunch2(BaseClass.java:65)
	at org.sample.Sample1.beforeclass(Sample1.java:20)
	at sun.reflect.NativeMethodAccessorImpl.invoke0(Native Method)
	at sun.reflect.NativeMethodAccessorImpl.invoke(NativeMethodAccessorImpl.java:62)
	at sun.reflect.DelegatingMethodAccessorImpl.invoke(DelegatingMethodAccessorImpl.java:43)
	at java.lang.reflect.Method.invoke(Method.java:498)
	at org.testng.internal.MethodInvocationHelper.invokeMethod(MethodInvocationHelper.java:86)
	at org.testng.internal.Invoker.invokeConfigurationMethod(Invoker.java:514)
	at org.testng.internal.Invoker.invokeConfigurations(Invoker.java:215)
	at org.testng.internal.Invoker.invokeConfigurations(Invoker.java:142)
	at org.testng.internal.TestMethodWorker.invokeBeforeClassMethods(TestMethodWorker.java:178)
	at org.testng.internal.TestMethodWorker.run(TestMethodWorker.java:108)
	at org.testng.TestRunner.privateRun(TestRunner.java:782)
	at org.testng.TestRunner.run(TestRunner.java:632)
	at org.testng.SuiteRunner.runTest(SuiteRunner.java:366)
	at org.testng.SuiteRunner.access$000(SuiteRunner.java:39)
	at org.testng.SuiteRunner$SuiteWorker.run(SuiteRunner.java:400)
	at org.testng.internal.thread.ThreadUtil$2.call(ThreadUtil.java:64)
	at java.util.concurrent.FutureTask.run(FutureTask.java:266)
	at java.util.concurrent.ThreadPoolExecutor.runWorker(ThreadPoolExecutor.java:1149)
	at java.util.concurrent.ThreadPoolExecutor$Worker.run(ThreadPoolExecutor.java:624)
	at java.lang.Thread.run(Thread.java:750)
]]>
            </full-stacktrace>
          </exception> <!-- org.openqa.selenium.SessionNotCreatedException -->
          <reporter-output>
          </reporter-output>
        </test-method> <!-- beforeclass -->
        <test-method status="SKIP" signature="test1()[pri:0, instance:org.sample.Sample1@2ed94a8b]" name="test1" duration-ms="0" started-at="2023-09-09T11:42:19Z" finished-at="2023-09-09T11:42:19Z">
          <reporter-output>
          </reporter-output>
        </test-method> <!-- test1 -->
        <test-method status="SKIP" signature="beforemethod()[pri:0, instance:org.sample.Sample1@2ed94a8b]" name="beforemethod" is-config="true" duration-ms="0" started-at="2023-09-09T11:42:19Z" finished-at="2023-09-09T11:42:19Z">
          <reporter-output>
          </reporter-output>
        </test-method> <!-- beforemethod -->
        <test-method status="SKIP" signature="aftermethod()[pri:0, instance:org.sample.Sample1@2ed94a8b]" name="aftermethod" is-config="true" duration-ms="0" started-at="2023-09-09T11:42:19Z" finished-at="2023-09-09T11:42:19Z">
          <reporter-output>
          </reporter-output>
        </test-method> <!-- aftermethod -->
        <test-method status="SKIP" signature="test2()[pri:0, instance:org.sample.Sample1@2ed94a8b]" name="test2" duration-ms="0" started-at="2023-09-09T11:42:19Z" finished-at="2023-09-09T11:42:19Z">
          <reporter-output>
          </reporter-output>
        </test-method> <!-- test2 -->
        <test-method status="SKIP" signature="beforemethod()[pri:0, instance:org.sample.Sample1@2ed94a8b]" name="beforemethod" is-config="true" duration-ms="0" started-at="2023-09-09T11:42:19Z" finished-at="2023-09-09T11:42:19Z">
          <reporter-output>
          </reporter-output>
        </test-method> <!-- beforemethod -->
        <test-method status="SKIP" signature="afterclass()[pri:0, instance:org.sample.Sample1@2ed94a8b]" name="afterclass" is-config="true" duration-ms="0" started-at="2023-09-09T11:42:20Z" finished-at="2023-09-09T11:42:20Z">
          <reporter-output>
          </reporter-output>
        </test-method> <!-- afterclass -->
        <test-method status="SKIP" signature="aftermethod()[pri:0, instance:org.sample.Sample1@2ed94a8b]" name="aftermethod" is-config="true" duration-ms="0" started-at="2023-09-09T11:42:20Z" finished-at="2023-09-09T11:42:20Z">
          <reporter-output>
          </reporter-output>
        </test-method> <!-- aftermethod -->
      </class> <!-- org.sample.Sample1 -->
    </test> <!-- Test1 -->
  </suite> <!-- Suite -->
</testng-results>
