<?xml version="1.0" encoding="UTF-8"?>
<!-- Generated by org.testng.reporters.JUnitReportReporter -->
<testsuite hostname="DESKTOP-V1TVAK6" name="org.sample.Sample1" tests="4" failures="0" timestamp="9 Sep 2023 06:12:20 GMT" time="0.015" errors="4">
  <testcase name="test1" time="0.015" classname="org.sample.Sample1">
    <error type="java.lang.StackOverflowError">
      <![CDATA[java.lang.StackOverflowError
	at org.base.BaseClass.edgeBrowser(BaseClass.java:39)
	at org.base.BaseClass.edgeBrowser(BaseClass.java:39)
	at org.base.BaseClass.edgeBrowser(BaseClass.java:39)
	at org.base.BaseClass.edgeBrowser(BaseClass.java:39)
	at org.base.BaseClass.edgeBrowser(BaseClass.java:39)
	at org.base.BaseClass.edgeBrowser(BaseClass.java:39)
	at org.base.BaseClass.edgeBrowser(BaseClass.java:39)
	at org.base.BaseClass.edgeBrowser(BaseClass.java:39)
	at org.base.BaseClass.edgeBrowser(BaseClass.java:39)
	at org.base.BaseClass.edgeBrowser(BaseClass.java:39)
	at org.base.BaseClass.edgeBrowser(BaseClass.java:39)
	at org.base.BaseClass.edgeBrowser(BaseClass.java:39)
	at org.base.BaseClass.edgeBrowser(BaseClass.java:39)
	at org.base.BaseClass.edgeBrowser(BaseClass.java:39)
	at org.base.BaseClass.edgeBrowser(BaseClass.java:39)
	at org.base.BaseClass.edgeBrowser(BaseClass.java:39)
	at org.base.BaseClass.edgeBrowser(BaseClass.java:39)
	at org.base.BaseClass.edgeBrowser(BaseClass.java:39)
	at org.base.BaseClass.edgeBrowser(BaseClass.java:39)
	at org.base.BaseClass.edgeBrowser(BaseClass.java:39)
	at org.base.BaseClass.edgeBrowser(BaseClass.java:39)
	at org.base.BaseClass.edgeBrowser(BaseClass.java:39)
	at org.base.BaseClass.edgeBrowser(BaseClass.java:39)
	at org.base.BaseClass.edgeBrowser(BaseClass.java:39)
	at org.base.BaseClass.edgeBrowser(BaseClass.java:39)
	at org.base.BaseClass.edgeBrowser(BaseClass.java:39)
	at org.base.BaseClass.edgeBrowser(BaseClass.java:39)
	at org.base.BaseClass.edgeBrowser(BaseClass.java:39)
	at org.base.BaseClass.edgeBrowser(BaseClass.java:39)
	at org.base.BaseClass.edgeBrowser(BaseClass.java:39)
	at org.base.BaseClass.edgeBrowser(BaseClass.java:39)
	at org.base.BaseClass.edgeBrowser(BaseClass.java:39)
	at org.base.BaseClass.edgeBrowser(BaseClass.java:39)
	at org.base.BaseClass.edgeBrowser(BaseClass.java:39)
	at org.base.BaseClass.edgeBrowser(BaseClass.java:39)
	at org.base.BaseClass.edgeBrowser(BaseClass.java:39)
	at org.base.BaseClass.edgeBrowser(BaseClass.java:39)
	at org.base.BaseClass.edgeBrowser(BaseClass.java:39)
	at org.base.BaseClass.edgeBrowser(BaseClass.java:39)
	at org.base.BaseClass.edgeBrowser(BaseClass.java:39)
	at org.base.BaseClass.edgeBrowser(BaseClass.java:39)
	at org.base.BaseClass.edgeBrowser(BaseClass.java:39)
	at org.base.BaseClass.edgeBrowser(BaseClass.java:39)
	at org.base.BaseClass.edgeBrowser(BaseClass.java:39)
	at org.base.BaseClass.edgeBrowser(BaseClass.java:39)
	at org.base.BaseClass.edgeBrowser(BaseClass.java:39)
	at org.base.BaseClass.edgeBrowser(BaseClass.java:39)
	at org.base.BaseClass.edgeBrowser(BaseClass.java:39)
	at org.base.BaseClass.edgeBrowser(BaseClass.java:39)
	at org.base.BaseClass.edgeBrowser(BaseClass.java:39)
	at org.base.BaseClass.edgeBrowser(BaseClass.java:39)
	at org.base.BaseClass.edgeBrowser(BaseClass.java:39)
	at org.base.BaseClass.edgeBrowser(BaseClass.java:39)
	at org.base.BaseClass.edgeBrowser(BaseClass.java:39)
	at org.base.BaseClass.edgeBrowser(BaseClass.java:39)
	at org.base.BaseClass.edgeBrowser(BaseClass.java:39)
	at org.base.BaseClass.edgeBrowser(BaseClass.java:39)
	at org.base.BaseClass.edgeBrowser(BaseClass.java:39)
	at org.base.BaseClass.edgeBrowser(BaseClass.java:39)
	at org.base.BaseClass.edgeBrowser(BaseClass.java:39)
	at org.base.BaseClass.edgeBrowser(BaseClass.java:39)
	at org.base.BaseClass.edgeBrowser(BaseClass.java:39)
	at org.base.BaseClass.edgeBrowser(BaseClass.java:39)
	at org.base.BaseClass.edgeBrowser(BaseClass.java:39)
	at org.base.BaseClass.edgeBrowser(BaseClass.java:39)
	at org.base.BaseClass.edgeBrowser(BaseClass.java:39)
	at org.base.BaseClass.edgeBrowser(BaseClass.java:39)
	at org.base.BaseClass.edgeBrowser(BaseClass.java:39)
	at org.base.BaseClass.edgeBrowser(BaseClass.java:39)
	at org.base.BaseClass.edgeBrowser(BaseClass.java:39)
	at org.base.BaseClass.edgeBrowser(BaseClass.java:39)
	at org.base.BaseClass.edgeBrowser(BaseClass.java:39)
	at org.base.BaseClass.edgeBrowser(BaseClass.java:39)
	at org.base.BaseClass.edgeBrowser(BaseClass.java:39)
	at org.base.BaseClass.edgeBrowser(BaseClass.java:39)
	at org.base.BaseClass.edgeBrowser(BaseClass.java:39)
	at org.base.BaseClass.edgeBrowser(BaseClass.java:39)
	at org.base.BaseClass.edgeBrowser(BaseClass.java:39)
	at org.base.BaseClass.edgeBrowser(BaseClass.java:39)
	at org.base.BaseClass.edgeBrowser(BaseClass.java:39)
	at org.base.BaseClass.edgeBrowser(BaseClass.java:39)
	at org.base.BaseClass.edgeBrowser(BaseClass.java:39)
	at org.base.BaseClass.edgeBrowser(BaseClass.java:39)
	at org.base.BaseClass.edgeBrowser(BaseClass.java:39)
	at org.base.BaseClass.edgeBrowser(BaseClass.java:39)
	at org.base.BaseClass.edgeBrowser(BaseClass.java:39)
	at org.base.BaseClass.edgeBrowser(BaseClass.java:39)
	at org.base.BaseClass.edgeBrowser(BaseClass.java:39)
	at org.base.BaseClass.edgeBrowser(BaseClass.java:39)
	at org.base.BaseClass.edgeBrowser(BaseClass.java:39)
	at org.base.BaseClass.edgeBrowser(BaseClass.java:39)
	at org.base.BaseClass.edgeBrowser(BaseClass.java:39)
	at org.base.BaseClass.edgeBrowser(BaseClass.java:39)
	at org.base.BaseClass.edgeBrowser(BaseClass.java:39)
	at org.base.BaseClass.edgeBrowser(BaseClass.java:39)
	at org.base.BaseClass.edgeBrowser(BaseClass.java:39)
	at org.base.BaseClass.edgeBrowser(BaseClass.java:39)
	at org.base.BaseClass.edgeBrowser(BaseClass.java:39)
	at org.base.BaseClass.edgeBrowser(BaseClass.java:39)
	at org.base.BaseClass.edgeBrowser(BaseClass.java:39)
	at org.base.BaseClass.edgeBrowser(BaseClass.java:39)
	at org.base.BaseClass.edgeBrowser(BaseClass.java:39)
	at org.base.BaseClass.edgeBrowser(BaseClass.java:39)
	at org.base.BaseClass.edgeBrowser(BaseClass.java:39)
	at org.base.BaseClass.edgeBrowser(BaseClass.java:39)
	at org.base.BaseClass.edgeBrowser(BaseClass.java:39)
	at org.base.BaseClass.edgeBrowser(BaseClass.java:39)
	at org.base.BaseClass.edgeBrowser(BaseClass.java:39)
	at org.base.BaseClass.edgeBrowser(BaseClass.java:39)
	at org.base.BaseClass.edgeBrowser(BaseClass.java:39)
	at org.base.BaseClass.edgeBrowser(BaseClass.java:39)
	at org.base.BaseClass.edgeBrowser(BaseClass.java:39)
	at org.base.BaseClass.edgeBrowser(BaseClass.java:39)
	at org.base.BaseClass.edgeBrowser(BaseClass.java:39)
	at org.base.BaseClass.edgeBrowser(BaseClass.java:39)
	at org.base.BaseClass.edgeBrowser(BaseClass.java:39)
	at org.base.BaseClass.edgeBrowser(BaseClass.java:39)
	at org.base.BaseClass.edgeBrowser(BaseClass.java:39)
	at org.base.BaseClass.edgeBrowser(BaseClass.java:39)
	at org.base.BaseClass.edgeBrowser(BaseClass.java:39)
	at org.base.BaseClass.edgeBrowser(BaseClass.java:39)
	at org.base.BaseClass.edgeBrowser(BaseClass.java:39)
	at org.base.BaseClass.edgeBrowser(BaseClass.java:39)
	at org.base.BaseClass.edgeBrowser(BaseClass.java:39)
	at org.base.BaseClass.edgeBrowser(BaseClass.java:39)
	at org.base.BaseClass.edgeBrowser(BaseClass.java:39)
	at org.base.BaseClass.edgeBrowser(BaseClass.java:39)
	at org.base.BaseClass.edgeBrowser(BaseClass.java:39)
	at org.base.BaseClass.edgeBrowser(BaseClass.java:39)
	at org.base.BaseClass.edgeBrowser(BaseClass.java:39)
	at org.base.BaseClass.edgeBrowser(BaseClass.java:39)
	at org.base.BaseClass.edgeBrowser(BaseClass.java:39)
	at org.base.BaseClass.edgeBrowser(BaseClass.java:39)
	at org.base.BaseClass.edgeBrowser(BaseClass.java:39)
	at org.base.BaseClass.edgeBrowser(BaseClass.java:39)
	at org.base.BaseClass.edgeBrowser(BaseClass.java:39)
	at org.base.BaseClass.edgeBrowser(BaseClass.java:39)
	at org.base.BaseClass.edgeBrowser(BaseClass.java:39)
	at org.base.BaseClass.edgeBrowser(BaseClass.java:39)
	at org.base.BaseClass.edgeBrowser(BaseClass.java:39)
	at org.base.BaseClass.edgeBrowser(BaseClass.java:39)
	at org.base.BaseClass.edgeBrowser(BaseClass.java:39)
	at org.base.BaseClass.edgeBrowser(BaseClass.java:39)
	at org.base.BaseClass.edgeBrowser(BaseClass.java:39)
	at org.base.BaseClass.edgeBrowser(BaseClass.java:39)
	at org.base.BaseClass.edgeBrowser(BaseClass.java:39)
	at org.base.BaseClass.edgeBrowser(BaseClass.java:39)
	at org.base.BaseClass.edgeBrowser(BaseClass.java:39)
	at org.base.BaseClass.edgeBrowser(BaseClass.java:39)
	at org.base.BaseClass.edgeBrowser(BaseClass.java:39)
	at org.base.BaseClass.edgeBrowser(BaseClass.java:39)
	at org.base.BaseClass.edgeBrowser(BaseClass.java:39)
	at org.base.BaseClass.edgeBrowser(BaseClass.java:39)
	at org.base.BaseClass.edgeBrowser(BaseClass.java:39)
	at org.base.BaseClass.edgeBrowser(BaseClass.java:39)
	at org.base.BaseClass.edgeBrowser(BaseClass.java:39)
	at org.base.BaseClass.edgeBrowser(BaseClass.java:39)
	at org.base.BaseClass.edgeBrowser(BaseClass.java:39)
	at org.base.BaseClass.edgeBrowser(BaseClass.java:39)
	at org.base.BaseClass.edgeBrowser(BaseClass.java:39)
	at org.base.BaseClass.edgeBrowser(BaseClass.java:39)
	at org.base.BaseClass.edgeBrowser(BaseClass.java:39)
	at org.base.BaseClass.edgeBrowser(BaseClass.java:39)
	at org.base.BaseClass.edgeBrowser(BaseClass.java:39)
	at org.base.BaseClass.edgeBrowser(BaseClass.java:39)
	at org.base.BaseClass.edgeBrowser(BaseClass.java:39)
	at org.base.BaseClass.edgeBrowser(BaseClass.java:39)
	at org.base.BaseClass.edgeBrowser(BaseClass.java:39)
	at org.base.BaseClass.edgeBrowser(BaseClass.java:39)
	at org.base.BaseClass.edgeBrowser(BaseClass.java:39)
	at org.base.BaseClass.edgeBrowser(BaseClass.java:39)
	at org.base.BaseClass.edgeBrowser(BaseClass.java:39)
	at org.base.BaseClass.edgeBrowser(BaseClass.java:39)
	at org.base.BaseClass.edgeBrowser(BaseClass.java:39)
	at org.base.BaseClass.edgeBrowser(BaseClass.java:39)
	at org.base.BaseClass.edgeBrowser(BaseClass.java:39)
	at org.base.BaseClass.edgeBrowser(BaseClass.java:39)
	at org.base.BaseClass.edgeBrowser(BaseClass.java:39)
	at org.base.BaseClass.edgeBrowser(BaseClass.java:39)
	at org.base.BaseClass.edgeBrowser(BaseClass.java:39)
	at org.base.BaseClass.edgeBrowser(BaseClass.java:39)
	at org.base.BaseClass.edgeBrowser(BaseClass.java:39)
	at org.base.BaseClass.edgeBrowser(BaseClass.java:39)
	at org.base.BaseClass.edgeBrowser(BaseClass.java:39)
	at org.base.BaseClass.edgeBrowser(BaseClass.java:39)
	at org.base.BaseClass.edgeBrowser(BaseClass.java:39)
	at org.base.BaseClass.edgeBrowser(BaseClass.java:39)
	at org.base.BaseClass.edgeBrowser(BaseClass.java:39)
	at org.base.BaseClass.edgeBrowser(BaseClass.java:39)
	at org.base.BaseClass.edgeBrowser(BaseClass.java:39)
	at org.base.BaseClass.edgeBrowser(BaseClass.java:39)
	at org.base.BaseClass.edgeBrowser(BaseClass.java:39)
	at org.base.BaseClass.edgeBrowser(BaseClass.java:39)
	at org.base.BaseClass.edgeBrowser(BaseClass.java:39)
	at org.base.BaseClass.edgeBrowser(BaseClass.java:39)
	at org.base.BaseClass.edgeBrowser(BaseClass.java:39)
	at org.base.BaseClass.edgeBrowser(BaseClass.java:39)
	at org.base.BaseClass.edgeBrowser(BaseClass.java:39)
	at org.base.BaseClass.edgeBrowser(BaseClass.java:39)
	at org.base.BaseClass.edgeBrowser(BaseClass.java:39)
	at org.base.BaseClass.edgeBrowser(BaseClass.java:39)
	at org.base.BaseClass.edgeBrowser(BaseClass.java:39)
	at org.base.BaseClass.edgeBrowser(BaseClass.java:39)
	at org.base.BaseClass.edgeBrowser(BaseClass.java:39)
	at org.base.BaseClass.edgeBrowser(BaseClass.java:39)
	at org.base.BaseClass.edgeBrowser(BaseClass.java:39)
	at org.base.BaseClass.edgeBrowser(BaseClass.java:39)
	at org.base.BaseClass.edgeBrowser(BaseClass.java:39)
	at org.base.BaseClass.edgeBrowser(BaseClass.java:39)
	at org.base.BaseClass.edgeBrowser(BaseClass.java:39)
	at org.base.BaseClass.edgeBrowser(BaseClass.java:39)
	at org.base.BaseClass.edgeBrowser(BaseClass.java:39)
	at org.base.BaseClass.edgeBrowser(BaseClass.java:39)
	at org.base.BaseClass.edgeBrowser(BaseClass.java:39)
	at org.base.BaseClass.edgeBrowser(BaseClass.java:39)
	at org.base.BaseClass.edgeBrowser(BaseClass.java:39)
	at org.base.BaseClass.edgeBrowser(BaseClass.java:39)
	at org.base.BaseClass.edgeBrowser(BaseClass.java:39)
	at org.base.BaseClass.edgeBrowser(BaseClass.java:39)
	at org.base.BaseClass.edgeBrowser(BaseClass.java:39)
	at org.base.BaseClass.edgeBrowser(BaseClass.java:39)
	at org.base.BaseClass.edgeBrowser(BaseClass.java:39)
	at org.base.BaseClass.edgeBrowser(BaseClass.java:39)
	at org.base.BaseClass.edgeBrowser(BaseClass.java:39)
	at org.base.BaseClass.edgeBrowser(BaseClass.java:39)
	at org.base.BaseClass.edgeBrowser(BaseClass.java:39)
	at org.base.BaseClass.edgeBrowser(BaseClass.java:39)
	at org.base.BaseClass.edgeBrowser(BaseClass.java:39)
	at org.base.BaseClass.edgeBrowser(BaseClass.java:39)
	at org.base.BaseClass.edgeBrowser(BaseClass.java:39)
	at org.base.BaseClass.edgeBrowser(BaseClass.java:39)
	at org.base.BaseClass.edgeBrowser(BaseClass.java:39)
	at org.base.BaseClass.edgeBrowser(BaseClass.java:39)
	at org.base.BaseClass.edgeBrowser(BaseClass.java:39)
	at org.base.BaseClass.edgeBrowser(BaseClass.java:39)
	at org.base.BaseClass.edgeBrowser(BaseClass.java:39)
	at org.base.BaseClass.edgeBrowser(BaseClass.java:39)
	at org.base.BaseClass.edgeBrowser(BaseClass.java:39)
	at org.base.BaseClass.edgeBrowser(BaseClass.java:39)
	at org.base.BaseClass.edgeBrowser(BaseClass.java:39)
	at org.base.BaseClass.edgeBrowser(BaseClass.java:39)
	at org.base.BaseClass.edgeBrowser(BaseClass.java:39)
	at org.base.BaseClass.edgeBrowser(BaseClass.java:39)
	at org.base.BaseClass.edgeBrowser(BaseClass.java:39)
	at org.base.BaseClass.edgeBrowser(BaseClass.java:39)
	at org.base.BaseClass.edgeBrowser(BaseClass.java:39)
	at org.base.BaseClass.edgeBrowser(BaseClass.java:39)
	at org.base.BaseClass.edgeBrowser(BaseClass.java:39)
	at org.base.BaseClass.edgeBrowser(BaseClass.java:39)
	at org.base.BaseClass.edgeBrowser(BaseClass.java:39)
	at org.base.BaseClass.edgeBrowser(BaseClass.java:39)
	at org.base.BaseClass.edgeBrowser(BaseClass.java:39)
	at org.base.BaseClass.edgeBrowser(BaseClass.java:39)
	at org.base.BaseClass.edgeBrowser(BaseClass.java:39)
	at org.base.BaseClass.edgeBrowser(BaseClass.java:39)
	at org.base.BaseClass.edgeBrowser(BaseClass.java:39)
	at org.base.BaseClass.edgeBrowser(BaseClass.java:39)
	at org.base.BaseClass.edgeBrowser(BaseClass.java:39)
	at org.base.BaseClass.edgeBrowser(BaseClass.java:39)
	at org.base.BaseClass.edgeBrowser(BaseClass.java:39)
	at org.base.BaseClass.edgeBrowser(BaseClass.java:39)
	at org.base.BaseClass.edgeBrowser(BaseClass.java:39)
	at org.base.BaseClass.edgeBrowser(BaseClass.java:39)
	at org.base.BaseClass.edgeBrowser(BaseClass.java:39)
	at org.base.BaseClass.edgeBrowser(BaseClass.java:39)
	at org.base.BaseClass.edgeBrowser(BaseClass.java:39)
	at org.base.BaseClass.edgeBrowser(BaseClass.java:39)
	at org.base.BaseClass.edgeBrowser(BaseClass.java:39)
	at org.base.BaseClass.edgeBrowser(BaseClass.java:39)
	at org.base.BaseClass.edgeBrowser(BaseClass.java:39)
	at org.base.BaseClass.edgeBrowser(BaseClass.java:39)
	at org.base.BaseClass.edgeBrowser(BaseClass.java:39)
	at org.base.BaseClass.edgeBrowser(BaseClass.java:39)
	at org.base.BaseClass.edgeBrowser(BaseClass.java:39)
	at org.base.BaseClass.edgeBrowser(BaseClass.java:39)
	at org.base.BaseClass.edgeBrowser(BaseClass.java:39)
	at org.base.BaseClass.edgeBrowser(BaseClass.java:39)
	at org.base.BaseClass.edgeBrowser(BaseClass.java:39)
	at org.base.BaseClass.edgeBrowser(BaseClass.java:39)
	at org.base.BaseClass.edgeBrowser(BaseClass.java:39)
	at org.base.BaseClass.edgeBrowser(BaseClass.java:39)
	at org.base.BaseClass.edgeBrowser(BaseClass.java:39)
	at org.base.BaseClass.edgeBrowser(BaseClass.java:39)
	at org.base.BaseClass.edgeBrowser(BaseClass.java:39)
	at org.base.BaseClass.edgeBrowser(BaseClass.java:39)
	at org.base.BaseClass.edgeBrowser(BaseClass.java:39)
	at org.base.BaseClass.edgeBrowser(BaseClass.java:39)
	at org.base.BaseClass.edgeBrowser(BaseClass.java:39)
	at org.base.BaseClass.edgeBrowser(BaseClass.java:39)
	at org.base.BaseClass.edgeBrowser(BaseClass.java:39)
	at org.base.BaseClass.edgeBrowser(BaseClass.java:39)
	at org.base.BaseClass.edgeBrowser(BaseClass.java:39)
	at org.base.BaseClass.edgeBrowser(BaseClass.java:39)
	at org.base.BaseClass.edgeBrowser(BaseClass.java:39)
	at org.base.BaseClass.edgeBrowser(BaseClass.java:39)
	at org.base.BaseClass.edgeBrowser(BaseClass.java:39)
	at org.base.BaseClass.edgeBrowser(BaseClass.java:39)
	at org.base.BaseClass.edgeBrowser(BaseClass.java:39)
	at org.base.BaseClass.edgeBrowser(BaseClass.java:39)
	at org.base.BaseClass.edgeBrowser(BaseClass.java:39)
	at org.base.BaseClass.edgeBrowser(BaseClass.java:39)
	at org.base.BaseClass.edgeBrowser(BaseClass.java:39)
	at org.base.BaseClass.edgeBrowser(BaseClass.java:39)
	at org.base.BaseClass.edgeBrowser(BaseClass.java:39)
	at org.base.BaseClass.edgeBrowser(BaseClass.java:39)
	at org.base.BaseClass.edgeBrowser(BaseClass.java:39)
	at org.base.BaseClass.edgeBrowser(BaseClass.java:39)
	at org.base.BaseClass.edgeBrowser(BaseClass.java:39)
	at org.base.BaseClass.edgeBrowser(BaseClass.java:39)
	at org.base.BaseClass.edgeBrowser(BaseClass.java:39)
	at org.base.BaseClass.edgeBrowser(BaseClass.java:39)
	at org.base.BaseClass.edgeBrowser(BaseClass.java:39)
	at org.base.BaseClass.edgeBrowser(BaseClass.java:39)
	at org.base.BaseClass.edgeBrowser(BaseClass.java:39)
	at org.base.BaseClass.edgeBrowser(BaseClass.java:39)
	at org.base.BaseClass.edgeBrowser(BaseClass.java:39)
	at org.base.BaseClass.edgeBrowser(BaseClass.java:39)
	at org.base.BaseClass.edgeBrowser(BaseClass.java:39)
	at org.base.BaseClass.edgeBrowser(BaseClass.java:39)
	at org.base.BaseClass.edgeBrowser(BaseClass.java:39)
	at org.base.BaseClass.edgeBrowser(BaseClass.java:39)
	at org.base.BaseClass.edgeBrowser(BaseClass.java:39)
	at org.base.BaseClass.edgeBrowser(BaseClass.java:39)
	at org.base.BaseClass.edgeBrowser(BaseClass.java:39)
	at org.base.BaseClass.edgeBrowser(BaseClass.java:39)
	at org.base.BaseClass.edgeBrowser(BaseClass.java:39)
	at org.base.BaseClass.edgeBrowser(BaseClass.java:39)
	at org.base.BaseClass.edgeBrowser(BaseClass.java:39)
	at org.base.BaseClass.edgeBrowser(BaseClass.java:39)
	at org.base.BaseClass.edgeBrowser(BaseClass.java:39)
	at org.base.BaseClass.edgeBrowser(BaseClass.java:39)
	at org.base.BaseClass.edgeBrowser(BaseClass.java:39)
	at org.base.BaseClass.edgeBrowser(BaseClass.java:39)
	at org.base.BaseClass.edgeBrowser(BaseClass.java:39)
	at org.base.BaseClass.edgeBrowser(BaseClass.java:39)
	at org.base.BaseClass.edgeBrowser(BaseClass.java:39)
	at org.base.BaseClass.edgeBrowser(BaseClass.java:39)
	at org.base.BaseClass.edgeBrowser(BaseClass.java:39)
	at org.base.BaseClass.edgeBrowser(BaseClass.java:39)
	at org.base.BaseClass.edgeBrowser(BaseClass.java:39)
	at org.base.BaseClass.edgeBrowser(BaseClass.java:39)
	at org.base.BaseClass.edgeBrowser(BaseClass.java:39)
	at org.base.BaseClass.edgeBrowser(BaseClass.java:39)
	at org.base.BaseClass.edgeBrowser(BaseClass.java:39)
	at org.base.BaseClass.edgeBrowser(BaseClass.java:39)
	at org.base.BaseClass.edgeBrowser(BaseClass.java:39)
	at org.base.BaseClass.edgeBrowser(BaseClass.java:39)
	at org.base.BaseClass.edgeBrowser(BaseClass.java:39)
	at org.base.BaseClass.edgeBrowser(BaseClass.java:39)
	at org.base.BaseClass.edgeBrowser(BaseClass.java:39)
	at org.base.BaseClass.edgeBrowser(BaseClass.java:39)
	at org.base.BaseClass.edgeBrowser(BaseClass.java:39)
	at org.base.BaseClass.edgeBrowser(BaseClass.java:39)
	at org.base.BaseClass.edgeBrowser(BaseClass.java:39)
	at org.base.BaseClass.edgeBrowser(BaseClass.java:39)
	at org.base.BaseClass.edgeBrowser(BaseClass.java:39)
	at org.base.BaseClass.edgeBrowser(BaseClass.java:39)
	at org.base.BaseClass.edgeBrowser(BaseClass.java:39)
	at org.base.BaseClass.edgeBrowser(BaseClass.java:39)
	at org.base.BaseClass.edgeBrowser(BaseClass.java:39)
	at org.base.BaseClass.edgeBrowser(BaseClass.java:39)
	at org.base.BaseClass.edgeBrowser(BaseClass.java:39)
	at org.base.BaseClass.edgeBrowser(BaseClass.java:39)
	at org.base.BaseClass.edgeBrowser(BaseClass.java:39)
	at org.base.BaseClass.edgeBrowser(BaseClass.java:39)
	at org.base.BaseClass.edgeBrowser(BaseClass.java:39)
	at org.base.BaseClass.edgeBrowser(BaseClass.java:39)
	at org.base.BaseClass.edgeBrowser(BaseClass.java:39)
	at org.base.BaseClass.edgeBrowser(BaseClass.java:39)
	at org.base.BaseClass.edgeBrowser(BaseClass.java:39)
	at org.base.BaseClass.edgeBrowser(BaseClass.java:39)
	at org.base.BaseClass.edgeBrowser(BaseClass.java:39)
	at org.base.BaseClass.edgeBrowser(BaseClass.java:39)
	at org.base.BaseClass.edgeBrowser(BaseClass.java:39)
	at org.base.BaseClass.edgeBrowser(BaseClass.java:39)
	at org.base.BaseClass.edgeBrowser(BaseClass.java:39)
	at org.base.BaseClass.edgeBrowser(BaseClass.java:39)
	at org.base.BaseClass.edgeBrowser(BaseClass.java:39)
	at org.base.BaseClass.edgeBrowser(BaseClass.java:39)
	at org.base.BaseClass.edgeBrowser(BaseClass.java:39)
	at org.base.BaseClass.edgeBrowser(BaseClass.java:39)
	at org.base.BaseClass.edgeBrowser(BaseClass.java:39)
	at org.base.BaseClass.edgeBrowser(BaseClass.java:39)
	at org.base.BaseClass.edgeBrowser(BaseClass.java:39)
	at org.base.BaseClass.edgeBrowser(BaseClass.java:39)
	at org.base.BaseClass.edgeBrowser(BaseClass.java:39)
	at org.base.BaseClass.edgeBrowser(BaseClass.java:39)
	at org.base.BaseClass.edgeBrowser(BaseClass.java:39)
	at org.base.BaseClass.edgeBrowser(BaseClass.java:39)
	at org.base.BaseClass.edgeBrowser(BaseClass.java:39)
	at org.base.BaseClass.edgeBrowser(BaseClass.java:39)
	at org.base.BaseClass.edgeBrowser(BaseClass.java:39)
	at org.base.BaseClass.edgeBrowser(BaseClass.java:39)
	at org.base.BaseClass.edgeBrowser(BaseClass.java:39)
	at org.base.BaseClass.edgeBrowser(BaseClass.java:39)
	at org.base.BaseClass.edgeBrowser(BaseClass.java:39)
	at org.base.BaseClass.edgeBrowser(BaseClass.java:39)
	at org.base.BaseClass.edgeBrowser(BaseClass.java:39)
	at org.base.BaseClass.edgeBrowser(BaseClass.java:39)
	at org.base.BaseClass.edgeBrowser(BaseClass.java:39)
	at org.base.BaseClass.edgeBrowser(BaseClass.java:39)
	at org.base.BaseClass.edgeBrowser(BaseClass.java:39)
	at org.base.BaseClass.edgeBrowser(BaseClass.java:39)
	at org.base.BaseClass.edgeBrowser(BaseClass.java:39)
	at org.base.BaseClass.edgeBrowser(BaseClass.java:39)
	at org.base.BaseClass.edgeBrowser(BaseClass.java:39)
	at org.base.BaseClass.edgeBrowser(BaseClass.java:39)
	at org.base.BaseClass.edgeBrowser(BaseClass.java:39)
	at org.base.BaseClass.edgeBrowser(BaseClass.java:39)
	at org.base.BaseClass.edgeBrowser(BaseClass.java:39)
	at org.base.BaseClass.edgeBrowser(BaseClass.java:39)
	at org.base.BaseClass.edgeBrowser(BaseClass.java:39)
	at org.base.BaseClass.edgeBrowser(BaseClass.java:39)
	at org.base.BaseClass.edgeBrowser(BaseClass.java:39)
	at org.base.BaseClass.edgeBrowser(BaseClass.java:39)
	at org.base.BaseClass.edgeBrowser(BaseClass.java:39)
	at org.base.BaseClass.edgeBrowser(BaseClass.java:39)
	at org.base.BaseClass.edgeBrowser(BaseClass.java:39)
	at org.base.BaseClass.edgeBrowser(BaseClass.java:39)
	at org.base.BaseClass.edgeBrowser(BaseClass.java:39)
	at org.base.BaseClass.edgeBrowser(BaseClass.java:39)
	at org.base.BaseClass.edgeBrowser(BaseClass.java:39)
	at org.base.BaseClass.edgeBrowser(BaseClass.java:39)
	at org.base.BaseClass.edgeBrowser(BaseClass.java:39)
	at org.base.BaseClass.edgeBrowser(BaseClass.java:39)
	at org.base.BaseClass.edgeBrowser(BaseClass.java:39)
	at org.base.BaseClass.edgeBrowser(BaseClass.java:39)
	at org.base.BaseClass.edgeBrowser(BaseClass.java:39)
	at org.base.BaseClass.edgeBrowser(BaseClass.java:39)
	at org.base.BaseClass.edgeBrowser(BaseClass.java:39)
	at org.base.BaseClass.edgeBrowser(BaseClass.java:39)
	at org.base.BaseClass.edgeBrowser(BaseClass.java:39)
	at org.base.BaseClass.edgeBrowser(BaseClass.java:39)
	at org.base.BaseClass.edgeBrowser(BaseClass.java:39)
	at org.base.BaseClass.edgeBrowser(BaseClass.java:39)
	at org.base.BaseClass.edgeBrowser(BaseClass.java:39)
	at org.base.BaseClass.edgeBrowser(BaseClass.java:39)
	at org.base.BaseClass.edgeBrowser(BaseClass.java:39)
	at org.base.BaseClass.edgeBrowser(BaseClass.java:39)
	at org.base.BaseClass.edgeBrowser(BaseClass.java:39)
	at org.base.BaseClass.edgeBrowser(BaseClass.java:39)
	at org.base.BaseClass.edgeBrowser(BaseClass.java:39)
	at org.base.BaseClass.edgeBrowser(BaseClass.java:39)
	at org.base.BaseClass.edgeBrowser(BaseClass.java:39)
	at org.base.BaseClass.edgeBrowser(BaseClass.java:39)
	at org.base.BaseClass.edgeBrowser(BaseClass.java:39)
	at org.base.BaseClass.edgeBrowser(BaseClass.java:39)
	at org.base.BaseClass.edgeBrowser(BaseClass.java:39)
	at org.base.BaseClass.edgeBrowser(BaseClass.java:39)
	at org.base.BaseClass.edgeBrowser(BaseClass.java:39)
	at org.base.BaseClass.edgeBrowser(BaseClass.java:39)
	at org.base.BaseClass.edgeBrowser(BaseClass.java:39)
	at org.base.BaseClass.edgeBrowser(BaseClass.java:39)
	at org.base.BaseClass.edgeBrowser(BaseClass.java:39)
	at org.base.BaseClass.edgeBrowser(BaseClass.java:39)
	at org.base.BaseClass.edgeBrowser(BaseClass.java:39)
	at org.base.BaseClass.edgeBrowser(BaseClass.java:39)
	at org.base.BaseClass.edgeBrowser(BaseClass.java:39)
	at org.base.BaseClass.edgeBrowser(BaseClass.java:39)
	at org.base.BaseClass.edgeBrowser(BaseClass.java:39)
	at org.base.BaseClass.edgeBrowser(BaseClass.java:39)
	at org.base.BaseClass.edgeBrowser(BaseClass.java:39)
	at org.base.BaseClass.edgeBrowser(BaseClass.java:39)
	at org.base.BaseClass.edgeBrowser(BaseClass.java:39)
	at org.base.BaseClass.edgeBrowser(BaseClass.java:39)
	at org.base.BaseClass.edgeBrowser(BaseClass.java:39)
	at org.base.BaseClass.edgeBrowser(BaseClass.java:39)
	at org.base.BaseClass.edgeBrowser(BaseClass.java:39)
	at org.base.BaseClass.edgeBrowser(BaseClass.java:39)
	at org.base.BaseClass.edgeBrowser(BaseClass.java:39)
	at org.base.BaseClass.edgeBrowser(BaseClass.java:39)
	at org.base.BaseClass.edgeBrowser(BaseClass.java:39)
	at org.base.BaseClass.edgeBrowser(BaseClass.java:39)
	at org.base.BaseClass.edgeBrowser(BaseClass.java:39)
	at org.base.BaseClass.edgeBrowser(BaseClass.java:39)
	at org.base.BaseClass.edgeBrowser(BaseClass.java:39)
	at org.base.BaseClass.edgeBrowser(BaseClass.java:39)
	at org.base.BaseClass.edgeBrowser(BaseClass.java:39)
	at org.base.BaseClass.edgeBrowser(BaseClass.java:39)
	at org.base.BaseClass.edgeBrowser(BaseClass.java:39)
	at org.base.BaseClass.edgeBrowser(BaseClass.java:39)
	at org.base.BaseClass.edgeBrowser(BaseClass.java:39)
	at org.base.BaseClass.edgeBrowser(BaseClass.java:39)
	at org.base.BaseClass.edgeBrowser(BaseClass.java:39)
	at org.base.BaseClass.edgeBrowser(BaseClass.java:39)
	at org.base.BaseClass.edgeBrowser(BaseClass.java:39)
	at org.base.BaseClass.edgeBrowser(BaseClass.java:39)
	at org.base.BaseClass.edgeBrowser(BaseClass.java:39)
	at org.base.BaseClass.edgeBrowser(BaseClass.java:39)
	at org.base.BaseClass.edgeBrowser(BaseClass.java:39)
	at org.base.BaseClass.edgeBrowser(BaseClass.java:39)
	at org.base.BaseClass.edgeBrowser(BaseClass.java:39)
	at org.base.BaseClass.edgeBrowser(BaseClass.java:39)
	at org.base.BaseClass.edgeBrowser(BaseClass.java:39)
	at org.base.BaseClass.edgeBrowser(BaseClass.java:39)
	at org.base.BaseClass.edgeBrowser(BaseClass.java:39)
	at org.base.BaseClass.edgeBrowser(BaseClass.java:39)
	at org.base.BaseClass.edgeBrowser(BaseClass.java:39)
	at org.base.BaseClass.edgeBrowser(BaseClass.java:39)
	at org.base.BaseClass.edgeBrowser(BaseClass.java:39)
	at org.base.BaseClass.edgeBrowser(BaseClass.java:39)
	at org.base.BaseClass.edgeBrowser(BaseClass.java:39)
	at org.base.BaseClass.edgeBrowser(BaseClass.java:39)
	at org.base.BaseClass.edgeBrowser(BaseClass.java:39)
	at org.base.BaseClass.edgeBrowser(BaseClass.java:39)
	at org.base.BaseClass.edgeBrowser(BaseClass.java:39)
	at org.base.BaseClass.edgeBrowser(BaseClass.java:39)
	at org.base.BaseClass.edgeBrowser(BaseClass.java:39)
	at org.base.BaseClass.edgeBrowser(BaseClass.java:39)
	at org.base.BaseClass.edgeBrowser(BaseClass.java:39)
	at org.base.BaseClass.edgeBrowser(BaseClass.java:39)
	at org.base.BaseClass.edgeBrowser(BaseClass.java:39)
	at org.base.BaseClass.edgeBrowser(BaseClass.java:39)
	at org.base.BaseClass.edgeBrowser(BaseClass.java:39)
	at org.base.BaseClass.edgeBrowser(BaseClass.java:39)
	at org.base.BaseClass.edgeBrowser(BaseClass.java:39)
	at org.base.BaseClass.edgeBrowser(BaseClass.java:39)
	at org.base.BaseClass.edgeBrowser(BaseClass.java:39)
	at org.base.BaseClass.edgeBrowser(BaseClass.java:39)
	at org.base.BaseClass.edgeBrowser(BaseClass.java:39)
	at org.base.BaseClass.edgeBrowser(BaseClass.java:39)
	at org.base.BaseClass.edgeBrowser(BaseClass.java:39)
	at org.base.BaseClass.edgeBrowser(BaseClass.java:39)
	at org.base.BaseClass.edgeBrowser(BaseClass.java:39)
	at org.base.BaseClass.edgeBrowser(BaseClass.java:39)
	at org.base.BaseClass.edgeBrowser(BaseClass.java:39)
	at org.base.BaseClass.edgeBrowser(BaseClass.java:39)
	at org.base.BaseClass.edgeBrowser(BaseClass.java:39)
	at org.base.BaseClass.edgeBrowser(BaseClass.java:39)
	at org.base.BaseClass.edgeBrowser(BaseClass.java:39)
	at org.base.BaseClass.edgeBrowser(BaseClass.java:39)
	at org.base.BaseClass.edgeBrowser(BaseClass.java:39)
	at org.base.BaseClass.edgeBrowser(BaseClass.java:39)
	at org.base.BaseClass.edgeBrowser(BaseClass.java:39)
	at org.base.BaseClass.edgeBrowser(BaseClass.java:39)
	at org.base.BaseClass.edgeBrowser(BaseClass.java:39)
	at org.base.BaseClass.edgeBrowser(BaseClass.java:39)
	at org.base.BaseClass.edgeBrowser(BaseClass.java:39)
	at org.base.BaseClass.edgeBrowser(BaseClass.java:39)
	at org.base.BaseClass.edgeBrowser(BaseClass.java:39)
	at org.base.BaseClass.edgeBrowser(BaseClass.java:39)
	at org.base.BaseClass.edgeBrowser(BaseClass.java:39)
	at org.base.BaseClass.edgeBrowser(BaseClass.java:39)
	at org.base.BaseClass.edgeBrowser(BaseClass.java:39)
	at org.base.BaseClass.edgeBrowser(BaseClass.java:39)
	at org.base.BaseClass.edgeBrowser(BaseClass.java:39)
	at org.base.BaseClass.edgeBrowser(BaseClass.java:39)
	at org.base.BaseClass.edgeBrowser(BaseClass.java:39)
	at org.base.BaseClass.edgeBrowser(BaseClass.java:39)
	at org.base.BaseClass.edgeBrowser(BaseClass.java:39)
	at org.base.BaseClass.edgeBrowser(BaseClass.java:39)
	at org.base.BaseClass.edgeBrowser(BaseClass.java:39)
	at org.base.BaseClass.edgeBrowser(BaseClass.java:39)
	at org.base.BaseClass.edgeBrowser(BaseClass.java:39)
	at org.base.BaseClass.edgeBrowser(BaseClass.java:39)
	at org.base.BaseClass.edgeBrowser(BaseClass.java:39)
	at org.base.BaseClass.edgeBrowser(BaseClass.java:39)
	at org.base.BaseClass.edgeBrowser(BaseClass.java:39)
	at org.base.BaseClass.edgeBrowser(BaseClass.java:39)
	at org.base.BaseClass.edgeBrowser(BaseClass.java:39)
	at org.base.BaseClass.edgeBrowser(BaseClass.java:39)
	at org.base.BaseClass.edgeBrowser(BaseClass.java:39)
	at org.base.BaseClass.edgeBrowser(BaseClass.java:39)
	at org.base.BaseClass.edgeBrowser(BaseClass.java:39)
	at org.base.BaseClass.edgeBrowser(BaseClass.java:39)
	at org.base.BaseClass.edgeBrowser(BaseClass.java:39)
	at org.base.BaseClass.edgeBrowser(BaseClass.java:39)
	at org.base.BaseClass.edgeBrowser(BaseClass.java:39)
	at org.base.BaseClass.edgeBrowser(BaseClass.java:39)
	at org.base.BaseClass.edgeBrowser(BaseClass.java:39)
	at org.base.BaseClass.edgeBrowser(BaseClass.java:39)
	at org.base.BaseClass.edgeBrowser(BaseClass.java:39)
	at org.base.BaseClass.edgeBrowser(BaseClass.java:39)
	at org.base.BaseClass.edgeBrowser(BaseClass.java:39)
	at org.base.BaseClass.edgeBrowser(BaseClass.java:39)
	at org.base.BaseClass.edgeBrowser(BaseClass.java:39)
	at org.base.BaseClass.edgeBrowser(BaseClass.java:39)
	at org.base.BaseClass.edgeBrowser(BaseClass.java:39)
	at org.base.BaseClass.edgeBrowser(BaseClass.java:39)
	at org.base.BaseClass.edgeBrowser(BaseClass.java:39)
	at org.base.BaseClass.edgeBrowser(BaseClass.java:39)
	at org.base.BaseClass.edgeBrowser(BaseClass.java:39)
	at org.base.BaseClass.edgeBrowser(BaseClass.java:39)
	at org.base.BaseClass.edgeBrowser(BaseClass.java:39)
	at org.base.BaseClass.edgeBrowser(BaseClass.java:39)
	at org.base.BaseClass.edgeBrowser(BaseClass.java:39)
	at org.base.BaseClass.edgeBrowser(BaseClass.java:39)
	at org.base.BaseClass.edgeBrowser(BaseClass.java:39)
	at org.base.BaseClass.edgeBrowser(BaseClass.java:39)
	at org.base.BaseClass.edgeBrowser(BaseClass.java:39)
	at org.base.BaseClass.edgeBrowser(BaseClass.java:39)
	at org.base.BaseClass.edgeBrowser(BaseClass.java:39)
	at org.base.BaseClass.edgeBrowser(BaseClass.java:39)
	at org.base.BaseClass.edgeBrowser(BaseClass.java:39)
	at org.base.BaseClass.edgeBrowser(BaseClass.java:39)
	at org.base.BaseClass.edgeBrowser(BaseClass.java:39)
	at org.base.BaseClass.edgeBrowser(BaseClass.java:39)
	at org.base.BaseClass.edgeBrowser(BaseClass.java:39)
	at org.base.BaseClass.edgeBrowser(BaseClass.java:39)
	at org.base.BaseClass.edgeBrowser(BaseClass.java:39)
	at org.base.BaseClass.edgeBrowser(BaseClass.java:39)
	at org.base.BaseClass.edgeBrowser(BaseClass.java:39)
	at org.base.BaseClass.edgeBrowser(BaseClass.java:39)
	at org.base.BaseClass.edgeBrowser(BaseClass.java:39)
	at org.base.BaseClass.edgeBrowser(BaseClass.java:39)
	at org.base.BaseClass.edgeBrowser(BaseClass.java:39)
	at org.base.BaseClass.edgeBrowser(BaseClass.java:39)
	at org.base.BaseClass.edgeBrowser(BaseClass.java:39)
	at org.base.BaseClass.edgeBrowser(BaseClass.java:39)
	at org.base.BaseClass.edgeBrowser(BaseClass.java:39)
	at org.base.BaseClass.edgeBrowser(BaseClass.java:39)
	at org.base.BaseClass.edgeBrowser(BaseClass.java:39)
	at org.base.BaseClass.edgeBrowser(BaseClass.java:39)
	at org.base.BaseClass.edgeBrowser(BaseClass.java:39)
	at org.base.BaseClass.edgeBrowser(BaseClass.java:39)
	at org.base.BaseClass.edgeBrowser(BaseClass.java:39)
	at org.base.BaseClass.edgeBrowser(BaseClass.java:39)
	at org.base.BaseClass.edgeBrowser(BaseClass.java:39)
	at org.base.BaseClass.edgeBrowser(BaseClass.java:39)
	at org.base.BaseClass.edgeBrowser(BaseClass.java:39)
	at org.base.BaseClass.edgeBrowser(BaseClass.java:39)
	at org.base.BaseClass.edgeBrowser(BaseClass.java:39)
	at org.base.BaseClass.edgeBrowser(BaseClass.java:39)
	at org.base.BaseClass.edgeBrowser(BaseClass.java:39)
	at org.base.BaseClass.edgeBrowser(BaseClass.java:39)
	at org.base.BaseClass.edgeBrowser(BaseClass.java:39)
	at org.base.BaseClass.edgeBrowser(BaseClass.java:39)
	at org.base.BaseClass.edgeBrowser(BaseClass.java:39)
	at org.base.BaseClass.edgeBrowser(BaseClass.java:39)
	at org.base.BaseClass.edgeBrowser(BaseClass.java:39)
	at org.base.BaseClass.edgeBrowser(BaseClass.java:39)
	at org.base.BaseClass.edgeBrowser(BaseClass.java:39)
	at org.base.BaseClass.edgeBrowser(BaseClass.java:39)
	at org.base.BaseClass.edgeBrowser(BaseClass.java:39)
	at org.base.BaseClass.edgeBrowser(BaseClass.java:39)
	at org.base.BaseClass.edgeBrowser(BaseClass.java:39)
	at org.base.BaseClass.edgeBrowser(BaseClass.java:39)
	at org.base.BaseClass.edgeBrowser(BaseClass.java:39)
	at org.base.BaseClass.edgeBrowser(BaseClass.java:39)
	at org.base.BaseClass.edgeBrowser(BaseClass.java:39)
	at org.base.BaseClass.edgeBrowser(BaseClass.java:39)
	at org.base.BaseClass.edgeBrowser(BaseClass.java:39)
	at org.base.BaseClass.edgeBrowser(BaseClass.java:39)
	at org.base.BaseClass.edgeBrowser(BaseClass.java:39)
	at org.base.BaseClass.edgeBrowser(BaseClass.java:39)
	at org.base.BaseClass.edgeBrowser(BaseClass.java:39)
	at org.base.BaseClass.edgeBrowser(BaseClass.java:39)
	at org.base.BaseClass.edgeBrowser(BaseClass.java:39)
	at org.base.BaseClass.edgeBrowser(BaseClass.java:39)
	at org.base.BaseClass.edgeBrowser(BaseClass.java:39)
	at org.base.BaseClass.edgeBrowser(BaseClass.java:39)
	at org.base.BaseClass.edgeBrowser(BaseClass.java:39)
	at org.base.BaseClass.edgeBrowser(BaseClass.java:39)
	at org.base.BaseClass.edgeBrowser(BaseClass.java:39)
	at org.base.BaseClass.edgeBrowser(BaseClass.java:39)
	at org.base.BaseClass.edgeBrowser(BaseClass.java:39)
	at org.base.BaseClass.edgeBrowser(BaseClass.java:39)
	at org.base.BaseClass.edgeBrowser(BaseClass.java:39)
	at org.base.BaseClass.edgeBrowser(BaseClass.java:39)
	at org.base.BaseClass.edgeBrowser(BaseClass.java:39)
	at org.base.BaseClass.edgeBrowser(BaseClass.java:39)
	at org.base.BaseClass.edgeBrowser(BaseClass.java:39)
	at org.base.BaseClass.edgeBrowser(BaseClass.java:39)
	at org.base.BaseClass.edgeBrowser(BaseClass.java:39)
	at org.base.BaseClass.edgeBrowser(BaseClass.java:39)
	at org.base.BaseClass.edgeBrowser(BaseClass.java:39)
	at org.base.BaseClass.edgeBrowser(BaseClass.java:39)
	at org.base.BaseClass.edgeBrowser(BaseClass.java:39)
	at org.base.BaseClass.edgeBrowser(BaseClass.java:39)
	at org.base.BaseClass.edgeBrowser(BaseClass.java:39)
	at org.base.BaseClass.edgeBrowser(BaseClass.java:39)
	at org.base.BaseClass.edgeBrowser(BaseClass.java:39)
	at org.base.BaseClass.edgeBrowser(BaseClass.java:39)
	at org.base.BaseClass.edgeBrowser(BaseClass.java:39)
	at org.base.BaseClass.edgeBrowser(BaseClass.java:39)
	at org.base.BaseClass.edgeBrowser(BaseClass.java:39)
	at org.base.BaseClass.edgeBrowser(BaseClass.java:39)
	at org.base.BaseClass.edgeBrowser(BaseClass.java:39)
	at org.base.BaseClass.edgeBrowser(BaseClass.java:39)
	at org.base.BaseClass.edgeBrowser(BaseClass.java:39)
	at org.base.BaseClass.edgeBrowser(BaseClass.java:39)
	at org.base.BaseClass.edgeBrowser(BaseClass.java:39)
	at org.base.BaseClass.edgeBrowser(BaseClass.java:39)
	at org.base.BaseClass.edgeBrowser(BaseClass.java:39)
	at org.base.BaseClass.edgeBrowser(BaseClass.java:39)
	at org.base.BaseClass.edgeBrowser(BaseClass.java:39)
	at org.base.BaseClass.edgeBrowser(BaseClass.java:39)
	at org.base.BaseClass.edgeBrowser(BaseClass.java:39)
	at org.base.BaseClass.edgeBrowser(BaseClass.java:39)
	at org.base.BaseClass.edgeBrowser(BaseClass.java:39)
	at org.base.BaseClass.edgeBrowser(BaseClass.java:39)
	at org.base.BaseClass.edgeBrowser(BaseClass.java:39)
	at org.base.BaseClass.edgeBrowser(BaseClass.java:39)
	at org.base.BaseClass.edgeBrowser(BaseClass.java:39)
	at org.base.BaseClass.edgeBrowser(BaseClass.java:39)
	at org.base.BaseClass.edgeBrowser(BaseClass.java:39)
	at org.base.BaseClass.edgeBrowser(BaseClass.java:39)
	at org.base.BaseClass.edgeBrowser(BaseClass.java:39)
	at org.base.BaseClass.edgeBrowser(BaseClass.java:39)
	at org.base.BaseClass.edgeBrowser(BaseClass.java:39)
	at org.base.BaseClass.edgeBrowser(BaseClass.java:39)
	at org.base.BaseClass.edgeBrowser(BaseClass.java:39)
	at org.base.BaseClass.edgeBrowser(BaseClass.java:39)
	at org.base.BaseClass.edgeBrowser(BaseClass.java:39)
	at org.base.BaseClass.edgeBrowser(BaseClass.java:39)
	at org.base.BaseClass.edgeBrowser(BaseClass.java:39)
	at org.base.BaseClass.edgeBrowser(BaseClass.java:39)
	at org.base.BaseClass.edgeBrowser(BaseClass.java:39)
	at org.base.BaseClass.edgeBrowser(BaseClass.java:39)
	at org.base.BaseClass.edgeBrowser(BaseClass.java:39)
	at org.base.BaseClass.edgeBrowser(BaseClass.java:39)
	at org.base.BaseClass.edgeBrowser(BaseClass.java:39)
	at org.base.BaseClass.edgeBrowser(BaseClass.java:39)
	at org.base.BaseClass.edgeBrowser(BaseClass.java:39)
	at org.base.BaseClass.edgeBrowser(BaseClass.java:39)
	at org.base.BaseClass.edgeBrowser(BaseClass.java:39)
	at org.base.BaseClass.edgeBrowser(BaseClass.java:39)
	at org.base.BaseClass.edgeBrowser(BaseClass.java:39)
	at org.base.BaseClass.edgeBrowser(BaseClass.java:39)
	at org.base.BaseClass.edgeBrowser(BaseClass.java:39)
	at org.base.BaseClass.edgeBrowser(BaseClass.java:39)
	at org.base.BaseClass.edgeBrowser(BaseClass.java:39)
	at org.base.BaseClass.edgeBrowser(BaseClass.java:39)
	at org.base.BaseClass.edgeBrowser(BaseClass.java:39)
	at org.base.BaseClass.edgeBrowser(BaseClass.java:39)
	at org.base.BaseClass.edgeBrowser(BaseClass.java:39)
	at org.base.BaseClass.edgeBrowser(BaseClass.java:39)
	at org.base.BaseClass.edgeBrowser(BaseClass.java:39)
	at org.base.BaseClass.edgeBrowser(BaseClass.java:39)
	at org.base.BaseClass.edgeBrowser(BaseClass.java:39)
	at org.base.BaseClass.edgeBrowser(BaseClass.java:39)
	at org.base.BaseClass.edgeBrowser(BaseClass.java:39)
	at org.base.BaseClass.edgeBrowser(BaseClass.java:39)
	at org.base.BaseClass.edgeBrowser(BaseClass.java:39)
	at org.base.BaseClass.edgeBrowser(BaseClass.java:39)
	at org.base.BaseClass.edgeBrowser(BaseClass.java:39)
	at org.base.BaseClass.edgeBrowser(BaseClass.java:39)
	at org.base.BaseClass.edgeBrowser(BaseClass.java:39)
	at org.base.BaseClass.edgeBrowser(BaseClass.java:39)
	at org.base.BaseClass.edgeBrowser(BaseClass.java:39)
	at org.base.BaseClass.edgeBrowser(BaseClass.java:39)
	at org.base.BaseClass.edgeBrowser(BaseClass.java:39)
	at org.base.BaseClass.edgeBrowser(BaseClass.java:39)
	at org.base.BaseClass.edgeBrowser(BaseClass.java:39)
	at org.base.BaseClass.edgeBrowser(BaseClass.java:39)
	at org.base.BaseClass.edgeBrowser(BaseClass.java:39)
	at org.base.BaseClass.edgeBrowser(BaseClass.java:39)
	at org.base.BaseClass.edgeBrowser(BaseClass.java:39)
	at org.base.BaseClass.edgeBrowser(BaseClass.java:39)
	at org.base.BaseClass.edgeBrowser(BaseClass.java:39)
	at org.base.BaseClass.edgeBrowser(BaseClass.java:39)
	at org.base.BaseClass.edgeBrowser(BaseClass.java:39)
	at org.base.BaseClass.edgeBrowser(BaseClass.java:39)
	at org.base.BaseClass.edgeBrowser(BaseClass.java:39)
	at org.base.BaseClass.edgeBrowser(BaseClass.java:39)
	at org.base.BaseClass.edgeBrowser(BaseClass.java:39)
	at org.base.BaseClass.edgeBrowser(BaseClass.java:39)
	at org.base.BaseClass.edgeBrowser(BaseClass.java:39)
	at org.base.BaseClass.edgeBrowser(BaseClass.java:39)
	at org.base.BaseClass.edgeBrowser(BaseClass.java:39)
	at org.base.BaseClass.edgeBrowser(BaseClass.java:39)
	at org.base.BaseClass.edgeBrowser(BaseClass.java:39)
	at org.base.BaseClass.edgeBrowser(BaseClass.java:39)
	at org.base.BaseClass.edgeBrowser(BaseClass.java:39)
	at org.base.BaseClass.edgeBrowser(BaseClass.java:39)
	at org.base.BaseClass.edgeBrowser(BaseClass.java:39)
	at org.base.BaseClass.edgeBrowser(BaseClass.java:39)
	at org.base.BaseClass.edgeBrowser(BaseClass.java:39)
	at org.base.BaseClass.edgeBrowser(BaseClass.java:39)
	at org.base.BaseClass.edgeBrowser(BaseClass.java:39)
	at org.base.BaseClass.edgeBrowser(BaseClass.java:39)
	at org.base.BaseClass.edgeBrowser(BaseClass.java:39)
	at org.base.BaseClass.edgeBrowser(BaseClass.java:39)
	at org.base.BaseClass.edgeBrowser(BaseClass.java:39)
	at org.base.BaseClass.edgeBrowser(BaseClass.java:39)
	at org.base.BaseClass.edgeBrowser(BaseClass.java:39)
	at org.base.BaseClass.edgeBrowser(BaseClass.java:39)
	at org.base.BaseClass.edgeBrowser(BaseClass.java:39)
	at org.base.BaseClass.edgeBrowser(BaseClass.java:39)
	at org.base.BaseClass.edgeBrowser(BaseClass.java:39)
	at org.base.BaseClass.edgeBrowser(BaseClass.java:39)
	at org.base.BaseClass.edgeBrowser(BaseClass.java:39)
	at org.base.BaseClass.edgeBrowser(BaseClass.java:39)
	at org.base.BaseClass.edgeBrowser(BaseClass.java:39)
	at org.base.BaseClass.edgeBrowser(BaseClass.java:39)
	at org.base.BaseClass.edgeBrowser(BaseClass.java:39)
	at org.base.BaseClass.edgeBrowser(BaseClass.java:39)
	at org.base.BaseClass.edgeBrowser(BaseClass.java:39)
	at org.base.BaseClass.edgeBrowser(BaseClass.java:39)
	at org.base.BaseClass.edgeBrowser(BaseClass.java:39)
	at org.base.BaseClass.edgeBrowser(BaseClass.java:39)
	at org.base.BaseClass.edgeBrowser(BaseClass.java:39)
	at org.base.BaseClass.edgeBrowser(BaseClass.java:39)
	at org.base.BaseClass.edgeBrowser(BaseClass.java:39)
	at org.base.BaseClass.edgeBrowser(BaseClass.java:39)
	at org.base.BaseClass.edgeBrowser(BaseClass.java:39)
	at org.base.BaseClass.edgeBrowser(BaseClass.java:39)
	at org.base.BaseClass.edgeBrowser(BaseClass.java:39)
	at org.base.BaseClass.edgeBrowser(BaseClass.java:39)
	at org.base.BaseClass.edgeBrowser(BaseClass.java:39)
	at org.base.BaseClass.edgeBrowser(BaseClass.java:39)
	at org.base.BaseClass.edgeBrowser(BaseClass.java:39)
	at org.base.BaseClass.edgeBrowser(BaseClass.java:39)
	at org.base.BaseClass.edgeBrowser(BaseClass.java:39)
	at org.base.BaseClass.edgeBrowser(BaseClass.java:39)
	at org.base.BaseClass.edgeBrowser(BaseClass.java:39)
	at org.base.BaseClass.edgeBrowser(BaseClass.java:39)
	at org.base.BaseClass.edgeBrowser(BaseClass.java:39)
	at org.base.BaseClass.edgeBrowser(BaseClass.java:39)
	at org.base.BaseClass.edgeBrowser(BaseClass.java:39)
	at org.base.BaseClass.edgeBrowser(BaseClass.java:39)
	at org.base.BaseClass.edgeBrowser(BaseClass.java:39)
	at org.base.BaseClass.edgeBrowser(BaseClass.java:39)
	at org.base.BaseClass.edgeBrowser(BaseClass.java:39)
	at org.base.BaseClass.edgeBrowser(BaseClass.java:39)
	at org.base.BaseClass.edgeBrowser(BaseClass.java:39)
	at org.base.BaseClass.edgeBrowser(BaseClass.java:39)
	at org.base.BaseClass.edgeBrowser(BaseClass.java:39)
	at org.base.BaseClass.edgeBrowser(BaseClass.java:39)
	at org.base.BaseClass.edgeBrowser(BaseClass.java:39)
	at org.base.BaseClass.edgeBrowser(BaseClass.java:39)
	at org.base.BaseClass.edgeBrowser(BaseClass.java:39)
	at org.base.BaseClass.edgeBrowser(BaseClass.java:39)
	at org.base.BaseClass.edgeBrowser(BaseClass.java:39)
	at org.base.BaseClass.edgeBrowser(BaseClass.java:39)
	at org.base.BaseClass.edgeBrowser(BaseClass.java:39)
	at org.base.BaseClass.edgeBrowser(BaseClass.java:39)
	at org.base.BaseClass.edgeBrowser(BaseClass.java:39)
	at org.base.BaseClass.edgeBrowser(BaseClass.java:39)
	at org.base.BaseClass.edgeBrowser(BaseClass.java:39)
	at org.base.BaseClass.edgeBrowser(BaseClass.java:39)
	at org.base.BaseClass.edgeBrowser(BaseClass.java:39)
	at org.base.BaseClass.edgeBrowser(BaseClass.java:39)
	at org.base.BaseClass.edgeBrowser(BaseClass.java:39)
	at org.base.BaseClass.edgeBrowser(BaseClass.java:39)
	at org.base.BaseClass.edgeBrowser(BaseClass.java:39)
	at org.base.BaseClass.edgeBrowser(BaseClass.java:39)
	at org.base.BaseClass.edgeBrowser(BaseClass.java:39)
	at org.base.BaseClass.edgeBrowser(BaseClass.java:39)
	at org.base.BaseClass.edgeBrowser(BaseClass.java:39)
	at org.base.BaseClass.edgeBrowser(BaseClass.java:39)
	at org.base.BaseClass.edgeBrowser(BaseClass.java:39)
	at org.base.BaseClass.edgeBrowser(BaseClass.java:39)
	at org.base.BaseClass.edgeBrowser(BaseClass.java:39)
	at org.base.BaseClass.edgeBrowser(BaseClass.java:39)
	at org.base.BaseClass.edgeBrowser(BaseClass.java:39)
	at org.base.BaseClass.edgeBrowser(BaseClass.java:39)
	at org.base.BaseClass.edgeBrowser(BaseClass.java:39)
	at org.base.BaseClass.edgeBrowser(BaseClass.java:39)
	at org.base.BaseClass.edgeBrowser(BaseClass.java:39)
	at org.base.BaseClass.edgeBrowser(BaseClass.java:39)
	at org.base.BaseClass.edgeBrowser(BaseClass.java:39)
	at org.base.BaseClass.edgeBrowser(BaseClass.java:39)
	at org.base.BaseClass.edgeBrowser(BaseClass.java:39)
	at org.base.BaseClass.edgeBrowser(BaseClass.java:39)
	at org.base.BaseClass.edgeBrowser(BaseClass.java:39)
	at org.base.BaseClass.edgeBrowser(BaseClass.java:39)
	at org.base.BaseClass.edgeBrowser(BaseClass.java:39)
	at org.base.BaseClass.edgeBrowser(BaseClass.java:39)
	at org.base.BaseClass.edgeBrowser(BaseClass.java:39)
	at org.base.BaseClass.edgeBrowser(BaseClass.java:39)
	at org.base.BaseClass.edgeBrowser(BaseClass.java:39)
	at org.base.BaseClass.edgeBrowser(BaseClass.java:39)
	at org.base.BaseClass.edgeBrowser(BaseClass.java:39)
	at org.base.BaseClass.edgeBrowser(BaseClass.java:39)
	at org.base.BaseClass.edgeBrowser(BaseClass.java:39)
	at org.base.BaseClass.edgeBrowser(BaseClass.java:39)
	at org.base.BaseClass.edgeBrowser(BaseClass.java:39)
	at org.base.BaseClass.edgeBrowser(BaseClass.java:39)
	at org.base.BaseClass.edgeBrowser(BaseClass.java:39)
	at org.base.BaseClass.edgeBrowser(BaseClass.java:39)
	at org.base.BaseClass.edgeBrowser(BaseClass.java:39)
	at org.base.BaseClass.edgeBrowser(BaseClass.java:39)
	at org.base.BaseClass.edgeBrowser(BaseClass.java:39)
	at org.base.BaseClass.edgeBrowser(BaseClass.java:39)
	at org.base.BaseClass.edgeBrowser(BaseClass.java:39)
	at org.base.BaseClass.edgeBrowser(BaseClass.java:39)
	at org.base.BaseClass.edgeBrowser(BaseClass.java:39)
	at org.base.BaseClass.edgeBrowser(BaseClass.java:39)
	at org.base.BaseClass.edgeBrowser(BaseClass.java:39)
	at org.base.BaseClass.edgeBrowser(BaseClass.java:39)
	at org.base.BaseClass.edgeBrowser(BaseClass.java:39)
	at org.base.BaseClass.edgeBrowser(BaseClass.java:39)
	at org.base.BaseClass.edgeBrowser(BaseClass.java:39)
	at org.base.BaseClass.edgeBrowser(BaseClass.java:39)
	at org.base.BaseClass.edgeBrowser(BaseClass.java:39)
	at org.base.BaseClass.edgeBrowser(BaseClass.java:39)
	at org.base.BaseClass.edgeBrowser(BaseClass.java:39)
	at org.base.BaseClass.edgeBrowser(BaseClass.java:39)
	at org.base.BaseClass.edgeBrowser(BaseClass.java:39)
	at org.base.BaseClass.edgeBrowser(BaseClass.java:39)
	at org.base.BaseClass.edgeBrowser(BaseClass.java:39)
	at org.base.BaseClass.edgeBrowser(BaseClass.java:39)
	at org.base.BaseClass.edgeBrowser(BaseClass.java:39)
	at org.base.BaseClass.edgeBrowser(BaseClass.java:39)
	at org.base.BaseClass.edgeBrowser(BaseClass.java:39)
	at org.base.BaseClass.edgeBrowser(BaseClass.java:39)
	at org.base.BaseClass.edgeBrowser(BaseClass.java:39)
	at org.base.BaseClass.edgeBrowser(BaseClass.java:39)
	at org.base.BaseClass.edgeBrowser(BaseClass.java:39)
	at org.base.BaseClass.edgeBrowser(BaseClass.java:39)
	at org.base.BaseClass.edgeBrowser(BaseClass.java:39)
	at org.base.BaseClass.edgeBrowser(BaseClass.java:39)
	at org.base.BaseClass.edgeBrowser(BaseClass.java:39)
	at org.base.BaseClass.edgeBrowser(BaseClass.java:39)
	at org.base.BaseClass.edgeBrowser(BaseClass.java:39)
	at org.base.BaseClass.edgeBrowser(BaseClass.java:39)
	at org.base.BaseClass.edgeBrowser(BaseClass.java:39)
	at org.base.BaseClass.edgeBrowser(BaseClass.java:39)
	at org.base.BaseClass.edgeBrowser(BaseClass.java:39)
	at org.base.BaseClass.edgeBrowser(BaseClass.java:39)
	at org.base.BaseClass.edgeBrowser(BaseClass.java:39)
	at org.base.BaseClass.edgeBrowser(BaseClass.java:39)
	at org.base.BaseClass.edgeBrowser(BaseClass.java:39)
	at org.base.BaseClass.edgeBrowser(BaseClass.java:39)
	at org.base.BaseClass.edgeBrowser(BaseClass.java:39)
	at org.base.BaseClass.edgeBrowser(BaseClass.java:39)
	at org.base.BaseClass.edgeBrowser(BaseClass.java:39)
	at org.base.BaseClass.edgeBrowser(BaseClass.java:39)
	at org.base.BaseClass.edgeBrowser(BaseClass.java:39)
	at org.base.BaseClass.edgeBrowser(BaseClass.java:39)
	at org.base.BaseClass.edgeBrowser(BaseClass.java:39)
	at org.base.BaseClass.edgeBrowser(BaseClass.java:39)
	at org.base.BaseClass.edgeBrowser(BaseClass.java:39)
	at org.base.BaseClass.edgeBrowser(BaseClass.java:39)
	at org.base.BaseClass.edgeBrowser(BaseClass.java:39)
	at org.base.BaseClass.edgeBrowser(BaseClass.java:39)
	at org.base.BaseClass.edgeBrowser(BaseClass.java:39)
	at org.base.BaseClass.edgeBrowser(BaseClass.java:39)
	at org.base.BaseClass.edgeBrowser(BaseClass.java:39)
	at org.base.BaseClass.edgeBrowser(BaseClass.java:39)
	at org.base.BaseClass.edgeBrowser(BaseClass.java:39)
	at org.base.BaseClass.edgeBrowser(BaseClass.java:39)
	at org.base.BaseClass.edgeBrowser(BaseClass.java:39)
	at org.base.BaseClass.edgeBrowser(BaseClass.java:39)
	at org.base.BaseClass.edgeBrowser(BaseClass.java:39)
	at org.base.BaseClass.edgeBrowser(BaseClass.java:39)
	at org.base.BaseClass.edgeBrowser(BaseClass.java:39)
	at org.base.BaseClass.edgeBrowser(BaseClass.java:39)
	at org.base.BaseClass.edgeBrowser(BaseClass.java:39)
	at org.base.BaseClass.edgeBrowser(BaseClass.java:39)
	at org.base.BaseClass.edgeBrowser(BaseClass.java:39)
	at org.base.BaseClass.edgeBrowser(BaseClass.java:39)
	at org.base.BaseClass.edgeBrowser(BaseClass.java:39)
	at org.base.BaseClass.edgeBrowser(BaseClass.java:39)
	at org.base.BaseClass.edgeBrowser(BaseClass.java:39)
	at org.base.BaseClass.edgeBrowser(BaseClass.java:39)
	at org.base.BaseClass.edgeBrowser(BaseClass.java:39)
	at org.base.BaseClass.edgeBrowser(BaseClass.java:39)
	at org.base.BaseClass.edgeBrowser(BaseClass.java:39)
	at org.base.BaseClass.edgeBrowser(BaseClass.java:39)
	at org.base.BaseClass.edgeBrowser(BaseClass.java:39)
	at org.base.BaseClass.edgeBrowser(BaseClass.java:39)
	at org.base.BaseClass.edgeBrowser(BaseClass.java:39)
	at org.base.BaseClass.edgeBrowser(BaseClass.java:39)
	at org.base.BaseClass.edgeBrowser(BaseClass.java:39)
	at org.base.BaseClass.edgeBrowser(BaseClass.java:39)
	at org.base.BaseClass.edgeBrowser(BaseClass.java:39)
	at org.base.BaseClass.edgeBrowser(BaseClass.java:39)
	at org.base.BaseClass.edgeBrowser(BaseClass.java:39)
	at org.base.BaseClass.edgeBrowser(BaseClass.java:39)
	at org.base.BaseClass.edgeBrowser(BaseClass.java:39)
	at org.base.BaseClass.edgeBrowser(BaseClass.java:39)
	at org.base.BaseClass.edgeBrowser(BaseClass.java:39)
	at org.base.BaseClass.edgeBrowser(BaseClass.java:39)
	at org.base.BaseClass.edgeBrowser(BaseClass.java:39)
	at org.base.BaseClass.edgeBrowser(BaseClass.java:39)
	at org.base.BaseClass.edgeBrowser(BaseClass.java:39)
	at org.base.BaseClass.edgeBrowser(BaseClass.java:39)
	at org.base.BaseClass.edgeBrowser(BaseClass.java:39)
	at org.base.BaseClass.edgeBrowser(BaseClass.java:39)
	at org.base.BaseClass.edgeBrowser(BaseClass.java:39)
	at org.base.BaseClass.edgeBrowser(BaseClass.java:39)
	at org.base.BaseClass.edgeBrowser(BaseClass.java:39)
	at org.base.BaseClass.edgeBrowser(BaseClass.java:39)
	at org.base.BaseClass.edgeBrowser(BaseClass.java:39)
	at org.base.BaseClass.edgeBrowser(BaseClass.java:39)
	at org.base.BaseClass.edgeBrowser(BaseClass.java:39)
	at org.base.BaseClass.edgeBrowser(BaseClass.java:39)
	at org.base.BaseClass.edgeBrowser(BaseClass.java:39)
	at org.base.BaseClass.edgeBrowser(BaseClass.java:39)
	at org.base.BaseClass.edgeBrowser(BaseClass.java:39)
	at org.base.BaseClass.edgeBrowser(BaseClass.java:39)
	at org.base.BaseClass.edgeBrowser(BaseClass.java:39)
	at org.base.BaseClass.edgeBrowser(BaseClass.java:39)
	at org.base.BaseClass.edgeBrowser(BaseClass.java:39)
	at org.base.BaseClass.edgeBrowser(BaseClass.java:39)
	at org.base.BaseClass.edgeBrowser(BaseClass.java:39)
	at org.base.BaseClass.edgeBrowser(BaseClass.java:39)
	at org.base.BaseClass.edgeBrowser(BaseClass.java:39)
	at org.base.BaseClass.edgeBrowser(BaseClass.java:39)
	at org.base.BaseClass.edgeBrowser(BaseClass.java:39)
	at org.base.BaseClass.edgeBrowser(BaseClass.java:39)
	at org.base.BaseClass.edgeBrowser(BaseClass.java:39)
	at org.base.BaseClass.edgeBrowser(BaseClass.java:39)
	at org.base.BaseClass.edgeBrowser(BaseClass.java:39)
	at org.base.BaseClass.edgeBrowser(BaseClass.java:39)
	at org.base.BaseClass.edgeBrowser(BaseClass.java:39)
	at org.base.BaseClass.edgeBrowser(BaseClass.java:39)
	at org.base.BaseClass.edgeBrowser(BaseClass.java:39)
	at org.base.BaseClass.edgeBrowser(BaseClass.java:39)
	at org.base.BaseClass.edgeBrowser(BaseClass.java:39)
	at org.base.BaseClass.edgeBrowser(BaseClass.java:39)
	at org.base.BaseClass.edgeBrowser(BaseClass.java:39)
	at org.base.BaseClass.edgeBrowser(BaseClass.java:39)
	at org.base.BaseClass.edgeBrowser(BaseClass.java:39)
	at org.base.BaseClass.edgeBrowser(BaseClass.java:39)
	at org.base.BaseClass.edgeBrowser(BaseClass.java:39)
	at org.base.BaseClass.edgeBrowser(BaseClass.java:39)
	at org.base.BaseClass.edgeBrowser(BaseClass.java:39)
	at org.base.BaseClass.edgeBrowser(BaseClass.java:39)
	at org.base.BaseClass.edgeBrowser(BaseClass.java:39)
	at org.base.BaseClass.edgeBrowser(BaseClass.java:39)
	at org.base.BaseClass.edgeBrowser(BaseClass.java:39)
	at org.base.BaseClass.edgeBrowser(BaseClass.java:39)
	at org.base.BaseClass.edgeBrowser(BaseClass.java:39)
	at org.base.BaseClass.edgeBrowser(BaseClass.java:39)
	at org.base.BaseClass.edgeBrowser(BaseClass.java:39)
	at org.base.BaseClass.edgeBrowser(BaseClass.java:39)
	at org.base.BaseClass.edgeBrowser(BaseClass.java:39)
	at org.base.BaseClass.edgeBrowser(BaseClass.java:39)
	at org.base.BaseClass.edgeBrowser(BaseClass.java:39)
	at org.base.BaseClass.edgeBrowser(BaseClass.java:39)
	at org.base.BaseClass.edgeBrowser(BaseClass.java:39)
]]>
    </error>
  </testcase> <!-- test1 -->
  <testcase name="test1" time="0.000" classname="org.sample.Sample1">
    <error type="java.lang.StackOverflowError">
      <![CDATA[java.lang.StackOverflowError
	at org.base.BaseClass.edgeBrowser(BaseClass.java:39)
	at org.base.BaseClass.edgeBrowser(BaseClass.java:39)
	at org.base.BaseClass.edgeBrowser(BaseClass.java:39)
	at org.base.BaseClass.edgeBrowser(BaseClass.java:39)
	at org.base.BaseClass.edgeBrowser(BaseClass.java:39)
	at org.base.BaseClass.edgeBrowser(BaseClass.java:39)
	at org.base.BaseClass.edgeBrowser(BaseClass.java:39)
	at org.base.BaseClass.edgeBrowser(BaseClass.java:39)
	at org.base.BaseClass.edgeBrowser(BaseClass.java:39)
	at org.base.BaseClass.edgeBrowser(BaseClass.java:39)
	at org.base.BaseClass.edgeBrowser(BaseClass.java:39)
	at org.base.BaseClass.edgeBrowser(BaseClass.java:39)
	at org.base.BaseClass.edgeBrowser(BaseClass.java:39)
	at org.base.BaseClass.edgeBrowser(BaseClass.java:39)
	at org.base.BaseClass.edgeBrowser(BaseClass.java:39)
	at org.base.BaseClass.edgeBrowser(BaseClass.java:39)
	at org.base.BaseClass.edgeBrowser(BaseClass.java:39)
	at org.base.BaseClass.edgeBrowser(BaseClass.java:39)
	at org.base.BaseClass.edgeBrowser(BaseClass.java:39)
	at org.base.BaseClass.edgeBrowser(BaseClass.java:39)
	at org.base.BaseClass.edgeBrowser(BaseClass.java:39)
	at org.base.BaseClass.edgeBrowser(BaseClass.java:39)
	at org.base.BaseClass.edgeBrowser(BaseClass.java:39)
	at org.base.BaseClass.edgeBrowser(BaseClass.java:39)
	at org.base.BaseClass.edgeBrowser(BaseClass.java:39)
	at org.base.BaseClass.edgeBrowser(BaseClass.java:39)
	at org.base.BaseClass.edgeBrowser(BaseClass.java:39)
	at org.base.BaseClass.edgeBrowser(BaseClass.java:39)
	at org.base.BaseClass.edgeBrowser(BaseClass.java:39)
	at org.base.BaseClass.edgeBrowser(BaseClass.java:39)
	at org.base.BaseClass.edgeBrowser(BaseClass.java:39)
	at org.base.BaseClass.edgeBrowser(BaseClass.java:39)
	at org.base.BaseClass.edgeBrowser(BaseClass.java:39)
	at org.base.BaseClass.edgeBrowser(BaseClass.java:39)
	at org.base.BaseClass.edgeBrowser(BaseClass.java:39)
	at org.base.BaseClass.edgeBrowser(BaseClass.java:39)
	at org.base.BaseClass.edgeBrowser(BaseClass.java:39)
	at org.base.BaseClass.edgeBrowser(BaseClass.java:39)
	at org.base.BaseClass.edgeBrowser(BaseClass.java:39)
	at org.base.BaseClass.edgeBrowser(BaseClass.java:39)
	at org.base.BaseClass.edgeBrowser(BaseClass.java:39)
	at org.base.BaseClass.edgeBrowser(BaseClass.java:39)
	at org.base.BaseClass.edgeBrowser(BaseClass.java:39)
	at org.base.BaseClass.edgeBrowser(BaseClass.java:39)
	at org.base.BaseClass.edgeBrowser(BaseClass.java:39)
	at org.base.BaseClass.edgeBrowser(BaseClass.java:39)
	at org.base.BaseClass.edgeBrowser(BaseClass.java:39)
	at org.base.BaseClass.edgeBrowser(BaseClass.java:39)
	at org.base.BaseClass.edgeBrowser(BaseClass.java:39)
	at org.base.BaseClass.edgeBrowser(BaseClass.java:39)
	at org.base.BaseClass.edgeBrowser(BaseClass.java:39)
	at org.base.BaseClass.edgeBrowser(BaseClass.java:39)
	at org.base.BaseClass.edgeBrowser(BaseClass.java:39)
	at org.base.BaseClass.edgeBrowser(BaseClass.java:39)
	at org.base.BaseClass.edgeBrowser(BaseClass.java:39)
	at org.base.BaseClass.edgeBrowser(BaseClass.java:39)
	at org.base.BaseClass.edgeBrowser(BaseClass.java:39)
	at org.base.BaseClass.edgeBrowser(BaseClass.java:39)
	at org.base.BaseClass.edgeBrowser(BaseClass.java:39)
	at org.base.BaseClass.edgeBrowser(BaseClass.java:39)
	at org.base.BaseClass.edgeBrowser(BaseClass.java:39)
	at org.base.BaseClass.edgeBrowser(BaseClass.java:39)
	at org.base.BaseClass.edgeBrowser(BaseClass.java:39)
	at org.base.BaseClass.edgeBrowser(BaseClass.java:39)
	at org.base.BaseClass.edgeBrowser(BaseClass.java:39)
	at org.base.BaseClass.edgeBrowser(BaseClass.java:39)
	at org.base.BaseClass.edgeBrowser(BaseClass.java:39)
	at org.base.BaseClass.edgeBrowser(BaseClass.java:39)
	at org.base.BaseClass.edgeBrowser(BaseClass.java:39)
	at org.base.BaseClass.edgeBrowser(BaseClass.java:39)
	at org.base.BaseClass.edgeBrowser(BaseClass.java:39)
	at org.base.BaseClass.edgeBrowser(BaseClass.java:39)
	at org.base.BaseClass.edgeBrowser(BaseClass.java:39)
	at org.base.BaseClass.edgeBrowser(BaseClass.java:39)
	at org.base.BaseClass.edgeBrowser(BaseClass.java:39)
	at org.base.BaseClass.edgeBrowser(BaseClass.java:39)
	at org.base.BaseClass.edgeBrowser(BaseClass.java:39)
	at org.base.BaseClass.edgeBrowser(BaseClass.java:39)
	at org.base.BaseClass.edgeBrowser(BaseClass.java:39)
	at org.base.BaseClass.edgeBrowser(BaseClass.java:39)
	at org.base.BaseClass.edgeBrowser(BaseClass.java:39)
	at org.base.BaseClass.edgeBrowser(BaseClass.java:39)
	at org.base.BaseClass.edgeBrowser(BaseClass.java:39)
	at org.base.BaseClass.edgeBrowser(BaseClass.java:39)
	at org.base.BaseClass.edgeBrowser(BaseClass.java:39)
	at org.base.BaseClass.edgeBrowser(BaseClass.java:39)
	at org.base.BaseClass.edgeBrowser(BaseClass.java:39)
	at org.base.BaseClass.edgeBrowser(BaseClass.java:39)
	at org.base.BaseClass.edgeBrowser(BaseClass.java:39)
	at org.base.BaseClass.edgeBrowser(BaseClass.java:39)
	at org.base.BaseClass.edgeBrowser(BaseClass.java:39)
	at org.base.BaseClass.edgeBrowser(BaseClass.java:39)
	at org.base.BaseClass.edgeBrowser(BaseClass.java:39)
	at org.base.BaseClass.edgeBrowser(BaseClass.java:39)
	at org.base.BaseClass.edgeBrowser(BaseClass.java:39)
	at org.base.BaseClass.edgeBrowser(BaseClass.java:39)
	at org.base.BaseClass.edgeBrowser(BaseClass.java:39)
	at org.base.BaseClass.edgeBrowser(BaseClass.java:39)
	at org.base.BaseClass.edgeBrowser(BaseClass.java:39)
	at org.base.BaseClass.edgeBrowser(BaseClass.java:39)
	at org.base.BaseClass.edgeBrowser(BaseClass.java:39)
	at org.base.BaseClass.edgeBrowser(BaseClass.java:39)
	at org.base.BaseClass.edgeBrowser(BaseClass.java:39)
	at org.base.BaseClass.edgeBrowser(BaseClass.java:39)
	at org.base.BaseClass.edgeBrowser(BaseClass.java:39)
	at org.base.BaseClass.edgeBrowser(BaseClass.java:39)
	at org.base.BaseClass.edgeBrowser(BaseClass.java:39)
	at org.base.BaseClass.edgeBrowser(BaseClass.java:39)
	at org.base.BaseClass.edgeBrowser(BaseClass.java:39)
	at org.base.BaseClass.edgeBrowser(BaseClass.java:39)
	at org.base.BaseClass.edgeBrowser(BaseClass.java:39)
	at org.base.BaseClass.edgeBrowser(BaseClass.java:39)
	at org.base.BaseClass.edgeBrowser(BaseClass.java:39)
	at org.base.BaseClass.edgeBrowser(BaseClass.java:39)
	at org.base.BaseClass.edgeBrowser(BaseClass.java:39)
	at org.base.BaseClass.edgeBrowser(BaseClass.java:39)
	at org.base.BaseClass.edgeBrowser(BaseClass.java:39)
	at org.base.BaseClass.edgeBrowser(BaseClass.java:39)
	at org.base.BaseClass.edgeBrowser(BaseClass.java:39)
	at org.base.BaseClass.edgeBrowser(BaseClass.java:39)
	at org.base.BaseClass.edgeBrowser(BaseClass.java:39)
	at org.base.BaseClass.edgeBrowser(BaseClass.java:39)
	at org.base.BaseClass.edgeBrowser(BaseClass.java:39)
	at org.base.BaseClass.edgeBrowser(BaseClass.java:39)
	at org.base.BaseClass.edgeBrowser(BaseClass.java:39)
	at org.base.BaseClass.edgeBrowser(BaseClass.java:39)
	at org.base.BaseClass.edgeBrowser(BaseClass.java:39)
	at org.base.BaseClass.edgeBrowser(BaseClass.java:39)
	at org.base.BaseClass.edgeBrowser(BaseClass.java:39)
	at org.base.BaseClass.edgeBrowser(BaseClass.java:39)
	at org.base.BaseClass.edgeBrowser(BaseClass.java:39)
	at org.base.BaseClass.edgeBrowser(BaseClass.java:39)
	at org.base.BaseClass.edgeBrowser(BaseClass.java:39)
	at org.base.BaseClass.edgeBrowser(BaseClass.java:39)
	at org.base.BaseClass.edgeBrowser(BaseClass.java:39)
	at org.base.BaseClass.edgeBrowser(BaseClass.java:39)
	at org.base.BaseClass.edgeBrowser(BaseClass.java:39)
	at org.base.BaseClass.edgeBrowser(BaseClass.java:39)
	at org.base.BaseClass.edgeBrowser(BaseClass.java:39)
	at org.base.BaseClass.edgeBrowser(BaseClass.java:39)
	at org.base.BaseClass.edgeBrowser(BaseClass.java:39)
	at org.base.BaseClass.edgeBrowser(BaseClass.java:39)
	at org.base.BaseClass.edgeBrowser(BaseClass.java:39)
	at org.base.BaseClass.edgeBrowser(BaseClass.java:39)
	at org.base.BaseClass.edgeBrowser(BaseClass.java:39)
	at org.base.BaseClass.edgeBrowser(BaseClass.java:39)
	at org.base.BaseClass.edgeBrowser(BaseClass.java:39)
	at org.base.BaseClass.edgeBrowser(BaseClass.java:39)
	at org.base.BaseClass.edgeBrowser(BaseClass.java:39)
	at org.base.BaseClass.edgeBrowser(BaseClass.java:39)
	at org.base.BaseClass.edgeBrowser(BaseClass.java:39)
	at org.base.BaseClass.edgeBrowser(BaseClass.java:39)
	at org.base.BaseClass.edgeBrowser(BaseClass.java:39)
	at org.base.BaseClass.edgeBrowser(BaseClass.java:39)
	at org.base.BaseClass.edgeBrowser(BaseClass.java:39)
	at org.base.BaseClass.edgeBrowser(BaseClass.java:39)
	at org.base.BaseClass.edgeBrowser(BaseClass.java:39)
	at org.base.BaseClass.edgeBrowser(BaseClass.java:39)
	at org.base.BaseClass.edgeBrowser(BaseClass.java:39)
	at org.base.BaseClass.edgeBrowser(BaseClass.java:39)
	at org.base.BaseClass.edgeBrowser(BaseClass.java:39)
	at org.base.BaseClass.edgeBrowser(BaseClass.java:39)
	at org.base.BaseClass.edgeBrowser(BaseClass.java:39)
	at org.base.BaseClass.edgeBrowser(BaseClass.java:39)
	at org.base.BaseClass.edgeBrowser(BaseClass.java:39)
	at org.base.BaseClass.edgeBrowser(BaseClass.java:39)
	at org.base.BaseClass.edgeBrowser(BaseClass.java:39)
	at org.base.BaseClass.edgeBrowser(BaseClass.java:39)
	at org.base.BaseClass.edgeBrowser(BaseClass.java:39)
	at org.base.BaseClass.edgeBrowser(BaseClass.java:39)
	at org.base.BaseClass.edgeBrowser(BaseClass.java:39)
	at org.base.BaseClass.edgeBrowser(BaseClass.java:39)
	at org.base.BaseClass.edgeBrowser(BaseClass.java:39)
	at org.base.BaseClass.edgeBrowser(BaseClass.java:39)
	at org.base.BaseClass.edgeBrowser(BaseClass.java:39)
	at org.base.BaseClass.edgeBrowser(BaseClass.java:39)
	at org.base.BaseClass.edgeBrowser(BaseClass.java:39)
	at org.base.BaseClass.edgeBrowser(BaseClass.java:39)
	at org.base.BaseClass.edgeBrowser(BaseClass.java:39)
	at org.base.BaseClass.edgeBrowser(BaseClass.java:39)
	at org.base.BaseClass.edgeBrowser(BaseClass.java:39)
	at org.base.BaseClass.edgeBrowser(BaseClass.java:39)
	at org.base.BaseClass.edgeBrowser(BaseClass.java:39)
	at org.base.BaseClass.edgeBrowser(BaseClass.java:39)
	at org.base.BaseClass.edgeBrowser(BaseClass.java:39)
	at org.base.BaseClass.edgeBrowser(BaseClass.java:39)
	at org.base.BaseClass.edgeBrowser(BaseClass.java:39)
	at org.base.BaseClass.edgeBrowser(BaseClass.java:39)
	at org.base.BaseClass.edgeBrowser(BaseClass.java:39)
	at org.base.BaseClass.edgeBrowser(BaseClass.java:39)
	at org.base.BaseClass.edgeBrowser(BaseClass.java:39)
	at org.base.BaseClass.edgeBrowser(BaseClass.java:39)
	at org.base.BaseClass.edgeBrowser(BaseClass.java:39)
	at org.base.BaseClass.edgeBrowser(BaseClass.java:39)
	at org.base.BaseClass.edgeBrowser(BaseClass.java:39)
	at org.base.BaseClass.edgeBrowser(BaseClass.java:39)
	at org.base.BaseClass.edgeBrowser(BaseClass.java:39)
	at org.base.BaseClass.edgeBrowser(BaseClass.java:39)
	at org.base.BaseClass.edgeBrowser(BaseClass.java:39)
	at org.base.BaseClass.edgeBrowser(BaseClass.java:39)
	at org.base.BaseClass.edgeBrowser(BaseClass.java:39)
	at org.base.BaseClass.edgeBrowser(BaseClass.java:39)
	at org.base.BaseClass.edgeBrowser(BaseClass.java:39)
	at org.base.BaseClass.edgeBrowser(BaseClass.java:39)
	at org.base.BaseClass.edgeBrowser(BaseClass.java:39)
	at org.base.BaseClass.edgeBrowser(BaseClass.java:39)
	at org.base.BaseClass.edgeBrowser(BaseClass.java:39)
	at org.base.BaseClass.edgeBrowser(BaseClass.java:39)
	at org.base.BaseClass.edgeBrowser(BaseClass.java:39)
	at org.base.BaseClass.edgeBrowser(BaseClass.java:39)
	at org.base.BaseClass.edgeBrowser(BaseClass.java:39)
	at org.base.BaseClass.edgeBrowser(BaseClass.java:39)
	at org.base.BaseClass.edgeBrowser(BaseClass.java:39)
	at org.base.BaseClass.edgeBrowser(BaseClass.java:39)
	at org.base.BaseClass.edgeBrowser(BaseClass.java:39)
	at org.base.BaseClass.edgeBrowser(BaseClass.java:39)
	at org.base.BaseClass.edgeBrowser(BaseClass.java:39)
	at org.base.BaseClass.edgeBrowser(BaseClass.java:39)
	at org.base.BaseClass.edgeBrowser(BaseClass.java:39)
	at org.base.BaseClass.edgeBrowser(BaseClass.java:39)
	at org.base.BaseClass.edgeBrowser(BaseClass.java:39)
	at org.base.BaseClass.edgeBrowser(BaseClass.java:39)
	at org.base.BaseClass.edgeBrowser(BaseClass.java:39)
	at org.base.BaseClass.edgeBrowser(BaseClass.java:39)
	at org.base.BaseClass.edgeBrowser(BaseClass.java:39)
	at org.base.BaseClass.edgeBrowser(BaseClass.java:39)
	at org.base.BaseClass.edgeBrowser(BaseClass.java:39)
	at org.base.BaseClass.edgeBrowser(BaseClass.java:39)
	at org.base.BaseClass.edgeBrowser(BaseClass.java:39)
	at org.base.BaseClass.edgeBrowser(BaseClass.java:39)
	at org.base.BaseClass.edgeBrowser(BaseClass.java:39)
	at org.base.BaseClass.edgeBrowser(BaseClass.java:39)
	at org.base.BaseClass.edgeBrowser(BaseClass.java:39)
	at org.base.BaseClass.edgeBrowser(BaseClass.java:39)
	at org.base.BaseClass.edgeBrowser(BaseClass.java:39)
	at org.base.BaseClass.edgeBrowser(BaseClass.java:39)
	at org.base.BaseClass.edgeBrowser(BaseClass.java:39)
	at org.base.BaseClass.edgeBrowser(BaseClass.java:39)
	at org.base.BaseClass.edgeBrowser(BaseClass.java:39)
	at org.base.BaseClass.edgeBrowser(BaseClass.java:39)
	at org.base.BaseClass.edgeBrowser(BaseClass.java:39)
	at org.base.BaseClass.edgeBrowser(BaseClass.java:39)
	at org.base.BaseClass.edgeBrowser(BaseClass.java:39)
	at org.base.BaseClass.edgeBrowser(BaseClass.java:39)
	at org.base.BaseClass.edgeBrowser(BaseClass.java:39)
	at org.base.BaseClass.edgeBrowser(BaseClass.java:39)
	at org.base.BaseClass.edgeBrowser(BaseClass.java:39)
	at org.base.BaseClass.edgeBrowser(BaseClass.java:39)
	at org.base.BaseClass.edgeBrowser(BaseClass.java:39)
	at org.base.BaseClass.edgeBrowser(BaseClass.java:39)
	at org.base.BaseClass.edgeBrowser(BaseClass.java:39)
	at org.base.BaseClass.edgeBrowser(BaseClass.java:39)
	at org.base.BaseClass.edgeBrowser(BaseClass.java:39)
	at org.base.BaseClass.edgeBrowser(BaseClass.java:39)
	at org.base.BaseClass.edgeBrowser(BaseClass.java:39)
	at org.base.BaseClass.edgeBrowser(BaseClass.java:39)
	at org.base.BaseClass.edgeBrowser(BaseClass.java:39)
	at org.base.BaseClass.edgeBrowser(BaseClass.java:39)
	at org.base.BaseClass.edgeBrowser(BaseClass.java:39)
	at org.base.BaseClass.edgeBrowser(BaseClass.java:39)
	at org.base.BaseClass.edgeBrowser(BaseClass.java:39)
	at org.base.BaseClass.edgeBrowser(BaseClass.java:39)
	at org.base.BaseClass.edgeBrowser(BaseClass.java:39)
	at org.base.BaseClass.edgeBrowser(BaseClass.java:39)
	at org.base.BaseClass.edgeBrowser(BaseClass.java:39)
	at org.base.BaseClass.edgeBrowser(BaseClass.java:39)
	at org.base.BaseClass.edgeBrowser(BaseClass.java:39)
	at org.base.BaseClass.edgeBrowser(BaseClass.java:39)
	at org.base.BaseClass.edgeBrowser(BaseClass.java:39)
	at org.base.BaseClass.edgeBrowser(BaseClass.java:39)
	at org.base.BaseClass.edgeBrowser(BaseClass.java:39)
	at org.base.BaseClass.edgeBrowser(BaseClass.java:39)
	at org.base.BaseClass.edgeBrowser(BaseClass.java:39)
	at org.base.BaseClass.edgeBrowser(BaseClass.java:39)
	at org.base.BaseClass.edgeBrowser(BaseClass.java:39)
	at org.base.BaseClass.edgeBrowser(BaseClass.java:39)
	at org.base.BaseClass.edgeBrowser(BaseClass.java:39)
	at org.base.BaseClass.edgeBrowser(BaseClass.java:39)
	at org.base.BaseClass.edgeBrowser(BaseClass.java:39)
	at org.base.BaseClass.edgeBrowser(BaseClass.java:39)
	at org.base.BaseClass.edgeBrowser(BaseClass.java:39)
	at org.base.BaseClass.edgeBrowser(BaseClass.java:39)
	at org.base.BaseClass.edgeBrowser(BaseClass.java:39)
	at org.base.BaseClass.edgeBrowser(BaseClass.java:39)
	at org.base.BaseClass.edgeBrowser(BaseClass.java:39)
	at org.base.BaseClass.edgeBrowser(BaseClass.java:39)
	at org.base.BaseClass.edgeBrowser(BaseClass.java:39)
	at org.base.BaseClass.edgeBrowser(BaseClass.java:39)
	at org.base.BaseClass.edgeBrowser(BaseClass.java:39)
	at org.base.BaseClass.edgeBrowser(BaseClass.java:39)
	at org.base.BaseClass.edgeBrowser(BaseClass.java:39)
	at org.base.BaseClass.edgeBrowser(BaseClass.java:39)
	at org.base.BaseClass.edgeBrowser(BaseClass.java:39)
	at org.base.BaseClass.edgeBrowser(BaseClass.java:39)
	at org.base.BaseClass.edgeBrowser(BaseClass.java:39)
	at org.base.BaseClass.edgeBrowser(BaseClass.java:39)
	at org.base.BaseClass.edgeBrowser(BaseClass.java:39)
	at org.base.BaseClass.edgeBrowser(BaseClass.java:39)
	at org.base.BaseClass.edgeBrowser(BaseClass.java:39)
	at org.base.BaseClass.edgeBrowser(BaseClass.java:39)
	at org.base.BaseClass.edgeBrowser(BaseClass.java:39)
	at org.base.BaseClass.edgeBrowser(BaseClass.java:39)
	at org.base.BaseClass.edgeBrowser(BaseClass.java:39)
	at org.base.BaseClass.edgeBrowser(BaseClass.java:39)
	at org.base.BaseClass.edgeBrowser(BaseClass.java:39)
	at org.base.BaseClass.edgeBrowser(BaseClass.java:39)
	at org.base.BaseClass.edgeBrowser(BaseClass.java:39)
	at org.base.BaseClass.edgeBrowser(BaseClass.java:39)
	at org.base.BaseClass.edgeBrowser(BaseClass.java:39)
	at org.base.BaseClass.edgeBrowser(BaseClass.java:39)
	at org.base.BaseClass.edgeBrowser(BaseClass.java:39)
	at org.base.BaseClass.edgeBrowser(BaseClass.java:39)
	at org.base.BaseClass.edgeBrowser(BaseClass.java:39)
	at org.base.BaseClass.edgeBrowser(BaseClass.java:39)
	at org.base.BaseClass.edgeBrowser(BaseClass.java:39)
	at org.base.BaseClass.edgeBrowser(BaseClass.java:39)
	at org.base.BaseClass.edgeBrowser(BaseClass.java:39)
	at org.base.BaseClass.edgeBrowser(BaseClass.java:39)
	at org.base.BaseClass.edgeBrowser(BaseClass.java:39)
	at org.base.BaseClass.edgeBrowser(BaseClass.java:39)
	at org.base.BaseClass.edgeBrowser(BaseClass.java:39)
	at org.base.BaseClass.edgeBrowser(BaseClass.java:39)
	at org.base.BaseClass.edgeBrowser(BaseClass.java:39)
	at org.base.BaseClass.edgeBrowser(BaseClass.java:39)
	at org.base.BaseClass.edgeBrowser(BaseClass.java:39)
	at org.base.BaseClass.edgeBrowser(BaseClass.java:39)
	at org.base.BaseClass.edgeBrowser(BaseClass.java:39)
	at org.base.BaseClass.edgeBrowser(BaseClass.java:39)
	at org.base.BaseClass.edgeBrowser(BaseClass.java:39)
	at org.base.BaseClass.edgeBrowser(BaseClass.java:39)
	at org.base.BaseClass.edgeBrowser(BaseClass.java:39)
	at org.base.BaseClass.edgeBrowser(BaseClass.java:39)
	at org.base.BaseClass.edgeBrowser(BaseClass.java:39)
	at org.base.BaseClass.edgeBrowser(BaseClass.java:39)
	at org.base.BaseClass.edgeBrowser(BaseClass.java:39)
	at org.base.BaseClass.edgeBrowser(BaseClass.java:39)
	at org.base.BaseClass.edgeBrowser(BaseClass.java:39)
	at org.base.BaseClass.edgeBrowser(BaseClass.java:39)
	at org.base.BaseClass.edgeBrowser(BaseClass.java:39)
	at org.base.BaseClass.edgeBrowser(BaseClass.java:39)
	at org.base.BaseClass.edgeBrowser(BaseClass.java:39)
	at org.base.BaseClass.edgeBrowser(BaseClass.java:39)
	at org.base.BaseClass.edgeBrowser(BaseClass.java:39)
	at org.base.BaseClass.edgeBrowser(BaseClass.java:39)
	at org.base.BaseClass.edgeBrowser(BaseClass.java:39)
	at org.base.BaseClass.edgeBrowser(BaseClass.java:39)
	at org.base.BaseClass.edgeBrowser(BaseClass.java:39)
	at org.base.BaseClass.edgeBrowser(BaseClass.java:39)
	at org.base.BaseClass.edgeBrowser(BaseClass.java:39)
	at org.base.BaseClass.edgeBrowser(BaseClass.java:39)
	at org.base.BaseClass.edgeBrowser(BaseClass.java:39)
	at org.base.BaseClass.edgeBrowser(BaseClass.java:39)
	at org.base.BaseClass.edgeBrowser(BaseClass.java:39)
	at org.base.BaseClass.edgeBrowser(BaseClass.java:39)
	at org.base.BaseClass.edgeBrowser(BaseClass.java:39)
	at org.base.BaseClass.edgeBrowser(BaseClass.java:39)
	at org.base.BaseClass.edgeBrowser(BaseClass.java:39)
	at org.base.BaseClass.edgeBrowser(BaseClass.java:39)
	at org.base.BaseClass.edgeBrowser(BaseClass.java:39)
	at org.base.BaseClass.edgeBrowser(BaseClass.java:39)
	at org.base.BaseClass.edgeBrowser(BaseClass.java:39)
	at org.base.BaseClass.edgeBrowser(BaseClass.java:39)
	at org.base.BaseClass.edgeBrowser(BaseClass.java:39)
	at org.base.BaseClass.edgeBrowser(BaseClass.java:39)
	at org.base.BaseClass.edgeBrowser(BaseClass.java:39)
	at org.base.BaseClass.edgeBrowser(BaseClass.java:39)
	at org.base.BaseClass.edgeBrowser(BaseClass.java:39)
	at org.base.BaseClass.edgeBrowser(BaseClass.java:39)
	at org.base.BaseClass.edgeBrowser(BaseClass.java:39)
	at org.base.BaseClass.edgeBrowser(BaseClass.java:39)
	at org.base.BaseClass.edgeBrowser(BaseClass.java:39)
	at org.base.BaseClass.edgeBrowser(BaseClass.java:39)
	at org.base.BaseClass.edgeBrowser(BaseClass.java:39)
	at org.base.BaseClass.edgeBrowser(BaseClass.java:39)
	at org.base.BaseClass.edgeBrowser(BaseClass.java:39)
	at org.base.BaseClass.edgeBrowser(BaseClass.java:39)
	at org.base.BaseClass.edgeBrowser(BaseClass.java:39)
	at org.base.BaseClass.edgeBrowser(BaseClass.java:39)
	at org.base.BaseClass.edgeBrowser(BaseClass.java:39)
	at org.base.BaseClass.edgeBrowser(BaseClass.java:39)
	at org.base.BaseClass.edgeBrowser(BaseClass.java:39)
	at org.base.BaseClass.edgeBrowser(BaseClass.java:39)
	at org.base.BaseClass.edgeBrowser(BaseClass.java:39)
	at org.base.BaseClass.edgeBrowser(BaseClass.java:39)
	at org.base.BaseClass.edgeBrowser(BaseClass.java:39)
	at org.base.BaseClass.edgeBrowser(BaseClass.java:39)
	at org.base.BaseClass.edgeBrowser(BaseClass.java:39)
	at org.base.BaseClass.edgeBrowser(BaseClass.java:39)
	at org.base.BaseClass.edgeBrowser(BaseClass.java:39)
	at org.base.BaseClass.edgeBrowser(BaseClass.java:39)
	at org.base.BaseClass.edgeBrowser(BaseClass.java:39)
	at org.base.BaseClass.edgeBrowser(BaseClass.java:39)
	at org.base.BaseClass.edgeBrowser(BaseClass.java:39)
	at org.base.BaseClass.edgeBrowser(BaseClass.java:39)
	at org.base.BaseClass.edgeBrowser(BaseClass.java:39)
	at org.base.BaseClass.edgeBrowser(BaseClass.java:39)
	at org.base.BaseClass.edgeBrowser(BaseClass.java:39)
	at org.base.BaseClass.edgeBrowser(BaseClass.java:39)
	at org.base.BaseClass.edgeBrowser(BaseClass.java:39)
	at org.base.BaseClass.edgeBrowser(BaseClass.java:39)
	at org.base.BaseClass.edgeBrowser(BaseClass.java:39)
	at org.base.BaseClass.edgeBrowser(BaseClass.java:39)
	at org.base.BaseClass.edgeBrowser(BaseClass.java:39)
	at org.base.BaseClass.edgeBrowser(BaseClass.java:39)
	at org.base.BaseClass.edgeBrowser(BaseClass.java:39)
	at org.base.BaseClass.edgeBrowser(BaseClass.java:39)
	at org.base.BaseClass.edgeBrowser(BaseClass.java:39)
	at org.base.BaseClass.edgeBrowser(BaseClass.java:39)
	at org.base.BaseClass.edgeBrowser(BaseClass.java:39)
	at org.base.BaseClass.edgeBrowser(BaseClass.java:39)
	at org.base.BaseClass.edgeBrowser(BaseClass.java:39)
	at org.base.BaseClass.edgeBrowser(BaseClass.java:39)
	at org.base.BaseClass.edgeBrowser(BaseClass.java:39)
	at org.base.BaseClass.edgeBrowser(BaseClass.java:39)
	at org.base.BaseClass.edgeBrowser(BaseClass.java:39)
	at org.base.BaseClass.edgeBrowser(BaseClass.java:39)
	at org.base.BaseClass.edgeBrowser(BaseClass.java:39)
	at org.base.BaseClass.edgeBrowser(BaseClass.java:39)
	at org.base.BaseClass.edgeBrowser(BaseClass.java:39)
	at org.base.BaseClass.edgeBrowser(BaseClass.java:39)
	at org.base.BaseClass.edgeBrowser(BaseClass.java:39)
	at org.base.BaseClass.edgeBrowser(BaseClass.java:39)
	at org.base.BaseClass.edgeBrowser(BaseClass.java:39)
	at org.base.BaseClass.edgeBrowser(BaseClass.java:39)
	at org.base.BaseClass.edgeBrowser(BaseClass.java:39)
	at org.base.BaseClass.edgeBrowser(BaseClass.java:39)
	at org.base.BaseClass.edgeBrowser(BaseClass.java:39)
	at org.base.BaseClass.edgeBrowser(BaseClass.java:39)
	at org.base.BaseClass.edgeBrowser(BaseClass.java:39)
	at org.base.BaseClass.edgeBrowser(BaseClass.java:39)
	at org.base.BaseClass.edgeBrowser(BaseClass.java:39)
	at org.base.BaseClass.edgeBrowser(BaseClass.java:39)
	at org.base.BaseClass.edgeBrowser(BaseClass.java:39)
	at org.base.BaseClass.edgeBrowser(BaseClass.java:39)
	at org.base.BaseClass.edgeBrowser(BaseClass.java:39)
	at org.base.BaseClass.edgeBrowser(BaseClass.java:39)
	at org.base.BaseClass.edgeBrowser(BaseClass.java:39)
	at org.base.BaseClass.edgeBrowser(BaseClass.java:39)
	at org.base.BaseClass.edgeBrowser(BaseClass.java:39)
	at org.base.BaseClass.edgeBrowser(BaseClass.java:39)
	at org.base.BaseClass.edgeBrowser(BaseClass.java:39)
	at org.base.BaseClass.edgeBrowser(BaseClass.java:39)
	at org.base.BaseClass.edgeBrowser(BaseClass.java:39)
	at org.base.BaseClass.edgeBrowser(BaseClass.java:39)
	at org.base.BaseClass.edgeBrowser(BaseClass.java:39)
	at org.base.BaseClass.edgeBrowser(BaseClass.java:39)
[...]
	at org.base.BaseClass.edgeBrowser(BaseClass.java:39)
	at org.base.BaseClass.edgeBrowser(BaseClass.java:39)
	at org.base.BaseClass.edgeBrowser(BaseClass.java:39)
	at org.base.BaseClass.edgeBrowser(BaseClass.java:39)
	at org.base.BaseClass.edgeBrowser(BaseClass.java:39)
	at org.base.BaseClass.edgeBrowser(BaseClass.java:39)
	at org.base.BaseClass.edgeBrowser(BaseClass.java:39)
	at org.base.BaseClass.edgeBrowser(BaseClass.java:39)
	at org.base.BaseClass.edgeBrowser(BaseClass.java:39)
	at org.base.BaseClass.edgeBrowser(BaseClass.java:39)
	at org.base.BaseClass.edgeBrowser(BaseClass.java:39)
	at org.base.BaseClass.edgeBrowser(BaseClass.java:39)
	at org.base.BaseClass.edgeBrowser(BaseClass.java:39)
	at org.base.BaseClass.edgeBrowser(BaseClass.java:39)
	at org.base.BaseClass.edgeBrowser(BaseClass.java:39)
	at org.base.BaseClass.edgeBrowser(BaseClass.java:39)
	at org.base.BaseClass.edgeBrowser(BaseClass.java:39)
	at org.base.BaseClass.edgeBrowser(BaseClass.java:39)
	at org.base.BaseClass.edgeBrowser(BaseClass.java:39)
	at org.base.BaseClass.edgeBrowser(BaseClass.java:39)
	at org.base.BaseClass.edgeBrowser(BaseClass.java:39)
	at org.base.BaseClass.edgeBrowser(BaseClass.java:39)
	at org.base.BaseClass.edgeBrowser(BaseClass.java:39)
	at org.base.BaseClass.edgeBrowser(BaseClass.java:39)
	at org.base.BaseClass.edgeBrowser(BaseClass.java:39)
	at org.base.BaseClass.edgeBrowser(BaseClass.java:39)
	at org.base.BaseClass.edgeBrowser(BaseClass.java:39)
	at org.base.BaseClass.edgeBrowser(BaseClass.java:39)
	at org.base.BaseClass.edgeBrowser(BaseClass.java:39)
	at org.base.BaseClass.edgeBrowser(BaseClass.java:39)
	at org.base.BaseClass.edgeBrowser(BaseClass.java:39)
	at org.base.BaseClass.edgeBrowser(BaseClass.java:39)
	at org.base.BaseClass.edgeBrowser(BaseClass.java:39)
	at org.base.BaseClass.edgeBrowser(BaseClass.java:39)
	at org.base.BaseClass.edgeBrowser(BaseClass.java:39)
	at org.base.BaseClass.edgeBrowser(BaseClass.java:39)
	at org.base.BaseClass.edgeBrowser(BaseClass.java:39)
	at org.base.BaseClass.edgeBrowser(BaseClass.java:39)
	at org.base.BaseClass.edgeBrowser(BaseClass.java:39)
	at org.base.BaseClass.edgeBrowser(BaseClass.java:39)
	at org.base.BaseClass.edgeBrowser(BaseClass.java:39)
	at org.base.BaseClass.edgeBrowser(BaseClass.java:39)
	at org.base.BaseClass.edgeBrowser(BaseClass.java:39)
	at org.base.BaseClass.edgeBrowser(BaseClass.java:39)
	at org.base.BaseClass.edgeBrowser(BaseClass.java:39)
	at org.base.BaseClass.edgeBrowser(BaseClass.java:39)
	at org.base.BaseClass.edgeBrowser(BaseClass.java:39)
	at org.base.BaseClass.edgeBrowser(BaseClass.java:39)
	at org.base.BaseClass.edgeBrowser(BaseClass.java:39)
	at org.base.BaseClass.edgeBrowser(BaseClass.java:39)
	at org.base.BaseClass.edgeBrowser(BaseClass.java:39)
	at org.base.BaseClass.edgeBrowser(BaseClass.java:39)
	at org.base.BaseClass.edgeBrowser(BaseClass.java:39)
	at org.base.BaseClass.edgeBrowser(BaseClass.java:39)
	at org.base.BaseClass.edgeBrowser(BaseClass.java:39)
	at org.base.BaseClass.edgeBrowser(BaseClass.java:39)
	at org.base.BaseClass.edgeBrowser(BaseClass.java:39)
	at org.base.BaseClass.edgeBrowser(BaseClass.java:39)
	at org.base.BaseClass.edgeBrowser(BaseClass.java:39)
	at org.base.BaseClass.edgeBrowser(BaseClass.java:39)
	at org.base.BaseClass.edgeBrowser(BaseClass.java:39)
	at org.base.BaseClass.edgeBrowser(BaseClass.java:39)
	at org.base.BaseClass.edgeBrowser(BaseClass.java:39)
	at org.base.BaseClass.edgeBrowser(BaseClass.java:39)
	at org.base.BaseClass.edgeBrowser(BaseClass.java:39)
	at org.base.BaseClass.edgeBrowser(BaseClass.java:39)
	at org.base.BaseClass.edgeBrowser(BaseClass.java:39)
	at org.base.BaseClass.edgeBrowser(BaseClass.java:39)
	at org.base.BaseClass.edgeBrowser(BaseClass.java:39)
	at org.base.BaseClass.edgeBrowser(BaseClass.java:39)
	at org.base.BaseClass.edgeBrowser(BaseClass.java:39)
	at org.base.BaseClass.edgeBrowser(BaseClass.java:39)
	at org.base.BaseClass.edgeBrowser(BaseClass.java:39)
	at org.base.BaseClass.edgeBrowser(BaseClass.java:39)
	at org.base.BaseClass.edgeBrowser(BaseClass.java:39)
	at org.base.BaseClass.edgeBrowser(BaseClass.java:39)
	at org.base.BaseClass.edgeBrowser(BaseClass.java:39)
	at org.base.BaseClass.edgeBrowser(BaseClass.java:39)
	at org.base.BaseClass.edgeBrowser(BaseClass.java:39)
	at org.base.BaseClass.edgeBrowser(BaseClass.java:39)
	at org.base.BaseClass.edgeBrowser(BaseClass.java:39)
	at org.base.BaseClass.edgeBrowser(BaseClass.java:39)
	at org.base.BaseClass.edgeBrowser(BaseClass.java:39)
	at org.base.BaseClass.edgeBrowser(BaseClass.java:39)
	at org.base.BaseClass.edgeBrowser(BaseClass.java:39)
	at org.base.BaseClass.edgeBrowser(BaseClass.java:39)
	at org.base.BaseClass.edgeBrowser(BaseClass.java:39)
	at org.base.BaseClass.edgeBrowser(BaseClass.java:39)
	at org.base.BaseClass.edgeBrowser(BaseClass.java:39)
	at org.base.BaseClass.edgeBrowser(BaseClass.java:39)
	at org.base.BaseClass.edgeBrowser(BaseClass.java:39)
	at org.base.BaseClass.edgeBrowser(BaseClass.java:39)
	at org.base.BaseClass.edgeBrowser(BaseClass.java:39)
	at org.base.BaseClass.edgeBrowser(BaseClass.java:39)
	at org.base.BaseClass.edgeBrowser(BaseClass.java:39)
	at org.base.BaseClass.edgeBrowser(BaseClass.java:39)
	at org.base.BaseClass.edgeBrowser(BaseClass.java:39)
	at org.base.BaseClass.edgeBrowser(BaseClass.java:39)
	at org.base.BaseClass.edgeBrowser(BaseClass.java:39)
	at org.base.BaseClass.edgeBrowser(BaseClass.java:39)
	at org.base.BaseClass.edgeBrowser(BaseClass.java:39)
	at org.base.BaseClass.edgeBrowser(BaseClass.java:39)
	at org.base.BaseClass.edgeBrowser(BaseClass.java:39)
	at org.base.BaseClass.edgeBrowser(BaseClass.java:39)
	at org.base.BaseClass.edgeBrowser(BaseClass.java:39)
	at org.base.BaseClass.edgeBrowser(BaseClass.java:39)
	at org.base.BaseClass.edgeBrowser(BaseClass.java:39)
	at org.base.BaseClass.edgeBrowser(BaseClass.java:39)
	at org.base.BaseClass.edgeBrowser(BaseClass.java:39)
	at org.base.BaseClass.edgeBrowser(BaseClass.java:39)
	at org.base.BaseClass.edgeBrowser(BaseClass.java:39)
	at org.base.BaseClass.edgeBrowser(BaseClass.java:39)
	at org.base.BaseClass.edgeBrowser(BaseClass.java:39)
	at org.base.BaseClass.edgeBrowser(BaseClass.java:39)
	at org.base.BaseClass.edgeBrowser(BaseClass.java:39)
	at org.base.BaseClass.edgeBrowser(BaseClass.java:39)
	at org.base.BaseClass.edgeBrowser(BaseClass.java:39)
	at org.base.BaseClass.edgeBrowser(BaseClass.java:39)
	at org.base.BaseClass.edgeBrowser(BaseClass.java:39)
	at org.base.BaseClass.edgeBrowser(BaseClass.java:39)
	at org.base.BaseClass.edgeBrowser(BaseClass.java:39)
	at org.base.BaseClass.edgeBrowser(BaseClass.java:39)
	at org.base.BaseClass.edgeBrowser(BaseClass.java:39)
	at org.base.BaseClass.edgeBrowser(BaseClass.java:39)
	at org.base.BaseClass.edgeBrowser(BaseClass.java:39)
	at org.base.BaseClass.edgeBrowser(BaseClass.java:39)
	at org.base.BaseClass.edgeBrowser(BaseClass.java:39)
	at org.base.BaseClass.edgeBrowser(BaseClass.java:39)
	at org.base.BaseClass.edgeBrowser(BaseClass.java:39)
	at org.base.BaseClass.edgeBrowser(BaseClass.java:39)
	at org.base.BaseClass.edgeBrowser(BaseClass.java:39)
	at org.base.BaseClass.edgeBrowser(BaseClass.java:39)
	at org.base.BaseClass.edgeBrowser(BaseClass.java:39)
	at org.base.BaseClass.edgeBrowser(BaseClass.java:39)
	at org.base.BaseClass.edgeBrowser(BaseClass.java:39)
	at org.base.BaseClass.edgeBrowser(BaseClass.java:39)
	at org.base.BaseClass.edgeBrowser(BaseClass.java:39)
	at org.base.BaseClass.edgeBrowser(BaseClass.java:39)
	at org.base.BaseClass.edgeBrowser(BaseClass.java:39)
	at org.base.BaseClass.edgeBrowser(BaseClass.java:39)
	at org.base.BaseClass.edgeBrowser(BaseClass.java:39)
	at org.base.BaseClass.edgeBrowser(BaseClass.java:39)
	at org.base.BaseClass.edgeBrowser(BaseClass.java:39)
	at org.base.BaseClass.edgeBrowser(BaseClass.java:39)
	at org.base.BaseClass.edgeBrowser(BaseClass.java:39)
	at org.base.BaseClass.edgeBrowser(BaseClass.java:39)
	at org.base.BaseClass.edgeBrowser(BaseClass.java:39)
	at org.base.BaseClass.edgeBrowser(BaseClass.java:39)
	at org.base.BaseClass.edgeBrowser(BaseClass.java:39)
	at org.base.BaseClass.edgeBrowser(BaseClass.java:39)
	at org.base.BaseClass.edgeBrowser(BaseClass.java:39)
	at org.base.BaseClass.edgeBrowser(BaseClass.java:39)
	at org.base.BaseClass.edgeBrowser(BaseClass.java:39)
	at org.base.BaseClass.edgeBrowser(BaseClass.java:39)
	at org.base.BaseClass.edgeBrowser(BaseClass.java:39)
	at org.base.BaseClass.edgeBrowser(BaseClass.java:39)
	at org.base.BaseClass.edgeBrowser(BaseClass.java:39)
	at org.base.BaseClass.edgeBrowser(BaseClass.java:39)
	at org.base.BaseClass.edgeBrowser(BaseClass.java:39)
	at org.base.BaseClass.edgeBrowser(BaseClass.java:39)
	at org.base.BaseClass.edgeBrowser(BaseClass.java:39)
	at org.base.BaseClass.edgeBrowser(BaseClass.java:39)
	at org.base.BaseClass.edgeBrowser(BaseClass.java:39)
	at org.base.BaseClass.edgeBrowser(BaseClass.java:39)
	at org.base.BaseClass.edgeBrowser(BaseClass.java:39)
	at org.base.BaseClass.edgeBrowser(BaseClass.java:39)
	at org.base.BaseClass.edgeBrowser(BaseClass.java:39)
	at org.base.BaseClass.edgeBrowser(BaseClass.java:39)
	at org.base.BaseClass.edgeBrowser(BaseClass.java:39)
	at org.base.BaseClass.edgeBrowser(BaseClass.java:39)
	at org.base.BaseClass.edgeBrowser(BaseClass.java:39)
	at org.base.BaseClass.edgeBrowser(BaseClass.java:39)
	at org.base.BaseClass.edgeBrowser(BaseClass.java:39)
	at org.base.BaseClass.edgeBrowser(BaseClass.java:39)
	at org.base.BaseClass.edgeBrowser(BaseClass.java:39)
	at org.base.BaseClass.edgeBrowser(BaseClass.java:39)
	at org.base.BaseClass.edgeBrowser(BaseClass.java:39)
	at org.base.BaseClass.edgeBrowser(BaseClass.java:39)
	at org.base.BaseClass.edgeBrowser(BaseClass.java:39)
	at org.base.BaseClass.edgeBrowser(BaseClass.java:39)
	at org.base.BaseClass.edgeBrowser(BaseClass.java:39)
	at org.base.BaseClass.edgeBrowser(BaseClass.java:39)
	at org.base.BaseClass.edgeBrowser(BaseClass.java:39)
	at org.base.BaseClass.edgeBrowser(BaseClass.java:39)
	at org.base.BaseClass.edgeBrowser(BaseClass.java:39)
	at org.base.BaseClass.edgeBrowser(BaseClass.java:39)
	at org.base.BaseClass.edgeBrowser(BaseClass.java:39)
	at org.base.BaseClass.edgeBrowser(BaseClass.java:39)
	at org.base.BaseClass.edgeBrowser(BaseClass.java:39)
	at org.base.BaseClass.edgeBrowser(BaseClass.java:39)
	at org.base.BaseClass.edgeBrowser(BaseClass.java:39)
	at org.base.BaseClass.edgeBrowser(BaseClass.java:39)
	at org.base.BaseClass.edgeBrowser(BaseClass.java:39)
	at org.base.BaseClass.edgeBrowser(BaseClass.java:39)
	at org.base.BaseClass.edgeBrowser(BaseClass.java:39)
	at org.base.BaseClass.edgeBrowser(BaseClass.java:39)
	at org.base.BaseClass.edgeBrowser(BaseClass.java:39)
	at org.base.BaseClass.edgeBrowser(BaseClass.java:39)
	at org.base.BaseClass.edgeBrowser(BaseClass.java:39)
	at org.base.BaseClass.edgeBrowser(BaseClass.java:39)
	at org.base.BaseClass.edgeBrowser(BaseClass.java:39)
	at org.base.BaseClass.edgeBrowser(BaseClass.java:39)
	at org.base.BaseClass.edgeBrowser(BaseClass.java:39)
	at org.base.BaseClass.edgeBrowser(BaseClass.java:39)
	at org.base.BaseClass.edgeBrowser(BaseClass.java:39)
	at org.base.BaseClass.edgeBrowser(BaseClass.java:39)
	at org.base.BaseClass.edgeBrowser(BaseClass.java:39)
	at org.base.BaseClass.edgeBrowser(BaseClass.java:39)
	at org.base.BaseClass.edgeBrowser(BaseClass.java:39)
	at org.base.BaseClass.edgeBrowser(BaseClass.java:39)
	at org.base.BaseClass.edgeBrowser(BaseClass.java:39)
	at org.base.BaseClass.edgeBrowser(BaseClass.java:39)
	at org.base.BaseClass.edgeBrowser(BaseClass.java:39)
	at org.base.BaseClass.edgeBrowser(BaseClass.java:39)
	at org.base.BaseClass.edgeBrowser(BaseClass.java:39)
	at org.base.BaseClass.edgeBrowser(BaseClass.java:39)
	at org.base.BaseClass.edgeBrowser(BaseClass.java:39)
	at org.base.BaseClass.edgeBrowser(BaseClass.java:39)
	at org.base.BaseClass.edgeBrowser(BaseClass.java:39)
	at org.base.BaseClass.edgeBrowser(BaseClass.java:39)
	at org.base.BaseClass.edgeBrowser(BaseClass.java:39)
	at org.base.BaseClass.edgeBrowser(BaseClass.java:39)
	at org.base.BaseClass.edgeBrowser(BaseClass.java:39)
	at org.base.BaseClass.edgeBrowser(BaseClass.java:39)
	at org.base.BaseClass.edgeBrowser(BaseClass.java:39)
	at org.base.BaseClass.edgeBrowser(BaseClass.java:39)
	at org.base.BaseClass.edgeBrowser(BaseClass.java:39)
	at org.base.BaseClass.edgeBrowser(BaseClass.java:39)
	at org.base.BaseClass.edgeBrowser(BaseClass.java:39)
	at org.base.BaseClass.edgeBrowser(BaseClass.java:39)
	at org.base.BaseClass.edgeBrowser(BaseClass.java:39)
	at org.base.BaseClass.edgeBrowser(BaseClass.java:39)
	at org.base.BaseClass.edgeBrowser(BaseClass.java:39)
	at org.base.BaseClass.edgeBrowser(BaseClass.java:39)
	at org.base.BaseClass.edgeBrowser(BaseClass.java:39)
	at org.base.BaseClass.edgeBrowser(BaseClass.java:39)
	at org.base.BaseClass.edgeBrowser(BaseClass.java:39)
	at org.base.BaseClass.edgeBrowser(BaseClass.java:39)
	at org.base.BaseClass.edgeBrowser(BaseClass.java:39)
	at org.base.BaseClass.edgeBrowser(BaseClass.java:39)
	at org.base.BaseClass.edgeBrowser(BaseClass.java:39)
	at org.base.BaseClass.edgeBrowser(BaseClass.java:39)
	at org.base.BaseClass.edgeBrowser(BaseClass.java:39)
	at org.base.BaseClass.edgeBrowser(BaseClass.java:39)
	at org.base.BaseClass.edgeBrowser(BaseClass.java:39)
	at org.base.BaseClass.edgeBrowser(BaseClass.java:39)
	at org.base.BaseClass.edgeBrowser(BaseClass.java:39)
	at org.base.BaseClass.edgeBrowser(BaseClass.java:39)
	at org.base.BaseClass.edgeBrowser(BaseClass.java:39)
	at org.base.BaseClass.edgeBrowser(BaseClass.java:39)
	at org.base.BaseClass.edgeBrowser(BaseClass.java:39)
	at org.base.BaseClass.edgeBrowser(BaseClass.java:39)
	at org.base.BaseClass.edgeBrowser(BaseClass.java:39)
	at org.base.BaseClass.edgeBrowser(BaseClass.java:39)
	at org.base.BaseClass.edgeBrowser(BaseClass.java:39)
	at org.base.BaseClass.edgeBrowser(BaseClass.java:39)
	at org.base.BaseClass.edgeBrowser(BaseClass.java:39)
	at org.base.BaseClass.edgeBrowser(BaseClass.java:39)
	at org.base.BaseClass.edgeBrowser(BaseClass.java:39)
	at org.base.BaseClass.edgeBrowser(BaseClass.java:39)
	at org.base.BaseClass.edgeBrowser(BaseClass.java:39)
	at org.base.BaseClass.edgeBrowser(BaseClass.java:39)
	at org.base.BaseClass.edgeBrowser(BaseClass.java:39)
	at org.base.BaseClass.edgeBrowser(BaseClass.java:39)
	at org.base.BaseClass.edgeBrowser(BaseClass.java:39)
	at org.base.BaseClass.edgeBrowser(BaseClass.java:39)
	at org.base.BaseClass.edgeBrowser(BaseClass.java:39)
	at org.base.BaseClass.edgeBrowser(BaseClass.java:39)
	at org.base.BaseClass.edgeBrowser(BaseClass.java:39)
	at org.base.BaseClass.edgeBrowser(BaseClass.java:39)
	at org.base.BaseClass.edgeBrowser(BaseClass.java:39)
	at org.base.BaseClass.edgeBrowser(BaseClass.java:39)
	at org.base.BaseClass.edgeBrowser(BaseClass.java:39)
	at org.base.BaseClass.edgeBrowser(BaseClass.java:39)
	at org.base.BaseClass.edgeBrowser(BaseClass.java:39)
	at org.base.BaseClass.edgeBrowser(BaseClass.java:39)
	at org.base.BaseClass.edgeBrowser(BaseClass.java:39)
	at org.base.BaseClass.edgeBrowser(BaseClass.java:39)
	at org.base.BaseClass.edgeBrowser(BaseClass.java:39)
	at org.base.BaseClass.edgeBrowser(BaseClass.java:39)
	at org.base.BaseClass.edgeBrowser(BaseClass.java:39)
	at org.base.BaseClass.edgeBrowser(BaseClass.java:39)
	at org.base.BaseClass.edgeBrowser(BaseClass.java:39)
	at org.base.BaseClass.edgeBrowser(BaseClass.java:39)
	at org.base.BaseClass.edgeBrowser(BaseClass.java:39)
	at org.base.BaseClass.edgeBrowser(BaseClass.java:39)
	at org.base.BaseClass.edgeBrowser(BaseClass.java:39)
	at org.base.BaseClass.edgeBrowser(BaseClass.java:39)
	at org.base.BaseClass.edgeBrowser(BaseClass.java:39)
	at org.base.BaseClass.edgeBrowser(BaseClass.java:39)
	at org.base.BaseClass.edgeBrowser(BaseClass.java:39)
	at org.base.BaseClass.edgeBrowser(BaseClass.java:39)
	at org.base.BaseClass.edgeBrowser(BaseClass.java:39)
	at org.base.BaseClass.edgeBrowser(BaseClass.java:39)
	at org.base.BaseClass.edgeBrowser(BaseClass.java:39)
	at org.base.BaseClass.edgeBrowser(BaseClass.java:39)
	at org.base.BaseClass.edgeBrowser(BaseClass.java:39)
	at org.base.BaseClass.edgeBrowser(BaseClass.java:39)
	at org.base.BaseClass.edgeBrowser(BaseClass.java:39)
	at org.base.BaseClass.edgeBrowser(BaseClass.java:39)
	at org.base.BaseClass.edgeBrowser(BaseClass.java:39)
	at org.base.BaseClass.edgeBrowser(BaseClass.java:39)
	at org.base.BaseClass.edgeBrowser(BaseClass.java:39)
	at org.base.BaseClass.edgeBrowser(BaseClass.java:39)
	at org.base.BaseClass.edgeBrowser(BaseClass.java:39)
	at org.base.BaseClass.edgeBrowser(BaseClass.java:39)
	at org.base.BaseClass.edgeBrowser(BaseClass.java:39)
	at org.base.BaseClass.edgeBrowser(BaseClass.java:39)
	at org.base.BaseClass.edgeBrowser(BaseClass.java:39)
	at org.base.BaseClass.edgeBrowser(BaseClass.java:39)
	at org.base.BaseClass.edgeBrowser(BaseClass.java:39)
	at org.base.BaseClass.edgeBrowser(BaseClass.java:39)
	at org.base.BaseClass.edgeBrowser(BaseClass.java:39)
	at org.base.BaseClass.edgeBrowser(BaseClass.java:39)
	at org.base.BaseClass.edgeBrowser(BaseClass.java:39)
	at org.base.BaseClass.edgeBrowser(BaseClass.java:39)
	at org.base.BaseClass.edgeBrowser(BaseClass.java:39)
	at org.base.BaseClass.edgeBrowser(BaseClass.java:39)
	at org.base.BaseClass.edgeBrowser(BaseClass.java:39)
	at org.base.BaseClass.edgeBrowser(BaseClass.java:39)
	at org.base.BaseClass.edgeBrowser(BaseClass.java:39)
	at org.base.BaseClass.edgeBrowser(BaseClass.java:39)
	at org.base.BaseClass.edgeBrowser(BaseClass.java:39)
	at org.base.BaseClass.edgeBrowser(BaseClass.java:39)
	at org.base.BaseClass.edgeBrowser(BaseClass.java:39)
	at org.base.BaseClass.edgeBrowser(BaseClass.java:39)
	at org.base.BaseClass.edgeBrowser(BaseClass.java:39)
	at org.base.BaseClass.edgeBrowser(BaseClass.java:39)
	at org.base.BaseClass.edgeBrowser(BaseClass.java:39)
	at org.base.BaseClass.edgeBrowser(BaseClass.java:39)
	at org.base.BaseClass.edgeBrowser(BaseClass.java:39)
	at org.base.BaseClass.edgeBrowser(BaseClass.java:39)
	at org.base.BaseClass.edgeBrowser(BaseClass.java:39)
	at org.base.BaseClass.edgeBrowser(BaseClass.java:39)
	at org.base.BaseClass.edgeBrowser(BaseClass.java:39)
	at org.base.BaseClass.edgeBrowser(BaseClass.java:39)
	at org.base.BaseClass.edgeBrowser(BaseClass.java:39)
	at org.base.BaseClass.edgeBrowser(BaseClass.java:39)
	at org.base.BaseClass.edgeBrowser(BaseClass.java:39)
	at org.base.BaseClass.edgeBrowser(BaseClass.java:39)
	at org.base.BaseClass.edgeBrowser(BaseClass.java:39)
	at org.base.BaseClass.edgeBrowser(BaseClass.java:39)
	at org.base.BaseClass.edgeBrowser(BaseClass.java:39)
	at org.base.BaseClass.edgeBrowser(BaseClass.java:39)
	at org.base.BaseClass.edgeBrowser(BaseClass.java:39)
	at org.base.BaseClass.edgeBrowser(BaseClass.java:39)
	at org.base.BaseClass.edgeBrowser(BaseClass.java:39)
	at org.base.BaseClass.edgeBrowser(BaseClass.java:39)
	at org.base.BaseClass.edgeBrowser(BaseClass.java:39)
	at org.base.BaseClass.edgeBrowser(BaseClass.java:39)
	at org.base.BaseClass.edgeBrowser(BaseClass.java:39)
	at org.base.BaseClass.edgeBrowser(BaseClass.java:39)
	at org.base.BaseClass.edgeBrowser(BaseClass.java:39)
	at org.base.BaseClass.edgeBrowser(BaseClass.java:39)
	at org.base.BaseClass.edgeBrowser(BaseClass.java:39)
	at org.base.BaseClass.edgeBrowser(BaseClass.java:39)
	at org.base.BaseClass.edgeBrowser(BaseClass.java:39)
	at org.base.BaseClass.edgeBrowser(BaseClass.java:39)
	at org.base.BaseClass.edgeBrowser(BaseClass.java:39)
	at org.base.BaseClass.edgeBrowser(BaseClass.java:39)
	at org.base.BaseClass.edgeBrowser(BaseClass.java:39)
	at org.base.BaseClass.edgeBrowser(BaseClass.java:39)
	at org.base.BaseClass.edgeBrowser(BaseClass.java:39)
	at org.base.BaseClass.edgeBrowser(BaseClass.java:39)
	at org.base.BaseClass.edgeBrowser(BaseClass.java:39)
	at org.base.BaseClass.edgeBrowser(BaseClass.java:39)
	at org.base.BaseClass.edgeBrowser(BaseClass.java:39)
	at org.base.BaseClass.edgeBrowser(BaseClass.java:39)
]]>
    </error>
  </testcase> <!-- test2 -->
</testsuite> <!-- org.sample.Sample1 -->
